[ 50%] [32mBuilding CXX object CMakeFiles/node2.dir/src/node2.cpp.o[0m
[ 75%] Built target node1
In file included from [01m[K/opt/ros/humble/include/rclcpp/rclcpp/logging.hpp:24[m[K,
                 from [01m[K/opt/ros/humble/include/rclcpp/rclcpp/client.hpp:40[m[K,
                 from [01m[K/opt/ros/humble/include/rclcpp/rclcpp/callback_group.hpp:23[m[K,
                 from [01m[K/opt/ros/humble/include/rclcpp/rclcpp/any_executable.hpp:20[m[K,
                 from [01m[K/opt/ros/humble/include/rclcpp/rclcpp/memory_strategy.hpp:25[m[K,
                 from [01m[K/opt/ros/humble/include/rclcpp/rclcpp/memory_strategies.hpp:18[m[K,
                 from [01m[K/opt/ros/humble/include/rclcpp/rclcpp/executor_options.hpp:20[m[K,
                 from [01m[K/opt/ros/humble/include/rclcpp/rclcpp/executor.hpp:37[m[K,
                 from [01m[K/opt/ros/humble/include/rclcpp/rclcpp/executors/multi_threaded_executor.hpp:25[m[K,
                 from [01m[K/opt/ros/humble/include/rclcpp/rclcpp/executors.hpp:21[m[K,
                 from [01m[K/opt/ros/humble/include/rclcpp/rclcpp/rclcpp.hpp:155[m[K,
                 from [01m[K/home/ben/SNAKE/SOURCE/ros2/src/nodes_pkg/src/node2.cpp:6[m[K:
[01m[K/home/ben/SNAKE/SOURCE/ros2/src/nodes_pkg/src/node2.cpp:[m[K In member function ‘[01m[Kvoid MinimalPublisher::timer_callback()[m[K’:
[01m[K/home/ben/SNAKE/SOURCE/ros2/src/nodes_pkg/src/node2.cpp:34:39:[m[K [01;35m[Kwarning: [m[Kformat ‘[01m[K%d[m[K’ expects argument of type ‘[01m[Kint[m[K’, but argument 5 has type ‘[01m[Kdouble[m[K’ [[01;35m[K]8;;https://gcc.gnu.org/onlinedocs/gcc/Warning-Options.html#index-Wformat=-Wformat=]8;;[m[K]
   34 |       RCLCPP_INFO(this->get_logger(), [01;35m[K"Publishing: '%d'"[m[K, message.data[0]);
      |                                       [01;35m[K^~~~~~~~~~~~~~~~~~[m[K
[01m[K/home/ben/SNAKE/SOURCE/ros2/src/nodes_pkg/src/node2.cpp:34:54:[m[K [01;36m[Knote: [m[Kformat string is defined here
   34 |       RCLCPP_INFO(this->get_logger(), "Publishing: '[01;36m[K%d[m[K'", message.data[0]);
      |                                                     [01;36m[K~^[m[K
      |                                                      [01;36m[K|[m[K
      |                                                      [01;36m[Kint[m[K
      |                                                     [32m[K%f[m[K
[100%] [32m[1mLinking CXX executable node2[0m
[100%] Built target node2
-- Install configuration: ""
-- Up-to-date: /home/ben/SNAKE/SOURCE/ros2/install/nodes_pkg/lib/nodes_pkg/node1
-- Installing: /home/ben/SNAKE/SOURCE/ros2/install/nodes_pkg/lib/nodes_pkg/node2
-- Set runtime path of "/home/ben/SNAKE/SOURCE/ros2/install/nodes_pkg/lib/nodes_pkg/node2" to ""
-- Up-to-date: /home/ben/SNAKE/SOURCE/ros2/install/nodes_pkg/share/ament_index/resource_index/package_run_dependencies/nodes_pkg
-- Up-to-date: /home/ben/SNAKE/SOURCE/ros2/install/nodes_pkg/share/ament_index/resource_index/parent_prefix_path/nodes_pkg
-- Up-to-date: /home/ben/SNAKE/SOURCE/ros2/install/nodes_pkg/share/nodes_pkg/environment/ament_prefix_path.sh
-- Up-to-date: /home/ben/SNAKE/SOURCE/ros2/install/nodes_pkg/share/nodes_pkg/environment/ament_prefix_path.dsv
-- Up-to-date: /home/ben/SNAKE/SOURCE/ros2/install/nodes_pkg/share/nodes_pkg/environment/path.sh
-- Up-to-date: /home/ben/SNAKE/SOURCE/ros2/install/nodes_pkg/share/nodes_pkg/environment/path.dsv
-- Up-to-date: /home/ben/SNAKE/SOURCE/ros2/install/nodes_pkg/share/nodes_pkg/local_setup.bash
-- Up-to-date: /home/ben/SNAKE/SOURCE/ros2/install/nodes_pkg/share/nodes_pkg/local_setup.sh
-- Up-to-date: /home/ben/SNAKE/SOURCE/ros2/install/nodes_pkg/share/nodes_pkg/local_setup.zsh
-- Up-to-date: /home/ben/SNAKE/SOURCE/ros2/install/nodes_pkg/share/nodes_pkg/local_setup.dsv
-- Installing: /home/ben/SNAKE/SOURCE/ros2/install/nodes_pkg/share/nodes_pkg/package.dsv
-- Up-to-date: /home/ben/SNAKE/SOURCE/ros2/install/nodes_pkg/share/ament_index/resource_index/packages/nodes_pkg
-- Up-to-date: /home/ben/SNAKE/SOURCE/ros2/install/nodes_pkg/share/nodes_pkg/cmake/nodes_pkgConfig.cmake
-- Up-to-date: /home/ben/SNAKE/SOURCE/ros2/install/nodes_pkg/share/nodes_pkg/cmake/nodes_pkgConfig-version.cmake
-- Up-to-date: /home/ben/SNAKE/SOURCE/ros2/install/nodes_pkg/share/nodes_pkg/package.xml
