[0.470s] DEBUG:colcon:Command line arguments: ['/usr/bin/colcon', 'build']
[0.470s] DEBUG:colcon:Parsed command line arguments: Namespace(log_base=None, log_level=None, verb_name='build', build_base='build', install_base='install', merge_install=False, symlink_install=False, test_result_base=None, continue_on_error=False, executor='parallel', parallel_workers=3, event_handlers=None, ignore_user_meta=False, metas=['./colcon.meta'], base_paths=['.'], packages_ignore=None, packages_ignore_regex=None, paths=None, packages_up_to=None, packages_up_to_regex=None, packages_above=None, packages_above_and_dependencies=None, packages_above_depth=None, packages_select_by_dep=None, packages_skip_by_dep=None, packages_skip_up_to=None, packages_select_build_failed=False, packages_skip_build_finished=False, packages_select_test_failures=False, packages_skip_test_passed=False, packages_select=None, packages_skip=None, packages_select_regex=None, packages_skip_regex=None, packages_start=None, packages_end=None, allow_overriding=[], cmake_args=None, cmake_target=None, cmake_target_skip_unavailable=False, cmake_clean_cache=False, cmake_clean_first=False, cmake_force_configure=False, ament_cmake_args=None, catkin_cmake_args=None, catkin_skip_building_tests=False, verb_parser=<colcon_defaults.argument_parser.defaults.DefaultArgumentsDecorator object at 0x7ff56822c5e0>, verb_extension=<colcon_core.verb.build.BuildVerb object at 0x7ff568b7d120>, main=<bound method BuildVerb.main of <colcon_core.verb.build.BuildVerb object at 0x7ff568b7d120>>)
[0.512s] Level 1:colcon.colcon_core.package_discovery:discover_packages(colcon_meta) check parameters
[0.512s] Level 1:colcon.colcon_core.package_discovery:discover_packages(recursive) check parameters
[0.512s] Level 1:colcon.colcon_core.package_discovery:discover_packages(ignore) check parameters
[0.512s] Level 1:colcon.colcon_core.package_discovery:discover_packages(path) check parameters
[0.512s] Level 1:colcon.colcon_core.package_discovery:discover_packages(colcon_meta) discover
[0.512s] Level 1:colcon.colcon_core.package_discovery:discover_packages(recursive) discover
[0.512s] INFO:colcon.colcon_core.package_discovery:Crawling recursively for packages in '/home/ben/SNAKE/SOURCE/ros2'
[0.512s] Level 1:colcon.colcon_core.package_identification:_identify(.) by extensions ['ignore', 'ignore_ament_install']
[0.512s] Level 1:colcon.colcon_core.package_identification:_identify(.) by extension 'ignore'
[0.512s] Level 1:colcon.colcon_core.package_identification:_identify(.) by extension 'ignore_ament_install'
[0.512s] Level 1:colcon.colcon_core.package_identification:_identify(.) by extensions ['colcon_pkg']
[0.513s] Level 1:colcon.colcon_core.package_identification:_identify(.) by extension 'colcon_pkg'
[0.513s] Level 1:colcon.colcon_core.package_identification:_identify(.) by extensions ['colcon_meta']
[0.513s] Level 1:colcon.colcon_core.package_identification:_identify(.) by extension 'colcon_meta'
[0.513s] Level 1:colcon.colcon_core.package_identification:_identify(.) by extensions ['ros']
[0.513s] Level 1:colcon.colcon_core.package_identification:_identify(.) by extension 'ros'
[0.529s] Level 1:colcon.colcon_core.package_identification:_identify(.) by extensions ['cmake', 'python']
[0.529s] Level 1:colcon.colcon_core.package_identification:_identify(.) by extension 'cmake'
[0.529s] Level 1:colcon.colcon_core.package_identification:_identify(.) by extension 'python'
[0.529s] Level 1:colcon.colcon_core.package_identification:_identify(.) by extensions ['python_setup_py']
[0.529s] Level 1:colcon.colcon_core.package_identification:_identify(.) by extension 'python_setup_py'
[0.529s] Level 1:colcon.colcon_core.package_identification:_identify(build) by extensions ['ignore', 'ignore_ament_install']
[0.529s] Level 1:colcon.colcon_core.package_identification:_identify(build) by extension 'ignore'
[0.529s] Level 1:colcon.colcon_core.package_identification:_identify(build) ignored
[0.530s] Level 1:colcon.colcon_core.package_identification:_identify(install) by extensions ['ignore', 'ignore_ament_install']
[0.530s] Level 1:colcon.colcon_core.package_identification:_identify(install) by extension 'ignore'
[0.530s] Level 1:colcon.colcon_core.package_identification:_identify(install) ignored
[0.530s] Level 1:colcon.colcon_core.package_identification:_identify(log) by extensions ['ignore', 'ignore_ament_install']
[0.530s] Level 1:colcon.colcon_core.package_identification:_identify(log) by extension 'ignore'
[0.530s] Level 1:colcon.colcon_core.package_identification:_identify(log) ignored
[0.530s] Level 1:colcon.colcon_core.package_identification:_identify(src) by extensions ['ignore', 'ignore_ament_install']
[0.530s] Level 1:colcon.colcon_core.package_identification:_identify(src) by extension 'ignore'
[0.530s] Level 1:colcon.colcon_core.package_identification:_identify(src) by extension 'ignore_ament_install'
[0.530s] Level 1:colcon.colcon_core.package_identification:_identify(src) by extensions ['colcon_pkg']
[0.530s] Level 1:colcon.colcon_core.package_identification:_identify(src) by extension 'colcon_pkg'
[0.531s] Level 1:colcon.colcon_core.package_identification:_identify(src) by extensions ['colcon_meta']
[0.531s] Level 1:colcon.colcon_core.package_identification:_identify(src) by extension 'colcon_meta'
[0.531s] Level 1:colcon.colcon_core.package_identification:_identify(src) by extensions ['ros']
[0.531s] Level 1:colcon.colcon_core.package_identification:_identify(src) by extension 'ros'
[0.531s] Level 1:colcon.colcon_core.package_identification:_identify(src) by extensions ['cmake', 'python']
[0.531s] Level 1:colcon.colcon_core.package_identification:_identify(src) by extension 'cmake'
[0.531s] Level 1:colcon.colcon_core.package_identification:_identify(src) by extension 'python'
[0.531s] Level 1:colcon.colcon_core.package_identification:_identify(src) by extensions ['python_setup_py']
[0.531s] Level 1:colcon.colcon_core.package_identification:_identify(src) by extension 'python_setup_py'
[0.531s] Level 1:colcon.colcon_core.package_identification:_identify(src/launch_files) by extensions ['ignore', 'ignore_ament_install']
[0.531s] Level 1:colcon.colcon_core.package_identification:_identify(src/launch_files) by extension 'ignore'
[0.531s] Level 1:colcon.colcon_core.package_identification:_identify(src/launch_files) by extension 'ignore_ament_install'
[0.531s] Level 1:colcon.colcon_core.package_identification:_identify(src/launch_files) by extensions ['colcon_pkg']
[0.532s] Level 1:colcon.colcon_core.package_identification:_identify(src/launch_files) by extension 'colcon_pkg'
[0.532s] Level 1:colcon.colcon_core.package_identification:_identify(src/launch_files) by extensions ['colcon_meta']
[0.532s] Level 1:colcon.colcon_core.package_identification:_identify(src/launch_files) by extension 'colcon_meta'
[0.532s] Level 1:colcon.colcon_core.package_identification:_identify(src/launch_files) by extensions ['ros']
[0.532s] Level 1:colcon.colcon_core.package_identification:_identify(src/launch_files) by extension 'ros'
[0.543s] DEBUG:colcon.colcon_core.package_identification:Package 'src/launch_files' with type 'ros.ament_cmake' and name 'launch_files'
[0.543s] Level 1:colcon.colcon_core.package_identification:_identify(src/nodes_pkg) by extensions ['ignore', 'ignore_ament_install']
[0.543s] Level 1:colcon.colcon_core.package_identification:_identify(src/nodes_pkg) by extension 'ignore'
[0.544s] Level 1:colcon.colcon_core.package_identification:_identify(src/nodes_pkg) by extension 'ignore_ament_install'
[0.544s] Level 1:colcon.colcon_core.package_identification:_identify(src/nodes_pkg) by extensions ['colcon_pkg']
[0.544s] Level 1:colcon.colcon_core.package_identification:_identify(src/nodes_pkg) by extension 'colcon_pkg'
[0.544s] Level 1:colcon.colcon_core.package_identification:_identify(src/nodes_pkg) by extensions ['colcon_meta']
[0.544s] Level 1:colcon.colcon_core.package_identification:_identify(src/nodes_pkg) by extension 'colcon_meta'
[0.544s] Level 1:colcon.colcon_core.package_identification:_identify(src/nodes_pkg) by extensions ['ros']
[0.544s] Level 1:colcon.colcon_core.package_identification:_identify(src/nodes_pkg) by extension 'ros'
[0.545s] DEBUG:colcon.colcon_core.package_identification:Package 'src/nodes_pkg' with type 'ros.ament_cmake' and name 'nodes_pkg'
[0.545s] Level 1:colcon.colcon_core.package_discovery:discover_packages(recursive) using defaults
[0.545s] Level 1:colcon.colcon_core.package_discovery:discover_packages(ignore) discover
[0.545s] Level 1:colcon.colcon_core.package_discovery:discover_packages(ignore) using defaults
[0.545s] Level 1:colcon.colcon_core.package_discovery:discover_packages(path) discover
[0.545s] Level 1:colcon.colcon_core.package_discovery:discover_packages(path) using defaults
[0.574s] Level 1:colcon.colcon_core.package_discovery:discover_packages(prefix_path) check parameters
[0.574s] Level 1:colcon.colcon_core.package_discovery:discover_packages(prefix_path) discover
[0.578s] DEBUG:colcon.colcon_installed_package_information.package_discovery:Found 2 installed packages in /home/ben/SNAKE/SOURCE/ros2/install
[0.581s] DEBUG:colcon.colcon_installed_package_information.package_discovery:Found 3 installed packages in /home/ben/ros2_ws/install
[0.583s] DEBUG:colcon.colcon_installed_package_information.package_discovery:Found 271 installed packages in /opt/ros/humble
[0.584s] Level 1:colcon.colcon_core.package_discovery:discover_packages(prefix_path) using defaults
[0.674s] Level 5:colcon.colcon_core.verb:set package 'launch_files' build argument 'cmake_args' from command line to 'None'
[0.674s] Level 5:colcon.colcon_core.verb:set package 'launch_files' build argument 'cmake_target' from command line to 'None'
[0.674s] Level 5:colcon.colcon_core.verb:set package 'launch_files' build argument 'cmake_target_skip_unavailable' from command line to 'False'
[0.674s] Level 5:colcon.colcon_core.verb:set package 'launch_files' build argument 'cmake_clean_cache' from command line to 'False'
[0.674s] Level 5:colcon.colcon_core.verb:set package 'launch_files' build argument 'cmake_clean_first' from command line to 'False'
[0.674s] Level 5:colcon.colcon_core.verb:set package 'launch_files' build argument 'cmake_force_configure' from command line to 'False'
[0.674s] Level 5:colcon.colcon_core.verb:set package 'launch_files' build argument 'ament_cmake_args' from command line to 'None'
[0.674s] Level 5:colcon.colcon_core.verb:set package 'launch_files' build argument 'catkin_cmake_args' from command line to 'None'
[0.674s] Level 5:colcon.colcon_core.verb:set package 'launch_files' build argument 'catkin_skip_building_tests' from command line to 'False'
[0.674s] DEBUG:colcon.colcon_core.verb:Building package 'launch_files' with the following arguments: {'ament_cmake_args': None, 'build_base': '/home/ben/SNAKE/SOURCE/ros2/build/launch_files', 'catkin_cmake_args': None, 'catkin_skip_building_tests': False, 'cmake_args': None, 'cmake_clean_cache': False, 'cmake_clean_first': False, 'cmake_force_configure': False, 'cmake_target': None, 'cmake_target_skip_unavailable': False, 'install_base': '/home/ben/SNAKE/SOURCE/ros2/install/launch_files', 'merge_install': False, 'path': '/home/ben/SNAKE/SOURCE/ros2/src/launch_files', 'symlink_install': False, 'test_result_base': None}
[0.675s] Level 5:colcon.colcon_core.verb:set package 'nodes_pkg' build argument 'cmake_args' from command line to 'None'
[0.675s] Level 5:colcon.colcon_core.verb:set package 'nodes_pkg' build argument 'cmake_target' from command line to 'None'
[0.675s] Level 5:colcon.colcon_core.verb:set package 'nodes_pkg' build argument 'cmake_target_skip_unavailable' from command line to 'False'
[0.675s] Level 5:colcon.colcon_core.verb:set package 'nodes_pkg' build argument 'cmake_clean_cache' from command line to 'False'
[0.675s] Level 5:colcon.colcon_core.verb:set package 'nodes_pkg' build argument 'cmake_clean_first' from command line to 'False'
[0.675s] Level 5:colcon.colcon_core.verb:set package 'nodes_pkg' build argument 'cmake_force_configure' from command line to 'False'
[0.675s] Level 5:colcon.colcon_core.verb:set package 'nodes_pkg' build argument 'ament_cmake_args' from command line to 'None'
[0.675s] Level 5:colcon.colcon_core.verb:set package 'nodes_pkg' build argument 'catkin_cmake_args' from command line to 'None'
[0.675s] Level 5:colcon.colcon_core.verb:set package 'nodes_pkg' build argument 'catkin_skip_building_tests' from command line to 'False'
[0.675s] DEBUG:colcon.colcon_core.verb:Building package 'nodes_pkg' with the following arguments: {'ament_cmake_args': None, 'build_base': '/home/ben/SNAKE/SOURCE/ros2/build/nodes_pkg', 'catkin_cmake_args': None, 'catkin_skip_building_tests': False, 'cmake_args': None, 'cmake_clean_cache': False, 'cmake_clean_first': False, 'cmake_force_configure': False, 'cmake_target': None, 'cmake_target_skip_unavailable': False, 'install_base': '/home/ben/SNAKE/SOURCE/ros2/install/nodes_pkg', 'merge_install': False, 'path': '/home/ben/SNAKE/SOURCE/ros2/src/nodes_pkg', 'symlink_install': False, 'test_result_base': None}
[0.676s] INFO:colcon.colcon_core.executor:Executing jobs using 'parallel' executor
[0.679s] DEBUG:colcon.colcon_parallel_executor.executor.parallel:run_until_complete
[0.679s] INFO:colcon.colcon_ros.task.ament_cmake.build:Building ROS package in '/home/ben/SNAKE/SOURCE/ros2/src/launch_files' with build type 'ament_cmake'
[0.680s] INFO:colcon.colcon_cmake.task.cmake.build:Building CMake package in '/home/ben/SNAKE/SOURCE/ros2/src/launch_files'
[0.688s] INFO:colcon.colcon_core.plugin_system:Skipping extension 'colcon_core.shell.bat': Not used on non-Windows systems
[0.688s] INFO:colcon.colcon_core.shell:Skip shell extension 'powershell' for command environment: Not usable outside of PowerShell
[0.688s] DEBUG:colcon.colcon_core.shell:Skip shell extension 'dsv' for command environment
[0.694s] INFO:colcon.colcon_ros.task.ament_cmake.build:Building ROS package in '/home/ben/SNAKE/SOURCE/ros2/src/nodes_pkg' with build type 'ament_cmake'
[0.694s] INFO:colcon.colcon_cmake.task.cmake.build:Building CMake package in '/home/ben/SNAKE/SOURCE/ros2/src/nodes_pkg'
[0.696s] INFO:colcon.colcon_core.shell:Skip shell extension 'powershell' for command environment: Not usable outside of PowerShell
[0.696s] DEBUG:colcon.colcon_core.shell:Skip shell extension 'dsv' for command environment
[0.708s] DEBUG:colcon.colcon_core.event_handler.log_command:Invoking command in '/home/ben/SNAKE/SOURCE/ros2/build/launch_files': CMAKE_PREFIX_PATH=${CMAKE_PREFIX_PATH}:/opt/ros/humble /usr/bin/cmake --build /home/ben/SNAKE/SOURCE/ros2/build/launch_files -- -j3 -l3
[0.715s] DEBUG:colcon.colcon_core.event_handler.log_command:Invoking command in '/home/ben/SNAKE/SOURCE/ros2/build/nodes_pkg': CMAKE_PREFIX_PATH=${CMAKE_PREFIX_PATH}:/opt/ros/humble /usr/bin/cmake --build /home/ben/SNAKE/SOURCE/ros2/build/nodes_pkg -- -j3 -l3
[0.807s] DEBUG:colcon.colcon_core.event_handler.log_command:Invoked command in '/home/ben/SNAKE/SOURCE/ros2/build/launch_files' returned '0': CMAKE_PREFIX_PATH=${CMAKE_PREFIX_PATH}:/opt/ros/humble /usr/bin/cmake --build /home/ben/SNAKE/SOURCE/ros2/build/launch_files -- -j3 -l3
[0.864s] DEBUG:colcon.colcon_core.event_handler.log_command:Invoking command in '/home/ben/SNAKE/SOURCE/ros2/build/launch_files': CMAKE_PREFIX_PATH=${CMAKE_PREFIX_PATH}:/opt/ros/humble /usr/bin/cmake --install /home/ben/SNAKE/SOURCE/ros2/build/launch_files
[0.881s] Level 1:colcon.colcon_core.environment:create_environment_scripts_only(launch_files)
[0.882s] DEBUG:colcon.colcon_core.event_handler.log_command:Invoked command in '/home/ben/SNAKE/SOURCE/ros2/build/launch_files' returned '0': CMAKE_PREFIX_PATH=${CMAKE_PREFIX_PATH}:/opt/ros/humble /usr/bin/cmake --install /home/ben/SNAKE/SOURCE/ros2/build/launch_files
[0.891s] Level 1:colcon.colcon_core.environment:checking '/home/ben/SNAKE/SOURCE/ros2/install/launch_files' for CMake module files
[0.892s] Level 1:colcon.colcon_core.environment:checking '/home/ben/SNAKE/SOURCE/ros2/install/launch_files' for CMake config files
[0.892s] Level 1:colcon.colcon_core.shell:create_environment_hook('launch_files', 'cmake_prefix_path')
[0.893s] INFO:colcon.colcon_core.shell:Creating environment hook '/home/ben/SNAKE/SOURCE/ros2/install/launch_files/share/launch_files/hook/cmake_prefix_path.ps1'
[0.894s] INFO:colcon.colcon_core.shell:Creating environment descriptor '/home/ben/SNAKE/SOURCE/ros2/install/launch_files/share/launch_files/hook/cmake_prefix_path.dsv'
[0.895s] INFO:colcon.colcon_core.shell:Creating environment hook '/home/ben/SNAKE/SOURCE/ros2/install/launch_files/share/launch_files/hook/cmake_prefix_path.sh'
[0.896s] Level 1:colcon.colcon_core.environment:checking '/home/ben/SNAKE/SOURCE/ros2/install/launch_files/bin'
[0.896s] Level 1:colcon.colcon_core.environment:checking '/home/ben/SNAKE/SOURCE/ros2/install/launch_files/lib/pkgconfig/launch_files.pc'
[0.896s] Level 1:colcon.colcon_core.environment:checking '/home/ben/SNAKE/SOURCE/ros2/install/launch_files/lib/python3.10/site-packages'
[0.896s] Level 1:colcon.colcon_core.environment:checking '/home/ben/SNAKE/SOURCE/ros2/install/launch_files/bin'
[0.897s] INFO:colcon.colcon_core.shell:Creating package script '/home/ben/SNAKE/SOURCE/ros2/install/launch_files/share/launch_files/package.ps1'
[0.898s] INFO:colcon.colcon_core.shell:Creating package descriptor '/home/ben/SNAKE/SOURCE/ros2/install/launch_files/share/launch_files/package.dsv'
[0.899s] INFO:colcon.colcon_core.shell:Creating package script '/home/ben/SNAKE/SOURCE/ros2/install/launch_files/share/launch_files/package.sh'
[0.900s] INFO:colcon.colcon_core.shell:Creating package script '/home/ben/SNAKE/SOURCE/ros2/install/launch_files/share/launch_files/package.bash'
[0.901s] INFO:colcon.colcon_core.shell:Creating package script '/home/ben/SNAKE/SOURCE/ros2/install/launch_files/share/launch_files/package.zsh'
[0.902s] Level 1:colcon.colcon_core.environment:create_file_with_runtime_dependencies(/home/ben/SNAKE/SOURCE/ros2/install/launch_files/share/colcon-core/packages/launch_files)
[0.943s] Level 1:colcon.colcon_core.environment:create_environment_scripts_only(launch_files)
[0.944s] Level 1:colcon.colcon_core.environment:checking '/home/ben/SNAKE/SOURCE/ros2/install/launch_files' for CMake module files
[0.945s] Level 1:colcon.colcon_core.environment:checking '/home/ben/SNAKE/SOURCE/ros2/install/launch_files' for CMake config files
[0.945s] Level 1:colcon.colcon_core.shell:create_environment_hook('launch_files', 'cmake_prefix_path')
[0.946s] INFO:colcon.colcon_core.shell:Creating environment hook '/home/ben/SNAKE/SOURCE/ros2/install/launch_files/share/launch_files/hook/cmake_prefix_path.ps1'
[0.947s] INFO:colcon.colcon_core.shell:Creating environment descriptor '/home/ben/SNAKE/SOURCE/ros2/install/launch_files/share/launch_files/hook/cmake_prefix_path.dsv'
[0.947s] INFO:colcon.colcon_core.shell:Creating environment hook '/home/ben/SNAKE/SOURCE/ros2/install/launch_files/share/launch_files/hook/cmake_prefix_path.sh'
[0.948s] Level 1:colcon.colcon_core.environment:checking '/home/ben/SNAKE/SOURCE/ros2/install/launch_files/bin'
[0.948s] Level 1:colcon.colcon_core.environment:checking '/home/ben/SNAKE/SOURCE/ros2/install/launch_files/lib/pkgconfig/launch_files.pc'
[0.948s] Level 1:colcon.colcon_core.environment:checking '/home/ben/SNAKE/SOURCE/ros2/install/launch_files/lib/python3.10/site-packages'
[0.949s] Level 1:colcon.colcon_core.environment:checking '/home/ben/SNAKE/SOURCE/ros2/install/launch_files/bin'
[0.950s] INFO:colcon.colcon_core.shell:Creating package script '/home/ben/SNAKE/SOURCE/ros2/install/launch_files/share/launch_files/package.ps1'
[0.950s] INFO:colcon.colcon_core.shell:Creating package descriptor '/home/ben/SNAKE/SOURCE/ros2/install/launch_files/share/launch_files/package.dsv'
[0.951s] INFO:colcon.colcon_core.shell:Creating package script '/home/ben/SNAKE/SOURCE/ros2/install/launch_files/share/launch_files/package.sh'
[0.951s] INFO:colcon.colcon_core.shell:Creating package script '/home/ben/SNAKE/SOURCE/ros2/install/launch_files/share/launch_files/package.bash'
[0.952s] INFO:colcon.colcon_core.shell:Creating package script '/home/ben/SNAKE/SOURCE/ros2/install/launch_files/share/launch_files/package.zsh'
[0.952s] Level 1:colcon.colcon_core.environment:create_file_with_runtime_dependencies(/home/ben/SNAKE/SOURCE/ros2/install/launch_files/share/colcon-core/packages/launch_files)
[11.722s] DEBUG:colcon.colcon_core.event_handler.log_command:Invoked command in '/home/ben/SNAKE/SOURCE/ros2/build/nodes_pkg' returned '0': CMAKE_PREFIX_PATH=${CMAKE_PREFIX_PATH}:/opt/ros/humble /usr/bin/cmake --build /home/ben/SNAKE/SOURCE/ros2/build/nodes_pkg -- -j3 -l3
[11.800s] DEBUG:colcon.colcon_core.event_handler.log_command:Invoking command in '/home/ben/SNAKE/SOURCE/ros2/build/nodes_pkg': CMAKE_PREFIX_PATH=${CMAKE_PREFIX_PATH}:/opt/ros/humble /usr/bin/cmake --install /home/ben/SNAKE/SOURCE/ros2/build/nodes_pkg
[11.839s] Level 1:colcon.colcon_core.environment:create_environment_scripts_only(nodes_pkg)
[11.844s] Level 1:colcon.colcon_core.environment:checking '/home/ben/SNAKE/SOURCE/ros2/install/nodes_pkg' for CMake module files
[11.844s] DEBUG:colcon.colcon_core.event_handler.log_command:Invoked command in '/home/ben/SNAKE/SOURCE/ros2/build/nodes_pkg' returned '0': CMAKE_PREFIX_PATH=${CMAKE_PREFIX_PATH}:/opt/ros/humble /usr/bin/cmake --install /home/ben/SNAKE/SOURCE/ros2/build/nodes_pkg
[11.845s] Level 1:colcon.colcon_core.environment:checking '/home/ben/SNAKE/SOURCE/ros2/install/nodes_pkg' for CMake config files
[11.846s] Level 1:colcon.colcon_core.shell:create_environment_hook('nodes_pkg', 'cmake_prefix_path')
[11.847s] INFO:colcon.colcon_core.shell:Creating environment hook '/home/ben/SNAKE/SOURCE/ros2/install/nodes_pkg/share/nodes_pkg/hook/cmake_prefix_path.ps1'
[11.849s] INFO:colcon.colcon_core.shell:Creating environment descriptor '/home/ben/SNAKE/SOURCE/ros2/install/nodes_pkg/share/nodes_pkg/hook/cmake_prefix_path.dsv'
[11.857s] INFO:colcon.colcon_core.shell:Creating environment hook '/home/ben/SNAKE/SOURCE/ros2/install/nodes_pkg/share/nodes_pkg/hook/cmake_prefix_path.sh'
[11.858s] Level 1:colcon.colcon_core.environment:checking '/home/ben/SNAKE/SOURCE/ros2/install/nodes_pkg/lib'
[11.859s] Level 1:colcon.colcon_core.environment:checking '/home/ben/SNAKE/SOURCE/ros2/install/nodes_pkg/bin'
[11.859s] Level 1:colcon.colcon_core.environment:checking '/home/ben/SNAKE/SOURCE/ros2/install/nodes_pkg/lib/pkgconfig/nodes_pkg.pc'
[11.860s] Level 1:colcon.colcon_core.environment:checking '/home/ben/SNAKE/SOURCE/ros2/install/nodes_pkg/lib/python3.10/site-packages'
[11.860s] Level 1:colcon.colcon_core.environment:checking '/home/ben/SNAKE/SOURCE/ros2/install/nodes_pkg/bin'
[11.861s] INFO:colcon.colcon_core.shell:Creating package script '/home/ben/SNAKE/SOURCE/ros2/install/nodes_pkg/share/nodes_pkg/package.ps1'
[11.862s] INFO:colcon.colcon_core.shell:Creating package descriptor '/home/ben/SNAKE/SOURCE/ros2/install/nodes_pkg/share/nodes_pkg/package.dsv'
[11.864s] INFO:colcon.colcon_core.shell:Creating package script '/home/ben/SNAKE/SOURCE/ros2/install/nodes_pkg/share/nodes_pkg/package.sh'
[11.865s] INFO:colcon.colcon_core.shell:Creating package script '/home/ben/SNAKE/SOURCE/ros2/install/nodes_pkg/share/nodes_pkg/package.bash'
[11.867s] INFO:colcon.colcon_core.shell:Creating package script '/home/ben/SNAKE/SOURCE/ros2/install/nodes_pkg/share/nodes_pkg/package.zsh'
[11.868s] Level 1:colcon.colcon_core.environment:create_file_with_runtime_dependencies(/home/ben/SNAKE/SOURCE/ros2/install/nodes_pkg/share/colcon-core/packages/nodes_pkg)
[11.946s] Level 1:colcon.colcon_core.environment:create_environment_scripts_only(nodes_pkg)
[11.947s] Level 1:colcon.colcon_core.environment:checking '/home/ben/SNAKE/SOURCE/ros2/install/nodes_pkg' for CMake module files
[11.948s] Level 1:colcon.colcon_core.environment:checking '/home/ben/SNAKE/SOURCE/ros2/install/nodes_pkg' for CMake config files
[11.948s] Level 1:colcon.colcon_core.shell:create_environment_hook('nodes_pkg', 'cmake_prefix_path')
[11.950s] INFO:colcon.colcon_core.shell:Creating environment hook '/home/ben/SNAKE/SOURCE/ros2/install/nodes_pkg/share/nodes_pkg/hook/cmake_prefix_path.ps1'
[11.950s] INFO:colcon.colcon_core.shell:Creating environment descriptor '/home/ben/SNAKE/SOURCE/ros2/install/nodes_pkg/share/nodes_pkg/hook/cmake_prefix_path.dsv'
[11.960s] INFO:colcon.colcon_core.shell:Creating environment hook '/home/ben/SNAKE/SOURCE/ros2/install/nodes_pkg/share/nodes_pkg/hook/cmake_prefix_path.sh'
[11.968s] Level 1:colcon.colcon_core.environment:checking '/home/ben/SNAKE/SOURCE/ros2/install/nodes_pkg/lib'
[11.969s] Level 1:colcon.colcon_core.environment:checking '/home/ben/SNAKE/SOURCE/ros2/install/nodes_pkg/bin'
[11.969s] Level 1:colcon.colcon_core.environment:checking '/home/ben/SNAKE/SOURCE/ros2/install/nodes_pkg/lib/pkgconfig/nodes_pkg.pc'
[11.969s] Level 1:colcon.colcon_core.environment:checking '/home/ben/SNAKE/SOURCE/ros2/install/nodes_pkg/lib/python3.10/site-packages'
[11.969s] Level 1:colcon.colcon_core.environment:checking '/home/ben/SNAKE/SOURCE/ros2/install/nodes_pkg/bin'
[11.971s] INFO:colcon.colcon_core.shell:Creating package script '/home/ben/SNAKE/SOURCE/ros2/install/nodes_pkg/share/nodes_pkg/package.ps1'
[11.972s] INFO:colcon.colcon_core.shell:Creating package descriptor '/home/ben/SNAKE/SOURCE/ros2/install/nodes_pkg/share/nodes_pkg/package.dsv'
[11.972s] INFO:colcon.colcon_core.shell:Creating package script '/home/ben/SNAKE/SOURCE/ros2/install/nodes_pkg/share/nodes_pkg/package.sh'
[11.973s] INFO:colcon.colcon_core.shell:Creating package script '/home/ben/SNAKE/SOURCE/ros2/install/nodes_pkg/share/nodes_pkg/package.bash'
[11.973s] INFO:colcon.colcon_core.shell:Creating package script '/home/ben/SNAKE/SOURCE/ros2/install/nodes_pkg/share/nodes_pkg/package.zsh'
[11.974s] Level 1:colcon.colcon_core.environment:create_file_with_runtime_dependencies(/home/ben/SNAKE/SOURCE/ros2/install/nodes_pkg/share/colcon-core/packages/nodes_pkg)
[11.974s] DEBUG:colcon.colcon_parallel_executor.executor.parallel:closing loop
[11.975s] DEBUG:colcon.colcon_parallel_executor.executor.parallel:loop closed
[11.975s] DEBUG:colcon.colcon_parallel_executor.executor.parallel:run_until_complete finished with '0'
[11.975s] DEBUG:colcon.colcon_core.event_reactor:joining thread
[12.012s] INFO:colcon.colcon_core.plugin_system:Skipping extension 'colcon_notification.desktop_notification.terminal_notifier': Not used on non-Darwin systems
[12.012s] INFO:colcon.colcon_core.plugin_system:Skipping extension 'colcon_notification.desktop_notification.win32': Not used on non-Windows systems
[12.012s] INFO:colcon.colcon_notification.desktop_notification:Sending desktop notification using 'notify2'
[12.060s] DEBUG:colcon.colcon_core.event_reactor:joined thread
[12.062s] INFO:colcon.colcon_core.shell:Creating prefix script '/home/ben/SNAKE/SOURCE/ros2/install/local_setup.ps1'
[12.063s] INFO:colcon.colcon_core.shell:Creating prefix util module '/home/ben/SNAKE/SOURCE/ros2/install/_local_setup_util_ps1.py'
[12.064s] INFO:colcon.colcon_core.shell:Creating prefix chain script '/home/ben/SNAKE/SOURCE/ros2/install/setup.ps1'
[12.069s] INFO:colcon.colcon_core.shell:Creating prefix script '/home/ben/SNAKE/SOURCE/ros2/install/local_setup.sh'
[12.071s] INFO:colcon.colcon_core.shell:Creating prefix util module '/home/ben/SNAKE/SOURCE/ros2/install/_local_setup_util_sh.py'
[12.072s] INFO:colcon.colcon_core.shell:Creating prefix chain script '/home/ben/SNAKE/SOURCE/ros2/install/setup.sh'
[12.075s] INFO:colcon.colcon_core.shell:Creating prefix script '/home/ben/SNAKE/SOURCE/ros2/install/local_setup.bash'
[12.083s] INFO:colcon.colcon_core.shell:Creating prefix chain script '/home/ben/SNAKE/SOURCE/ros2/install/setup.bash'
[12.091s] INFO:colcon.colcon_core.shell:Creating prefix script '/home/ben/SNAKE/SOURCE/ros2/install/local_setup.zsh'
[12.093s] INFO:colcon.colcon_core.shell:Creating prefix chain script '/home/ben/SNAKE/SOURCE/ros2/install/setup.zsh'
