[0.322s] DEBUG:colcon:Command line arguments: ['/usr/bin/colcon', 'build', '--packages-select', 'nodes_pkg']
[0.322s] DEBUG:colcon:Parsed command line arguments: Namespace(log_base=None, log_level=None, verb_name='build', build_base='build', install_base='install', merge_install=False, symlink_install=False, test_result_base=None, continue_on_error=False, executor='parallel', parallel_workers=3, event_handlers=None, ignore_user_meta=False, metas=['./colcon.meta'], base_paths=['.'], packages_ignore=None, packages_ignore_regex=None, paths=None, packages_up_to=None, packages_up_to_regex=None, packages_above=None, packages_above_and_dependencies=None, packages_above_depth=None, packages_select_by_dep=None, packages_skip_by_dep=None, packages_skip_up_to=None, packages_select_build_failed=False, packages_skip_build_finished=False, packages_select_test_failures=False, packages_skip_test_passed=False, packages_select=['nodes_pkg'], packages_skip=None, packages_select_regex=None, packages_skip_regex=None, packages_start=None, packages_end=None, allow_overriding=[], cmake_args=None, cmake_target=None, cmake_target_skip_unavailable=False, cmake_clean_cache=False, cmake_clean_first=False, cmake_force_configure=False, ament_cmake_args=None, catkin_cmake_args=None, catkin_skip_building_tests=False, verb_parser=<colcon_defaults.argument_parser.defaults.DefaultArgumentsDecorator object at 0x7f7932a95870>, verb_extension=<colcon_core.verb.build.BuildVerb object at 0x7f79333f0b50>, main=<bound method BuildVerb.main of <colcon_core.verb.build.BuildVerb object at 0x7f79333f0b50>>)
[0.365s] Level 1:colcon.colcon_core.package_discovery:discover_packages(colcon_meta) check parameters
[0.365s] Level 1:colcon.colcon_core.package_discovery:discover_packages(recursive) check parameters
[0.365s] Level 1:colcon.colcon_core.package_discovery:discover_packages(ignore) check parameters
[0.365s] Level 1:colcon.colcon_core.package_discovery:discover_packages(path) check parameters
[0.365s] Level 1:colcon.colcon_core.package_discovery:discover_packages(colcon_meta) discover
[0.365s] Level 1:colcon.colcon_core.package_discovery:discover_packages(recursive) discover
[0.366s] INFO:colcon.colcon_core.package_discovery:Crawling recursively for packages in '/home/ben/SNAKE/SOURCE/ros2'
[0.366s] Level 1:colcon.colcon_core.package_identification:_identify(.) by extensions ['ignore', 'ignore_ament_install']
[0.366s] Level 1:colcon.colcon_core.package_identification:_identify(.) by extension 'ignore'
[0.366s] Level 1:colcon.colcon_core.package_identification:_identify(.) by extension 'ignore_ament_install'
[0.366s] Level 1:colcon.colcon_core.package_identification:_identify(.) by extensions ['colcon_pkg']
[0.366s] Level 1:colcon.colcon_core.package_identification:_identify(.) by extension 'colcon_pkg'
[0.366s] Level 1:colcon.colcon_core.package_identification:_identify(.) by extensions ['colcon_meta']
[0.366s] Level 1:colcon.colcon_core.package_identification:_identify(.) by extension 'colcon_meta'
[0.366s] Level 1:colcon.colcon_core.package_identification:_identify(.) by extensions ['ros']
[0.366s] Level 1:colcon.colcon_core.package_identification:_identify(.) by extension 'ros'
[0.394s] Level 1:colcon.colcon_core.package_identification:_identify(.) by extensions ['cmake', 'python']
[0.394s] Level 1:colcon.colcon_core.package_identification:_identify(.) by extension 'cmake'
[0.394s] Level 1:colcon.colcon_core.package_identification:_identify(.) by extension 'python'
[0.394s] Level 1:colcon.colcon_core.package_identification:_identify(.) by extensions ['python_setup_py']
[0.394s] Level 1:colcon.colcon_core.package_identification:_identify(.) by extension 'python_setup_py'
[0.395s] Level 1:colcon.colcon_core.package_identification:_identify(build) by extensions ['ignore', 'ignore_ament_install']
[0.395s] Level 1:colcon.colcon_core.package_identification:_identify(build) by extension 'ignore'
[0.395s] Level 1:colcon.colcon_core.package_identification:_identify(build) ignored
[0.395s] Level 1:colcon.colcon_core.package_identification:_identify(install) by extensions ['ignore', 'ignore_ament_install']
[0.395s] Level 1:colcon.colcon_core.package_identification:_identify(install) by extension 'ignore'
[0.395s] Level 1:colcon.colcon_core.package_identification:_identify(install) ignored
[0.396s] Level 1:colcon.colcon_core.package_identification:_identify(log) by extensions ['ignore', 'ignore_ament_install']
[0.396s] Level 1:colcon.colcon_core.package_identification:_identify(log) by extension 'ignore'
[0.396s] Level 1:colcon.colcon_core.package_identification:_identify(log) ignored
[0.396s] Level 1:colcon.colcon_core.package_identification:_identify(src) by extensions ['ignore', 'ignore_ament_install']
[0.396s] Level 1:colcon.colcon_core.package_identification:_identify(src) by extension 'ignore'
[0.396s] Level 1:colcon.colcon_core.package_identification:_identify(src) by extension 'ignore_ament_install'
[0.396s] Level 1:colcon.colcon_core.package_identification:_identify(src) by extensions ['colcon_pkg']
[0.396s] Level 1:colcon.colcon_core.package_identification:_identify(src) by extension 'colcon_pkg'
[0.396s] Level 1:colcon.colcon_core.package_identification:_identify(src) by extensions ['colcon_meta']
[0.397s] Level 1:colcon.colcon_core.package_identification:_identify(src) by extension 'colcon_meta'
[0.397s] Level 1:colcon.colcon_core.package_identification:_identify(src) by extensions ['ros']
[0.397s] Level 1:colcon.colcon_core.package_identification:_identify(src) by extension 'ros'
[0.397s] Level 1:colcon.colcon_core.package_identification:_identify(src) by extensions ['cmake', 'python']
[0.397s] Level 1:colcon.colcon_core.package_identification:_identify(src) by extension 'cmake'
[0.397s] Level 1:colcon.colcon_core.package_identification:_identify(src) by extension 'python'
[0.397s] Level 1:colcon.colcon_core.package_identification:_identify(src) by extensions ['python_setup_py']
[0.397s] Level 1:colcon.colcon_core.package_identification:_identify(src) by extension 'python_setup_py'
[0.397s] Level 1:colcon.colcon_core.package_identification:_identify(src/launch_files) by extensions ['ignore', 'ignore_ament_install']
[0.398s] Level 1:colcon.colcon_core.package_identification:_identify(src/launch_files) by extension 'ignore'
[0.398s] Level 1:colcon.colcon_core.package_identification:_identify(src/launch_files) by extension 'ignore_ament_install'
[0.398s] Level 1:colcon.colcon_core.package_identification:_identify(src/launch_files) by extensions ['colcon_pkg']
[0.398s] Level 1:colcon.colcon_core.package_identification:_identify(src/launch_files) by extension 'colcon_pkg'
[0.398s] Level 1:colcon.colcon_core.package_identification:_identify(src/launch_files) by extensions ['colcon_meta']
[0.398s] Level 1:colcon.colcon_core.package_identification:_identify(src/launch_files) by extension 'colcon_meta'
[0.398s] Level 1:colcon.colcon_core.package_identification:_identify(src/launch_files) by extensions ['ros']
[0.398s] Level 1:colcon.colcon_core.package_identification:_identify(src/launch_files) by extension 'ros'
[0.400s] DEBUG:colcon.colcon_core.package_identification:Package 'src/launch_files' with type 'ros.ament_cmake' and name 'launch_files'
[0.401s] Level 1:colcon.colcon_core.package_identification:_identify(src/nodes_pkg) by extensions ['ignore', 'ignore_ament_install']
[0.401s] Level 1:colcon.colcon_core.package_identification:_identify(src/nodes_pkg) by extension 'ignore'
[0.401s] Level 1:colcon.colcon_core.package_identification:_identify(src/nodes_pkg) by extension 'ignore_ament_install'
[0.401s] Level 1:colcon.colcon_core.package_identification:_identify(src/nodes_pkg) by extensions ['colcon_pkg']
[0.401s] Level 1:colcon.colcon_core.package_identification:_identify(src/nodes_pkg) by extension 'colcon_pkg'
[0.401s] Level 1:colcon.colcon_core.package_identification:_identify(src/nodes_pkg) by extensions ['colcon_meta']
[0.401s] Level 1:colcon.colcon_core.package_identification:_identify(src/nodes_pkg) by extension 'colcon_meta'
[0.401s] Level 1:colcon.colcon_core.package_identification:_identify(src/nodes_pkg) by extensions ['ros']
[0.401s] Level 1:colcon.colcon_core.package_identification:_identify(src/nodes_pkg) by extension 'ros'
[0.402s] DEBUG:colcon.colcon_core.package_identification:Package 'src/nodes_pkg' with type 'ros.ament_cmake' and name 'nodes_pkg'
[0.402s] Level 1:colcon.colcon_core.package_discovery:discover_packages(recursive) using defaults
[0.402s] Level 1:colcon.colcon_core.package_discovery:discover_packages(ignore) discover
[0.402s] Level 1:colcon.colcon_core.package_discovery:discover_packages(ignore) using defaults
[0.402s] Level 1:colcon.colcon_core.package_discovery:discover_packages(path) discover
[0.402s] Level 1:colcon.colcon_core.package_discovery:discover_packages(path) using defaults
[0.453s] INFO:colcon.colcon_core.package_selection:Skipping not selected package 'launch_files' in 'src/launch_files'
[0.454s] Level 1:colcon.colcon_core.package_discovery:discover_packages(prefix_path) check parameters
[0.455s] Level 1:colcon.colcon_core.package_discovery:discover_packages(prefix_path) discover
[0.483s] DEBUG:colcon.colcon_installed_package_information.package_discovery:Found 2 installed packages in /home/ben/SNAKE/SOURCE/ros2/install
[0.485s] DEBUG:colcon.colcon_installed_package_information.package_discovery:Found 4 installed packages in /home/ben/ros2_ws/install
[0.487s] DEBUG:colcon.colcon_installed_package_information.package_discovery:Found 271 installed packages in /opt/ros/humble
[0.489s] Level 1:colcon.colcon_core.package_discovery:discover_packages(prefix_path) using defaults
[0.636s] Level 5:colcon.colcon_core.verb:set package 'nodes_pkg' build argument 'cmake_args' from command line to 'None'
[0.636s] Level 5:colcon.colcon_core.verb:set package 'nodes_pkg' build argument 'cmake_target' from command line to 'None'
[0.636s] Level 5:colcon.colcon_core.verb:set package 'nodes_pkg' build argument 'cmake_target_skip_unavailable' from command line to 'False'
[0.636s] Level 5:colcon.colcon_core.verb:set package 'nodes_pkg' build argument 'cmake_clean_cache' from command line to 'False'
[0.636s] Level 5:colcon.colcon_core.verb:set package 'nodes_pkg' build argument 'cmake_clean_first' from command line to 'False'
[0.636s] Level 5:colcon.colcon_core.verb:set package 'nodes_pkg' build argument 'cmake_force_configure' from command line to 'False'
[0.636s] Level 5:colcon.colcon_core.verb:set package 'nodes_pkg' build argument 'ament_cmake_args' from command line to 'None'
[0.636s] Level 5:colcon.colcon_core.verb:set package 'nodes_pkg' build argument 'catkin_cmake_args' from command line to 'None'
[0.636s] Level 5:colcon.colcon_core.verb:set package 'nodes_pkg' build argument 'catkin_skip_building_tests' from command line to 'False'
[0.637s] DEBUG:colcon.colcon_core.verb:Building package 'nodes_pkg' with the following arguments: {'ament_cmake_args': None, 'build_base': '/home/ben/SNAKE/SOURCE/ros2/build/nodes_pkg', 'catkin_cmake_args': None, 'catkin_skip_building_tests': False, 'cmake_args': None, 'cmake_clean_cache': False, 'cmake_clean_first': False, 'cmake_force_configure': False, 'cmake_target': None, 'cmake_target_skip_unavailable': False, 'install_base': '/home/ben/SNAKE/SOURCE/ros2/install/nodes_pkg', 'merge_install': False, 'path': '/home/ben/SNAKE/SOURCE/ros2/src/nodes_pkg', 'symlink_install': False, 'test_result_base': None}
[0.637s] INFO:colcon.colcon_core.executor:Executing jobs using 'parallel' executor
[0.640s] DEBUG:colcon.colcon_parallel_executor.executor.parallel:run_until_complete
[0.641s] INFO:colcon.colcon_ros.task.ament_cmake.build:Building ROS package in '/home/ben/SNAKE/SOURCE/ros2/src/nodes_pkg' with build type 'ament_cmake'
[0.641s] INFO:colcon.colcon_cmake.task.cmake.build:Building CMake package in '/home/ben/SNAKE/SOURCE/ros2/src/nodes_pkg'
[0.657s] INFO:colcon.colcon_core.plugin_system:Skipping extension 'colcon_core.shell.bat': Not used on non-Windows systems
[0.660s] INFO:colcon.colcon_core.shell:Skip shell extension 'powershell' for command environment: Not usable outside of PowerShell
[0.660s] DEBUG:colcon.colcon_core.shell:Skip shell extension 'dsv' for command environment
[0.682s] DEBUG:colcon.colcon_core.event_handler.log_command:Invoking command in '/home/ben/SNAKE/SOURCE/ros2/build/nodes_pkg': CMAKE_PREFIX_PATH=${CMAKE_PREFIX_PATH}:/opt/ros/humble /usr/bin/cmake --build /home/ben/SNAKE/SOURCE/ros2/build/nodes_pkg -- -j3 -l3
[7.328s] DEBUG:colcon.colcon_core.event_handler.log_command:Invoked command in '/home/ben/SNAKE/SOURCE/ros2/build/nodes_pkg' returned '0': CMAKE_PREFIX_PATH=${CMAKE_PREFIX_PATH}:/opt/ros/humble /usr/bin/cmake --build /home/ben/SNAKE/SOURCE/ros2/build/nodes_pkg -- -j3 -l3
[7.424s] DEBUG:colcon.colcon_core.event_handler.log_command:Invoking command in '/home/ben/SNAKE/SOURCE/ros2/build/nodes_pkg': CMAKE_PREFIX_PATH=${CMAKE_PREFIX_PATH}:/opt/ros/humble /usr/bin/cmake --install /home/ben/SNAKE/SOURCE/ros2/build/nodes_pkg
[7.454s] Level 1:colcon.colcon_core.environment:create_environment_scripts_only(nodes_pkg)
[7.454s] DEBUG:colcon.colcon_core.event_handler.log_command:Invoked command in '/home/ben/SNAKE/SOURCE/ros2/build/nodes_pkg' returned '0': CMAKE_PREFIX_PATH=${CMAKE_PREFIX_PATH}:/opt/ros/humble /usr/bin/cmake --install /home/ben/SNAKE/SOURCE/ros2/build/nodes_pkg
[7.470s] Level 1:colcon.colcon_core.environment:checking '/home/ben/SNAKE/SOURCE/ros2/install/nodes_pkg' for CMake module files
[7.471s] Level 1:colcon.colcon_core.environment:checking '/home/ben/SNAKE/SOURCE/ros2/install/nodes_pkg' for CMake config files
[7.471s] Level 1:colcon.colcon_core.shell:create_environment_hook('nodes_pkg', 'cmake_prefix_path')
[7.472s] INFO:colcon.colcon_core.shell:Creating environment hook '/home/ben/SNAKE/SOURCE/ros2/install/nodes_pkg/share/nodes_pkg/hook/cmake_prefix_path.ps1'
[7.474s] INFO:colcon.colcon_core.shell:Creating environment descriptor '/home/ben/SNAKE/SOURCE/ros2/install/nodes_pkg/share/nodes_pkg/hook/cmake_prefix_path.dsv'
[7.475s] INFO:colcon.colcon_core.shell:Creating environment hook '/home/ben/SNAKE/SOURCE/ros2/install/nodes_pkg/share/nodes_pkg/hook/cmake_prefix_path.sh'
[7.477s] Level 1:colcon.colcon_core.environment:checking '/home/ben/SNAKE/SOURCE/ros2/install/nodes_pkg/lib'
[7.477s] Level 1:colcon.colcon_core.environment:checking '/home/ben/SNAKE/SOURCE/ros2/install/nodes_pkg/bin'
[7.477s] Level 1:colcon.colcon_core.environment:checking '/home/ben/SNAKE/SOURCE/ros2/install/nodes_pkg/lib/pkgconfig/nodes_pkg.pc'
[7.477s] Level 1:colcon.colcon_core.environment:checking '/home/ben/SNAKE/SOURCE/ros2/install/nodes_pkg/lib/python3.10/site-packages'
[7.477s] Level 1:colcon.colcon_core.environment:checking '/home/ben/SNAKE/SOURCE/ros2/install/nodes_pkg/bin'
[7.479s] INFO:colcon.colcon_core.shell:Creating package script '/home/ben/SNAKE/SOURCE/ros2/install/nodes_pkg/share/nodes_pkg/package.ps1'
[7.480s] INFO:colcon.colcon_core.shell:Creating package descriptor '/home/ben/SNAKE/SOURCE/ros2/install/nodes_pkg/share/nodes_pkg/package.dsv'
[7.481s] INFO:colcon.colcon_core.shell:Creating package script '/home/ben/SNAKE/SOURCE/ros2/install/nodes_pkg/share/nodes_pkg/package.sh'
[7.483s] INFO:colcon.colcon_core.shell:Creating package script '/home/ben/SNAKE/SOURCE/ros2/install/nodes_pkg/share/nodes_pkg/package.bash'
[7.486s] INFO:colcon.colcon_core.shell:Creating package script '/home/ben/SNAKE/SOURCE/ros2/install/nodes_pkg/share/nodes_pkg/package.zsh'
[7.488s] Level 1:colcon.colcon_core.environment:create_file_with_runtime_dependencies(/home/ben/SNAKE/SOURCE/ros2/install/nodes_pkg/share/colcon-core/packages/nodes_pkg)
[7.547s] Level 1:colcon.colcon_core.environment:create_environment_scripts_only(nodes_pkg)
[7.549s] Level 1:colcon.colcon_core.environment:checking '/home/ben/SNAKE/SOURCE/ros2/install/nodes_pkg' for CMake module files
[7.550s] Level 1:colcon.colcon_core.environment:checking '/home/ben/SNAKE/SOURCE/ros2/install/nodes_pkg' for CMake config files
[7.550s] Level 1:colcon.colcon_core.shell:create_environment_hook('nodes_pkg', 'cmake_prefix_path')
[7.551s] INFO:colcon.colcon_core.shell:Creating environment hook '/home/ben/SNAKE/SOURCE/ros2/install/nodes_pkg/share/nodes_pkg/hook/cmake_prefix_path.ps1'
[7.552s] INFO:colcon.colcon_core.shell:Creating environment descriptor '/home/ben/SNAKE/SOURCE/ros2/install/nodes_pkg/share/nodes_pkg/hook/cmake_prefix_path.dsv'
[7.553s] INFO:colcon.colcon_core.shell:Creating environment hook '/home/ben/SNAKE/SOURCE/ros2/install/nodes_pkg/share/nodes_pkg/hook/cmake_prefix_path.sh'
[7.553s] Level 1:colcon.colcon_core.environment:checking '/home/ben/SNAKE/SOURCE/ros2/install/nodes_pkg/lib'
[7.554s] Level 1:colcon.colcon_core.environment:checking '/home/ben/SNAKE/SOURCE/ros2/install/nodes_pkg/bin'
[7.554s] Level 1:colcon.colcon_core.environment:checking '/home/ben/SNAKE/SOURCE/ros2/install/nodes_pkg/lib/pkgconfig/nodes_pkg.pc'
[7.554s] Level 1:colcon.colcon_core.environment:checking '/home/ben/SNAKE/SOURCE/ros2/install/nodes_pkg/lib/python3.10/site-packages'
[7.554s] Level 1:colcon.colcon_core.environment:checking '/home/ben/SNAKE/SOURCE/ros2/install/nodes_pkg/bin'
[7.559s] INFO:colcon.colcon_core.shell:Creating package script '/home/ben/SNAKE/SOURCE/ros2/install/nodes_pkg/share/nodes_pkg/package.ps1'
[7.560s] INFO:colcon.colcon_core.shell:Creating package descriptor '/home/ben/SNAKE/SOURCE/ros2/install/nodes_pkg/share/nodes_pkg/package.dsv'
[7.561s] INFO:colcon.colcon_core.shell:Creating package script '/home/ben/SNAKE/SOURCE/ros2/install/nodes_pkg/share/nodes_pkg/package.sh'
[7.561s] INFO:colcon.colcon_core.shell:Creating package script '/home/ben/SNAKE/SOURCE/ros2/install/nodes_pkg/share/nodes_pkg/package.bash'
[7.562s] INFO:colcon.colcon_core.shell:Creating package script '/home/ben/SNAKE/SOURCE/ros2/install/nodes_pkg/share/nodes_pkg/package.zsh'
[7.562s] Level 1:colcon.colcon_core.environment:create_file_with_runtime_dependencies(/home/ben/SNAKE/SOURCE/ros2/install/nodes_pkg/share/colcon-core/packages/nodes_pkg)
[7.563s] DEBUG:colcon.colcon_parallel_executor.executor.parallel:closing loop
[7.563s] DEBUG:colcon.colcon_parallel_executor.executor.parallel:loop closed
[7.563s] DEBUG:colcon.colcon_parallel_executor.executor.parallel:run_until_complete finished with '0'
[7.564s] DEBUG:colcon.colcon_core.event_reactor:joining thread
[7.580s] INFO:colcon.colcon_core.plugin_system:Skipping extension 'colcon_notification.desktop_notification.terminal_notifier': Not used on non-Darwin systems
[7.581s] INFO:colcon.colcon_core.plugin_system:Skipping extension 'colcon_notification.desktop_notification.win32': Not used on non-Windows systems
[7.581s] INFO:colcon.colcon_notification.desktop_notification:Sending desktop notification using 'notify2'
[7.644s] DEBUG:colcon.colcon_core.event_reactor:joined thread
[7.645s] INFO:colcon.colcon_core.shell:Creating prefix script '/home/ben/SNAKE/SOURCE/ros2/install/local_setup.ps1'
[7.646s] INFO:colcon.colcon_core.shell:Creating prefix util module '/home/ben/SNAKE/SOURCE/ros2/install/_local_setup_util_ps1.py'
[7.648s] INFO:colcon.colcon_core.shell:Creating prefix chain script '/home/ben/SNAKE/SOURCE/ros2/install/setup.ps1'
[7.651s] INFO:colcon.colcon_core.shell:Creating prefix script '/home/ben/SNAKE/SOURCE/ros2/install/local_setup.sh'
[7.653s] INFO:colcon.colcon_core.shell:Creating prefix util module '/home/ben/SNAKE/SOURCE/ros2/install/_local_setup_util_sh.py'
[7.653s] INFO:colcon.colcon_core.shell:Creating prefix chain script '/home/ben/SNAKE/SOURCE/ros2/install/setup.sh'
[7.656s] INFO:colcon.colcon_core.shell:Creating prefix script '/home/ben/SNAKE/SOURCE/ros2/install/local_setup.bash'
[7.657s] INFO:colcon.colcon_core.shell:Creating prefix chain script '/home/ben/SNAKE/SOURCE/ros2/install/setup.bash'
[7.660s] INFO:colcon.colcon_core.shell:Creating prefix script '/home/ben/SNAKE/SOURCE/ros2/install/local_setup.zsh'
[7.661s] INFO:colcon.colcon_core.shell:Creating prefix chain script '/home/ben/SNAKE/SOURCE/ros2/install/setup.zsh'
