[01m[K/home/ben/SNAKE/SOURCE/ros2/src/nodes_pkg/src/node1.cpp:[m[K In constructor ‘[01m[KNode1::Node1()[m[K’:
[01m[K/home/ben/SNAKE/SOURCE/ros2/src/nodes_pkg/src/node1.cpp:34:68:[m[K [01;31m[Kerror: [m[Kexpected ‘[01m[K)[m[K’ before ‘[01m[Kms[m[K’
   34 |           controller_ = this->create_wall_timer(((int)(1/100*1000))[01;31m[Kms[m[K, std::bind(&Node1::timer_callback, this)); //publish motor cmd every second
      |                                                                    [01;31m[K^~[m[K
[01m[K/home/ben/SNAKE/SOURCE/ros2/src/nodes_pkg/src/node1.cpp:34:48:[m[K [01;36m[Knote: [m[Kto match this ‘[01m[K([m[K’
   34 |           controller_ = this->create_wall_timer[01;36m[K([m[K((int)(1/100*1000))ms, std::bind(&Node1::timer_callback, this)); //publish motor cmd every second
      |                                                [01;36m[K^[m[K
[01m[K/home/ben/SNAKE/SOURCE/ros2/src/nodes_pkg/src/node1.cpp:34:48:[m[K [01;31m[Kerror: [m[Kno matching function for call to ‘[01m[KNode1::create_wall_timer(int, std::_Bind_helper<false, void (Node1::*)(), Node1*>::type)[m[K’
   34 |           controller_ = [01;31m[Kthis->create_wall_timer(((int)(1/100*1000))ms, std::bind(&Node1::timer_callback, this))[m[K; //publish motor cmd every second
      |                         [01;31m[K~~~~~~~~~~~~~~~~~~~~~~~^~~~~~~~~~~~~~~~~~~~~~~~~~~~~~~~~~~~~~~~~~~~~~~~~~~~~~~~~~~~~~~~[m[K
In file included from [01m[K/opt/ros/humble/include/rclcpp/rclcpp/executors/single_threaded_executor.hpp:28[m[K,
                 from [01m[K/opt/ros/humble/include/rclcpp/rclcpp/executors.hpp:22[m[K,
                 from [01m[K/opt/ros/humble/include/rclcpp/rclcpp/rclcpp.hpp:155[m[K,
                 from [01m[K/home/ben/SNAKE/SOURCE/ros2/src/nodes_pkg/src/node1.cpp:6[m[K:
[01m[K/opt/ros/humble/include/rclcpp/rclcpp/node.hpp:238:3:[m[K [01;36m[Knote: [m[Kcandidate: ‘[01m[Ktemplate<class DurationRepT, class DurationT, class CallbackT> typename rclcpp::WallTimer<CallbackT>::SharedPtr rclcpp::Node::create_wall_timer(std::chrono::duration<_Rep1, _Period1>, CallbackT, rclcpp::CallbackGroup::SharedPtr)[m[K’
  238 |   [01;36m[Kcreate_wall_timer[m[K(
      |   [01;36m[K^~~~~~~~~~~~~~~~~[m[K
[01m[K/opt/ros/humble/include/rclcpp/rclcpp/node.hpp:238:3:[m[K [01;36m[Knote: [m[K  template argument deduction/substitution failed:
[01m[K/home/ben/SNAKE/SOURCE/ros2/src/nodes_pkg/src/node1.cpp:34:48:[m[K [01;36m[Knote: [m[K  mismatched types ‘[01m[Kstd::chrono::duration<_Rep1, _Period1>[m[K’ and ‘[01m[Kint[m[K’
   34 |           controller_ = [01;36m[Kthis->create_wall_timer(((int)(1/100*1000))ms, std::bind(&Node1::timer_callback, this))[m[K; //publish motor cmd every second
      |                         [01;36m[K~~~~~~~~~~~~~~~~~~~~~~~^~~~~~~~~~~~~~~~~~~~~~~~~~~~~~~~~~~~~~~~~~~~~~~~~~~~~~~~~~~~~~~~[m[K
gmake[2]: *** [CMakeFiles/node1.dir/build.make:76: CMakeFiles/node1.dir/src/node1.cpp.o] Error 1
gmake[1]: *** [CMakeFiles/Makefile2:139: CMakeFiles/node1.dir/all] Error 2
gmake: *** [Makefile:146: all] Error 2
