[0.254s] DEBUG:colcon:Command line arguments: ['/usr/bin/colcon', 'build', '--packages-select', 'nodes_pkg']
[0.254s] DEBUG:colcon:Parsed command line arguments: Namespace(log_base=None, log_level=None, verb_name='build', build_base='build', install_base='install', merge_install=False, symlink_install=False, test_result_base=None, continue_on_error=False, executor='parallel', parallel_workers=3, event_handlers=None, ignore_user_meta=False, metas=['./colcon.meta'], base_paths=['.'], packages_ignore=None, packages_ignore_regex=None, paths=None, packages_up_to=None, packages_up_to_regex=None, packages_above=None, packages_above_and_dependencies=None, packages_above_depth=None, packages_select_by_dep=None, packages_skip_by_dep=None, packages_skip_up_to=None, packages_select_build_failed=False, packages_skip_build_finished=False, packages_select_test_failures=False, packages_skip_test_passed=False, packages_select=['nodes_pkg'], packages_skip=None, packages_select_regex=None, packages_skip_regex=None, packages_start=None, packages_end=None, allow_overriding=[], cmake_args=None, cmake_target=None, cmake_target_skip_unavailable=False, cmake_clean_cache=False, cmake_clean_first=False, cmake_force_configure=False, ament_cmake_args=None, catkin_cmake_args=None, catkin_skip_building_tests=False, verb_parser=<colcon_defaults.argument_parser.defaults.DefaultArgumentsDecorator object at 0x7f5f98589ba0>, verb_extension=<colcon_core.verb.build.BuildVerb object at 0x7f5f98eebb80>, main=<bound method BuildVerb.main of <colcon_core.verb.build.BuildVerb object at 0x7f5f98eebb80>>)
[0.275s] Level 1:colcon.colcon_core.package_discovery:discover_packages(colcon_meta) check parameters
[0.275s] Level 1:colcon.colcon_core.package_discovery:discover_packages(recursive) check parameters
[0.275s] Level 1:colcon.colcon_core.package_discovery:discover_packages(ignore) check parameters
[0.275s] Level 1:colcon.colcon_core.package_discovery:discover_packages(path) check parameters
[0.275s] Level 1:colcon.colcon_core.package_discovery:discover_packages(colcon_meta) discover
[0.275s] Level 1:colcon.colcon_core.package_discovery:discover_packages(recursive) discover
[0.275s] INFO:colcon.colcon_core.package_discovery:Crawling recursively for packages in '/home/ben/SNAKE/SOURCE/ros2'
[0.275s] Level 1:colcon.colcon_core.package_identification:_identify(.) by extensions ['ignore', 'ignore_ament_install']
[0.275s] Level 1:colcon.colcon_core.package_identification:_identify(.) by extension 'ignore'
[0.275s] Level 1:colcon.colcon_core.package_identification:_identify(.) by extension 'ignore_ament_install'
[0.275s] Level 1:colcon.colcon_core.package_identification:_identify(.) by extensions ['colcon_pkg']
[0.275s] Level 1:colcon.colcon_core.package_identification:_identify(.) by extension 'colcon_pkg'
[0.275s] Level 1:colcon.colcon_core.package_identification:_identify(.) by extensions ['colcon_meta']
[0.276s] Level 1:colcon.colcon_core.package_identification:_identify(.) by extension 'colcon_meta'
[0.276s] Level 1:colcon.colcon_core.package_identification:_identify(.) by extensions ['ros']
[0.276s] Level 1:colcon.colcon_core.package_identification:_identify(.) by extension 'ros'
[0.292s] Level 1:colcon.colcon_core.package_identification:_identify(.) by extensions ['cmake', 'python']
[0.293s] Level 1:colcon.colcon_core.package_identification:_identify(.) by extension 'cmake'
[0.293s] Level 1:colcon.colcon_core.package_identification:_identify(.) by extension 'python'
[0.293s] Level 1:colcon.colcon_core.package_identification:_identify(.) by extensions ['python_setup_py']
[0.293s] Level 1:colcon.colcon_core.package_identification:_identify(.) by extension 'python_setup_py'
[0.293s] Level 1:colcon.colcon_core.package_identification:_identify(build) by extensions ['ignore', 'ignore_ament_install']
[0.293s] Level 1:colcon.colcon_core.package_identification:_identify(build) by extension 'ignore'
[0.293s] Level 1:colcon.colcon_core.package_identification:_identify(build) ignored
[0.293s] Level 1:colcon.colcon_core.package_identification:_identify(config) by extensions ['ignore', 'ignore_ament_install']
[0.293s] Level 1:colcon.colcon_core.package_identification:_identify(config) by extension 'ignore'
[0.293s] Level 1:colcon.colcon_core.package_identification:_identify(config) by extension 'ignore_ament_install'
[0.293s] Level 1:colcon.colcon_core.package_identification:_identify(config) by extensions ['colcon_pkg']
[0.294s] Level 1:colcon.colcon_core.package_identification:_identify(config) by extension 'colcon_pkg'
[0.294s] Level 1:colcon.colcon_core.package_identification:_identify(config) by extensions ['colcon_meta']
[0.294s] Level 1:colcon.colcon_core.package_identification:_identify(config) by extension 'colcon_meta'
[0.294s] Level 1:colcon.colcon_core.package_identification:_identify(config) by extensions ['ros']
[0.294s] Level 1:colcon.colcon_core.package_identification:_identify(config) by extension 'ros'
[0.294s] Level 1:colcon.colcon_core.package_identification:_identify(config) by extensions ['cmake', 'python']
[0.294s] Level 1:colcon.colcon_core.package_identification:_identify(config) by extension 'cmake'
[0.294s] Level 1:colcon.colcon_core.package_identification:_identify(config) by extension 'python'
[0.294s] Level 1:colcon.colcon_core.package_identification:_identify(config) by extensions ['python_setup_py']
[0.294s] Level 1:colcon.colcon_core.package_identification:_identify(config) by extension 'python_setup_py'
[0.294s] Level 1:colcon.colcon_core.package_identification:_identify(install) by extensions ['ignore', 'ignore_ament_install']
[0.294s] Level 1:colcon.colcon_core.package_identification:_identify(install) by extension 'ignore'
[0.294s] Level 1:colcon.colcon_core.package_identification:_identify(install) ignored
[0.295s] Level 1:colcon.colcon_core.package_identification:_identify(log) by extensions ['ignore', 'ignore_ament_install']
[0.295s] Level 1:colcon.colcon_core.package_identification:_identify(log) by extension 'ignore'
[0.295s] Level 1:colcon.colcon_core.package_identification:_identify(log) ignored
[0.295s] Level 1:colcon.colcon_core.package_identification:_identify(src) by extensions ['ignore', 'ignore_ament_install']
[0.295s] Level 1:colcon.colcon_core.package_identification:_identify(src) by extension 'ignore'
[0.295s] Level 1:colcon.colcon_core.package_identification:_identify(src) by extension 'ignore_ament_install'
[0.295s] Level 1:colcon.colcon_core.package_identification:_identify(src) by extensions ['colcon_pkg']
[0.295s] Level 1:colcon.colcon_core.package_identification:_identify(src) by extension 'colcon_pkg'
[0.295s] Level 1:colcon.colcon_core.package_identification:_identify(src) by extensions ['colcon_meta']
[0.295s] Level 1:colcon.colcon_core.package_identification:_identify(src) by extension 'colcon_meta'
[0.295s] Level 1:colcon.colcon_core.package_identification:_identify(src) by extensions ['ros']
[0.295s] Level 1:colcon.colcon_core.package_identification:_identify(src) by extension 'ros'
[0.296s] Level 1:colcon.colcon_core.package_identification:_identify(src) by extensions ['cmake', 'python']
[0.296s] Level 1:colcon.colcon_core.package_identification:_identify(src) by extension 'cmake'
[0.296s] Level 1:colcon.colcon_core.package_identification:_identify(src) by extension 'python'
[0.296s] Level 1:colcon.colcon_core.package_identification:_identify(src) by extensions ['python_setup_py']
[0.296s] Level 1:colcon.colcon_core.package_identification:_identify(src) by extension 'python_setup_py'
[0.296s] Level 1:colcon.colcon_core.package_identification:_identify(src/launch_files) by extensions ['ignore', 'ignore_ament_install']
[0.296s] Level 1:colcon.colcon_core.package_identification:_identify(src/launch_files) by extension 'ignore'
[0.296s] Level 1:colcon.colcon_core.package_identification:_identify(src/launch_files) by extension 'ignore_ament_install'
[0.296s] Level 1:colcon.colcon_core.package_identification:_identify(src/launch_files) by extensions ['colcon_pkg']
[0.296s] Level 1:colcon.colcon_core.package_identification:_identify(src/launch_files) by extension 'colcon_pkg'
[0.296s] Level 1:colcon.colcon_core.package_identification:_identify(src/launch_files) by extensions ['colcon_meta']
[0.296s] Level 1:colcon.colcon_core.package_identification:_identify(src/launch_files) by extension 'colcon_meta'
[0.297s] Level 1:colcon.colcon_core.package_identification:_identify(src/launch_files) by extensions ['ros']
[0.297s] Level 1:colcon.colcon_core.package_identification:_identify(src/launch_files) by extension 'ros'
[0.299s] DEBUG:colcon.colcon_core.package_identification:Package 'src/launch_files' with type 'ros.ament_cmake' and name 'launch_files'
[0.299s] Level 1:colcon.colcon_core.package_identification:_identify(src/nodes_pkg) by extensions ['ignore', 'ignore_ament_install']
[0.299s] Level 1:colcon.colcon_core.package_identification:_identify(src/nodes_pkg) by extension 'ignore'
[0.299s] Level 1:colcon.colcon_core.package_identification:_identify(src/nodes_pkg) by extension 'ignore_ament_install'
[0.300s] Level 1:colcon.colcon_core.package_identification:_identify(src/nodes_pkg) by extensions ['colcon_pkg']
[0.300s] Level 1:colcon.colcon_core.package_identification:_identify(src/nodes_pkg) by extension 'colcon_pkg'
[0.300s] Level 1:colcon.colcon_core.package_identification:_identify(src/nodes_pkg) by extensions ['colcon_meta']
[0.300s] Level 1:colcon.colcon_core.package_identification:_identify(src/nodes_pkg) by extension 'colcon_meta'
[0.300s] Level 1:colcon.colcon_core.package_identification:_identify(src/nodes_pkg) by extensions ['ros']
[0.300s] Level 1:colcon.colcon_core.package_identification:_identify(src/nodes_pkg) by extension 'ros'
[0.300s] DEBUG:colcon.colcon_core.package_identification:Package 'src/nodes_pkg' with type 'ros.ament_cmake' and name 'nodes_pkg'
[0.300s] Level 1:colcon.colcon_core.package_discovery:discover_packages(recursive) using defaults
[0.301s] Level 1:colcon.colcon_core.package_discovery:discover_packages(ignore) discover
[0.301s] Level 1:colcon.colcon_core.package_discovery:discover_packages(ignore) using defaults
[0.301s] Level 1:colcon.colcon_core.package_discovery:discover_packages(path) discover
[0.301s] Level 1:colcon.colcon_core.package_discovery:discover_packages(path) using defaults
[0.324s] INFO:colcon.colcon_core.package_selection:Skipping not selected package 'launch_files' in 'src/launch_files'
[0.325s] Level 1:colcon.colcon_core.package_discovery:discover_packages(prefix_path) check parameters
[0.325s] Level 1:colcon.colcon_core.package_discovery:discover_packages(prefix_path) discover
[0.327s] DEBUG:colcon.colcon_installed_package_information.package_discovery:Found 2 installed packages in /home/ben/SNAKE/SOURCE/ros2/install
[0.328s] DEBUG:colcon.colcon_installed_package_information.package_discovery:Found 4 installed packages in /home/ben/ros2_ws/install
[0.329s] DEBUG:colcon.colcon_installed_package_information.package_discovery:Found 271 installed packages in /opt/ros/humble
[0.331s] Level 1:colcon.colcon_core.package_discovery:discover_packages(prefix_path) using defaults
[0.382s] Level 5:colcon.colcon_core.verb:set package 'nodes_pkg' build argument 'cmake_args' from command line to 'None'
[0.382s] Level 5:colcon.colcon_core.verb:set package 'nodes_pkg' build argument 'cmake_target' from command line to 'None'
[0.382s] Level 5:colcon.colcon_core.verb:set package 'nodes_pkg' build argument 'cmake_target_skip_unavailable' from command line to 'False'
[0.382s] Level 5:colcon.colcon_core.verb:set package 'nodes_pkg' build argument 'cmake_clean_cache' from command line to 'False'
[0.382s] Level 5:colcon.colcon_core.verb:set package 'nodes_pkg' build argument 'cmake_clean_first' from command line to 'False'
[0.382s] Level 5:colcon.colcon_core.verb:set package 'nodes_pkg' build argument 'cmake_force_configure' from command line to 'False'
[0.382s] Level 5:colcon.colcon_core.verb:set package 'nodes_pkg' build argument 'ament_cmake_args' from command line to 'None'
[0.382s] Level 5:colcon.colcon_core.verb:set package 'nodes_pkg' build argument 'catkin_cmake_args' from command line to 'None'
[0.382s] Level 5:colcon.colcon_core.verb:set package 'nodes_pkg' build argument 'catkin_skip_building_tests' from command line to 'False'
[0.382s] DEBUG:colcon.colcon_core.verb:Building package 'nodes_pkg' with the following arguments: {'ament_cmake_args': None, 'build_base': '/home/ben/SNAKE/SOURCE/ros2/build/nodes_pkg', 'catkin_cmake_args': None, 'catkin_skip_building_tests': False, 'cmake_args': None, 'cmake_clean_cache': False, 'cmake_clean_first': False, 'cmake_force_configure': False, 'cmake_target': None, 'cmake_target_skip_unavailable': False, 'install_base': '/home/ben/SNAKE/SOURCE/ros2/install/nodes_pkg', 'merge_install': False, 'path': '/home/ben/SNAKE/SOURCE/ros2/src/nodes_pkg', 'symlink_install': False, 'test_result_base': None}
[0.383s] INFO:colcon.colcon_core.executor:Executing jobs using 'parallel' executor
[0.387s] DEBUG:colcon.colcon_parallel_executor.executor.parallel:run_until_complete
[0.387s] INFO:colcon.colcon_ros.task.ament_cmake.build:Building ROS package in '/home/ben/SNAKE/SOURCE/ros2/src/nodes_pkg' with build type 'ament_cmake'
[0.387s] INFO:colcon.colcon_cmake.task.cmake.build:Building CMake package in '/home/ben/SNAKE/SOURCE/ros2/src/nodes_pkg'
[0.391s] INFO:colcon.colcon_core.plugin_system:Skipping extension 'colcon_core.shell.bat': Not used on non-Windows systems
[0.391s] INFO:colcon.colcon_core.shell:Skip shell extension 'powershell' for command environment: Not usable outside of PowerShell
[0.392s] DEBUG:colcon.colcon_core.shell:Skip shell extension 'dsv' for command environment
[0.405s] DEBUG:colcon.colcon_core.event_handler.log_command:Invoking command in '/home/ben/SNAKE/SOURCE/ros2/build/nodes_pkg': CMAKE_PREFIX_PATH=${CMAKE_PREFIX_PATH}:/opt/ros/humble /usr/bin/cmake --build /home/ben/SNAKE/SOURCE/ros2/build/nodes_pkg -- -j3 -l3
[10.520s] DEBUG:colcon.colcon_core.event_handler.log_command:Invoked command in '/home/ben/SNAKE/SOURCE/ros2/build/nodes_pkg' returned '0': CMAKE_PREFIX_PATH=${CMAKE_PREFIX_PATH}:/opt/ros/humble /usr/bin/cmake --build /home/ben/SNAKE/SOURCE/ros2/build/nodes_pkg -- -j3 -l3
[10.588s] DEBUG:colcon.colcon_core.event_handler.log_command:Invoking command in '/home/ben/SNAKE/SOURCE/ros2/build/nodes_pkg': CMAKE_PREFIX_PATH=${CMAKE_PREFIX_PATH}:/opt/ros/humble /usr/bin/cmake --install /home/ben/SNAKE/SOURCE/ros2/build/nodes_pkg
[10.623s] Level 1:colcon.colcon_core.environment:create_environment_scripts_only(nodes_pkg)
[10.628s] Level 1:colcon.colcon_core.environment:checking '/home/ben/SNAKE/SOURCE/ros2/install/nodes_pkg' for CMake module files
[10.629s] Level 1:colcon.colcon_core.environment:checking '/home/ben/SNAKE/SOURCE/ros2/install/nodes_pkg' for CMake config files
[10.629s] Level 1:colcon.colcon_core.shell:create_environment_hook('nodes_pkg', 'cmake_prefix_path')
[10.630s] INFO:colcon.colcon_core.shell:Creating environment hook '/home/ben/SNAKE/SOURCE/ros2/install/nodes_pkg/share/nodes_pkg/hook/cmake_prefix_path.ps1'
[10.631s] DEBUG:colcon.colcon_core.event_handler.log_command:Invoked command in '/home/ben/SNAKE/SOURCE/ros2/build/nodes_pkg' returned '0': CMAKE_PREFIX_PATH=${CMAKE_PREFIX_PATH}:/opt/ros/humble /usr/bin/cmake --install /home/ben/SNAKE/SOURCE/ros2/build/nodes_pkg
[10.632s] INFO:colcon.colcon_core.shell:Creating environment descriptor '/home/ben/SNAKE/SOURCE/ros2/install/nodes_pkg/share/nodes_pkg/hook/cmake_prefix_path.dsv'
[10.632s] INFO:colcon.colcon_core.shell:Creating environment hook '/home/ben/SNAKE/SOURCE/ros2/install/nodes_pkg/share/nodes_pkg/hook/cmake_prefix_path.sh'
[10.633s] Level 1:colcon.colcon_core.environment:checking '/home/ben/SNAKE/SOURCE/ros2/install/nodes_pkg/lib'
[10.633s] Level 1:colcon.colcon_core.environment:checking '/home/ben/SNAKE/SOURCE/ros2/install/nodes_pkg/bin'
[10.633s] Level 1:colcon.colcon_core.environment:checking '/home/ben/SNAKE/SOURCE/ros2/install/nodes_pkg/lib/pkgconfig/nodes_pkg.pc'
[10.634s] Level 1:colcon.colcon_core.environment:checking '/home/ben/SNAKE/SOURCE/ros2/install/nodes_pkg/lib/python3.10/site-packages'
[10.634s] Level 1:colcon.colcon_core.environment:checking '/home/ben/SNAKE/SOURCE/ros2/install/nodes_pkg/bin'
[10.635s] INFO:colcon.colcon_core.shell:Creating package script '/home/ben/SNAKE/SOURCE/ros2/install/nodes_pkg/share/nodes_pkg/package.ps1'
[10.637s] INFO:colcon.colcon_core.shell:Creating package descriptor '/home/ben/SNAKE/SOURCE/ros2/install/nodes_pkg/share/nodes_pkg/package.dsv'
[10.640s] INFO:colcon.colcon_core.shell:Creating package script '/home/ben/SNAKE/SOURCE/ros2/install/nodes_pkg/share/nodes_pkg/package.sh'
[10.642s] INFO:colcon.colcon_core.shell:Creating package script '/home/ben/SNAKE/SOURCE/ros2/install/nodes_pkg/share/nodes_pkg/package.bash'
[10.645s] INFO:colcon.colcon_core.shell:Creating package script '/home/ben/SNAKE/SOURCE/ros2/install/nodes_pkg/share/nodes_pkg/package.zsh'
[10.646s] Level 1:colcon.colcon_core.environment:create_file_with_runtime_dependencies(/home/ben/SNAKE/SOURCE/ros2/install/nodes_pkg/share/colcon-core/packages/nodes_pkg)
[10.691s] Level 1:colcon.colcon_core.environment:create_environment_scripts_only(nodes_pkg)
[10.692s] Level 1:colcon.colcon_core.environment:checking '/home/ben/SNAKE/SOURCE/ros2/install/nodes_pkg' for CMake module files
[10.693s] Level 1:colcon.colcon_core.environment:checking '/home/ben/SNAKE/SOURCE/ros2/install/nodes_pkg' for CMake config files
[10.693s] Level 1:colcon.colcon_core.shell:create_environment_hook('nodes_pkg', 'cmake_prefix_path')
[10.694s] INFO:colcon.colcon_core.shell:Creating environment hook '/home/ben/SNAKE/SOURCE/ros2/install/nodes_pkg/share/nodes_pkg/hook/cmake_prefix_path.ps1'
[10.694s] INFO:colcon.colcon_core.shell:Creating environment descriptor '/home/ben/SNAKE/SOURCE/ros2/install/nodes_pkg/share/nodes_pkg/hook/cmake_prefix_path.dsv'
[10.695s] INFO:colcon.colcon_core.shell:Creating environment hook '/home/ben/SNAKE/SOURCE/ros2/install/nodes_pkg/share/nodes_pkg/hook/cmake_prefix_path.sh'
[10.695s] Level 1:colcon.colcon_core.environment:checking '/home/ben/SNAKE/SOURCE/ros2/install/nodes_pkg/lib'
[10.696s] Level 1:colcon.colcon_core.environment:checking '/home/ben/SNAKE/SOURCE/ros2/install/nodes_pkg/bin'
[10.696s] Level 1:colcon.colcon_core.environment:checking '/home/ben/SNAKE/SOURCE/ros2/install/nodes_pkg/lib/pkgconfig/nodes_pkg.pc'
[10.696s] Level 1:colcon.colcon_core.environment:checking '/home/ben/SNAKE/SOURCE/ros2/install/nodes_pkg/lib/python3.10/site-packages'
[10.696s] Level 1:colcon.colcon_core.environment:checking '/home/ben/SNAKE/SOURCE/ros2/install/nodes_pkg/bin'
[10.700s] INFO:colcon.colcon_core.shell:Creating package script '/home/ben/SNAKE/SOURCE/ros2/install/nodes_pkg/share/nodes_pkg/package.ps1'
[10.704s] INFO:colcon.colcon_core.shell:Creating package descriptor '/home/ben/SNAKE/SOURCE/ros2/install/nodes_pkg/share/nodes_pkg/package.dsv'
[10.705s] INFO:colcon.colcon_core.shell:Creating package script '/home/ben/SNAKE/SOURCE/ros2/install/nodes_pkg/share/nodes_pkg/package.sh'
[10.705s] INFO:colcon.colcon_core.shell:Creating package script '/home/ben/SNAKE/SOURCE/ros2/install/nodes_pkg/share/nodes_pkg/package.bash'
[10.706s] INFO:colcon.colcon_core.shell:Creating package script '/home/ben/SNAKE/SOURCE/ros2/install/nodes_pkg/share/nodes_pkg/package.zsh'
[10.706s] Level 1:colcon.colcon_core.environment:create_file_with_runtime_dependencies(/home/ben/SNAKE/SOURCE/ros2/install/nodes_pkg/share/colcon-core/packages/nodes_pkg)
[10.707s] DEBUG:colcon.colcon_parallel_executor.executor.parallel:closing loop
[10.707s] DEBUG:colcon.colcon_parallel_executor.executor.parallel:loop closed
[10.707s] DEBUG:colcon.colcon_parallel_executor.executor.parallel:run_until_complete finished with '0'
[10.708s] DEBUG:colcon.colcon_core.event_reactor:joining thread
[10.713s] INFO:colcon.colcon_core.plugin_system:Skipping extension 'colcon_notification.desktop_notification.terminal_notifier': Not used on non-Darwin systems
[10.713s] INFO:colcon.colcon_core.plugin_system:Skipping extension 'colcon_notification.desktop_notification.win32': Not used on non-Windows systems
[10.713s] INFO:colcon.colcon_notification.desktop_notification:Sending desktop notification using 'notify2'
[10.730s] DEBUG:colcon.colcon_core.event_reactor:joined thread
[10.731s] INFO:colcon.colcon_core.shell:Creating prefix script '/home/ben/SNAKE/SOURCE/ros2/install/local_setup.ps1'
[10.732s] INFO:colcon.colcon_core.shell:Creating prefix util module '/home/ben/SNAKE/SOURCE/ros2/install/_local_setup_util_ps1.py'
[10.735s] INFO:colcon.colcon_core.shell:Creating prefix chain script '/home/ben/SNAKE/SOURCE/ros2/install/setup.ps1'
[10.737s] INFO:colcon.colcon_core.shell:Creating prefix script '/home/ben/SNAKE/SOURCE/ros2/install/local_setup.sh'
[10.738s] INFO:colcon.colcon_core.shell:Creating prefix util module '/home/ben/SNAKE/SOURCE/ros2/install/_local_setup_util_sh.py'
[10.742s] INFO:colcon.colcon_core.shell:Creating prefix chain script '/home/ben/SNAKE/SOURCE/ros2/install/setup.sh'
[10.750s] INFO:colcon.colcon_core.shell:Creating prefix script '/home/ben/SNAKE/SOURCE/ros2/install/local_setup.bash'
[10.751s] INFO:colcon.colcon_core.shell:Creating prefix chain script '/home/ben/SNAKE/SOURCE/ros2/install/setup.bash'
[10.753s] INFO:colcon.colcon_core.shell:Creating prefix script '/home/ben/SNAKE/SOURCE/ros2/install/local_setup.zsh'
[10.753s] INFO:colcon.colcon_core.shell:Creating prefix chain script '/home/ben/SNAKE/SOURCE/ros2/install/setup.zsh'
