[0.017s] Invoking command in '/home/ben/SNAKE/SOURCE/ros2/build/nodes_pkg': CMAKE_PREFIX_PATH=${CMAKE_PREFIX_PATH}:/opt/ros/humble /usr/bin/cmake --build /home/ben/SNAKE/SOURCE/ros2/build/nodes_pkg -- -j3 -l3
[0.068s] [35m[1mConsolidate compiler generated dependencies of target node1[0m
[0.082s] [ 50%] Built target node2
[0.096s] [ 75%] [32mBuilding CXX object CMakeFiles/node1.dir/src/node1.cpp.o[0m
[2.738s] [01m[K/home/ben/SNAKE/SOURCE/ros2/src/nodes_pkg/src/node1.cpp:[m[K In member function ‘[01m[Kvoid Node1::get_parameters()[m[K’:
[2.738s] [01m[K/home/ben/SNAKE/SOURCE/ros2/src/nodes_pkg/src/node1.cpp:102:85:[m[K [01;31m[Kerror: [m[Kno match for ‘[01m[Koperator=[m[K’ (operand types are ‘[01m[Kstd::vector<float>[m[K’ and ‘[01m[Kconst std::vector<double, std::allocator<double> >[m[K’)
[2.739s]   102 | s->get_parameter("kp").get_parameter_value().get<std::vector<float>>([01;31m[K)[m[K;
[2.739s]       |                                                                      [01;31m[K^[m[K
[2.739s] 
[2.739s] In file included from [01m[K/usr/include/c++/11/vector:72[m[K,
[2.739s]                  from [01m[K/usr/include/c++/11/functional:62[m[K,
[2.739s]                  from [01m[K/home/ben/SNAKE/SOURCE/ros2/src/nodes_pkg/src/node1.cpp:2[m[K:
[2.739s] [01m[K/usr/include/c++/11/bits/vector.tcc:198:5:[m[K [01;36m[Knote: [m[Kcandidate: ‘[01m[Kstd::vector<_Tp, _Alloc>& std::vector<_Tp, _Alloc>::operator=(const std::vector<_Tp, _Alloc>&) [with _Tp = float; _Alloc = std::allocator<float>][m[K’
[2.739s]   198 |     [01;36m[Kvector<_Tp, _Alloc>[m[K::
[2.739s]       |     [01;36m[K^~~~~~~~~~~~~~~~~~~[m[K
[2.739s] [01m[K/usr/include/c++/11/bits/vector.tcc:199:42:[m[K [01;36m[Knote: [m[K  no known conversion for argument 1 from ‘[01m[Kconst std::vector<double, std::allocator<double> >[m[K’ to ‘[01m[Kconst std::vector<float>&[m[K’
[2.739s]   199 |     operator=([01;36m[Kconst vector<_Tp, _Alloc>& __x[m[K)
[2.739s]       |               [01;36m[K~~~~~~~~~~~~~~~~~~~~~~~~~~~^~~[m[K
[2.739s] In file included from [01m[K/usr/include/c++/11/vector:67[m[K,
[2.739s]                  from [01m[K/usr/include/c++/11/functional:62[m[K,
[2.740s]                  from [01m[K/home/ben/SNAKE/SOURCE/ros2/src/nodes_pkg/src/node1.cpp:2[m[K:
[2.740s] [01m[K/usr/include/c++/11/bits/stl_vector.h:709:7:[m[K [01;36m[Knote: [m[Kcandidate: ‘[01m[Kstd::vector<_Tp, _Alloc>& std::vector<_Tp, _Alloc>::operator=(std::vector<_Tp, _Alloc>&&) [with _Tp = float; _Alloc = std::allocator<float>][m[K’
[2.740s]   709 |       [01;36m[Koperator[m[K=(vector&& __x) noexcept(_Alloc_traits::_S_nothrow_move())
[2.740s]       |       [01;36m[K^~~~~~~~[m[K
[2.740s] [01m[K/usr/include/c++/11/bits/stl_vector.h:709:26:[m[K [01;36m[Knote: [m[K  no known conversion for argument 1 from ‘[01m[Kconst std::vector<double, std::allocator<double> >[m[K’ to ‘[01m[Kstd::vector<float>&&[m[K’
[2.740s]   709 |       operator=([01;36m[Kvector&& __x[m[K) noexcept(_Alloc_traits::_S_nothrow_move())
[2.740s]       |                 [01;36m[K~~~~~~~~~^~~[m[K
[2.740s] [01m[K/usr/include/c++/11/bits/stl_vector.h:730:7:[m[K [01;36m[Knote: [m[Kcandidate: ‘[01m[Kstd::vector<_Tp, _Alloc>& std::vector<_Tp, _Alloc>::operator=(std::initializer_list<_Tp>) [with _Tp = float; _Alloc = std::allocator<float>][m[K’
[2.740s]   730 |       [01;36m[Koperator[m[K=(initializer_list<value_type> __l)
[2.740s]       |       [01;36m[K^~~~~~~~[m[K
[2.740s] [01m[K/usr/include/c++/11/bits/stl_vector.h:730:46:[m[K [01;36m[Knote: [m[K  no known conversion for argument 1 from ‘[01m[Kconst std::vector<double, std::allocator<double> >[m[K’ to ‘[01m[Kstd::initializer_list<float>[m[K’
[2.740s]   730 |       operator=([01;36m[Kinitializer_list<value_type> __l[m[K)
[2.740s]       |                 [01;36m[K~~~~~~~~~~~~~~~~~~~~~~~~~~~~~^~~[m[K
[2.740s] [01m[K/home/ben/SNAKE/SOURCE/ros2/src/nodes_pkg/src/node1.cpp:103:85:[m[K [01;31m[Kerror: [m[Kno match for ‘[01m[Koperator=[m[K’ (operand types are ‘[01m[Kstd::vector<float>[m[K’ and ‘[01m[Kconst std::vector<double, std::allocator<double> >[m[K’)
[2.740s]   103 | s->get_parameter("ki").get_parameter_value().get<std::vector<float>>([01;31m[K)[m[K;
[2.740s]       |                                                                      [01;31m[K^[m[K
[2.740s] 
[2.740s] In file included from [01m[K/usr/include/c++/11/vector:72[m[K,
[2.740s]                  from [01m[K/usr/include/c++/11/functional:62[m[K,
[2.740s]                  from [01m[K/home/ben/SNAKE/SOURCE/ros2/src/nodes_pkg/src/node1.cpp:2[m[K:
[2.741s] [01m[K/usr/include/c++/11/bits/vector.tcc:198:5:[m[K [01;36m[Knote: [m[Kcandidate: ‘[01m[Kstd::vector<_Tp, _Alloc>& std::vector<_Tp, _Alloc>::operator=(const std::vector<_Tp, _Alloc>&) [with _Tp = float; _Alloc = std::allocator<float>][m[K’
[2.741s]   198 |     [01;36m[Kvector<_Tp, _Alloc>[m[K::
[2.741s]       |     [01;36m[K^~~~~~~~~~~~~~~~~~~[m[K
[2.741s] [01m[K/usr/include/c++/11/bits/vector.tcc:199:42:[m[K [01;36m[Knote: [m[K  no known conversion for argument 1 from ‘[01m[Kconst std::vector<double, std::allocator<double> >[m[K’ to ‘[01m[Kconst std::vector<float>&[m[K’
[2.741s]   199 |     operator=([01;36m[Kconst vector<_Tp, _Alloc>& __x[m[K)
[2.741s]       |               [01;36m[K~~~~~~~~~~~~~~~~~~~~~~~~~~~^~~[m[K
[2.741s] In file included from [01m[K/usr/include/c++/11/vector:67[m[K,
[2.741s]                  from [01m[K/usr/include/c++/11/functional:62[m[K,
[2.741s]                  from [01m[K/home/ben/SNAKE/SOURCE/ros2/src/nodes_pkg/src/node1.cpp:2[m[K:
[2.741s] [01m[K/usr/include/c++/11/bits/stl_vector.h:709:7:[m[K [01;36m[Knote: [m[Kcandidate: ‘[01m[Kstd::vector<_Tp, _Alloc>& std::vector<_Tp, _Alloc>::operator=(std::vector<_Tp, _Alloc>&&) [with _Tp = float; _Alloc = std::allocator<float>][m[K’
[2.741s]   709 |       [01;36m[Koperator[m[K=(vector&& __x) noexcept(_Alloc_traits::_S_nothrow_move())
[2.741s]       |       [01;36m[K^~~~~~~~[m[K
[2.741s] [01m[K/usr/include/c++/11/bits/stl_vector.h:709:26:[m[K [01;36m[Knote: [m[K  no known conversion for argument 1 from ‘[01m[Kconst std::vector<double, std::allocator<double> >[m[K’ to ‘[01m[Kstd::vector<float>&&[m[K’
[2.741s]   709 |       operator=([01;36m[Kvector&& __x[m[K) noexcept(_Alloc_traits::_S_nothrow_move())
[2.741s]       |                 [01;36m[K~~~~~~~~~^~~[m[K
[2.741s] [01m[K/usr/include/c++/11/bits/stl_vector.h:730:7:[m[K [01;36m[Knote: [m[Kcandidate: ‘[01m[Kstd::vector<_Tp, _Alloc>& std::vector<_Tp, _Alloc>::operator=(std::initializer_list<_Tp>) [with _Tp = float; _Alloc = std::allocator<float>][m[K’
[2.741s]   730 |       [01;36m[Koperator[m[K=(initializer_list<value_type> __l)
[2.741s]       |       [01;36m[K^~~~~~~~[m[K
[2.742s] [01m[K/usr/include/c++/11/bits/stl_vector.h:730:46:[m[K [01;36m[Knote: [m[K  no known conversion for argument 1 from ‘[01m[Kconst std::vector<double, std::allocator<double> >[m[K’ to ‘[01m[Kstd::initializer_list<float>[m[K’
[2.742s]   730 |       operator=([01;36m[Kinitializer_list<value_type> __l[m[K)
[2.742s]       |                 [01;36m[K~~~~~~~~~~~~~~~~~~~~~~~~~~~~~^~~[m[K
[2.742s] [01m[K/home/ben/SNAKE/SOURCE/ros2/src/nodes_pkg/src/node1.cpp:104:85:[m[K [01;31m[Kerror: [m[Kno match for ‘[01m[Koperator=[m[K’ (operand types are ‘[01m[Kstd::vector<float>[m[K’ and ‘[01m[Kconst std::vector<double, std::allocator<double> >[m[K’)
[2.742s]   104 | s->get_parameter("kd").get_parameter_value().get<std::vector<float>>([01;31m[K)[m[K;
[2.742s]       |                                                                      [01;31m[K^[m[K
[2.742s] 
[2.742s] In file included from [01m[K/usr/include/c++/11/vector:72[m[K,
[2.742s]                  from [01m[K/usr/include/c++/11/functional:62[m[K,
[2.742s]                  from [01m[K/home/ben/SNAKE/SOURCE/ros2/src/nodes_pkg/src/node1.cpp:2[m[K:
[2.742s] [01m[K/usr/include/c++/11/bits/vector.tcc:198:5:[m[K [01;36m[Knote: [m[Kcandidate: ‘[01m[Kstd::vector<_Tp, _Alloc>& std::vector<_Tp, _Alloc>::operator=(const std::vector<_Tp, _Alloc>&) [with _Tp = float; _Alloc = std::allocator<float>][m[K’
[2.742s]   198 |     [01;36m[Kvector<_Tp, _Alloc>[m[K::
[2.742s]       |     [01;36m[K^~~~~~~~~~~~~~~~~~~[m[K
[2.742s] [01m[K/usr/include/c++/11/bits/vector.tcc:199:42:[m[K [01;36m[Knote: [m[K  no known conversion for argument 1 from ‘[01m[Kconst std::vector<double, std::allocator<double> >[m[K’ to ‘[01m[Kconst std::vector<float>&[m[K’
[2.742s]   199 |     operator=([01;36m[Kconst vector<_Tp, _Alloc>& __x[m[K)
[2.742s]       |               [01;36m[K~~~~~~~~~~~~~~~~~~~~~~~~~~~^~~[m[K
[2.742s] In file included from [01m[K/usr/include/c++/11/vector:67[m[K,
[2.742s]                  from [01m[K/usr/include/c++/11/functional:62[m[K,
[2.743s]                  from [01m[K/home/ben/SNAKE/SOURCE/ros2/src/nodes_pkg/src/node1.cpp:2[m[K:
[2.743s] [01m[K/usr/include/c++/11/bits/stl_vector.h:709:7:[m[K [01;36m[Knote: [m[Kcandidate: ‘[01m[Kstd::vector<_Tp, _Alloc>& std::vector<_Tp, _Alloc>::operator=(std::vector<_Tp, _Alloc>&&) [with _Tp = float; _Alloc = std::allocator<float>][m[K’
[2.743s]   709 |       [01;36m[Koperator[m[K=(vector&& __x) noexcept(_Alloc_traits::_S_nothrow_move())
[2.743s]       |       [01;36m[K^~~~~~~~[m[K
[2.743s] [01m[K/usr/include/c++/11/bits/stl_vector.h:709:26:[m[K [01;36m[Knote: [m[K  no known conversion for argument 1 from ‘[01m[Kconst std::vector<double, std::allocator<double> >[m[K’ to ‘[01m[Kstd::vector<float>&&[m[K’
[2.743s]   709 |       operator=([01;36m[Kvector&& __x[m[K) noexcept(_Alloc_traits::_S_nothrow_move())
[2.743s]       |                 [01;36m[K~~~~~~~~~^~~[m[K
[2.743s] [01m[K/usr/include/c++/11/bits/stl_vector.h:730:7:[m[K [01;36m[Knote: [m[Kcandidate: ‘[01m[Kstd::vector<_Tp, _Alloc>& std::vector<_Tp, _Alloc>::operator=(std::initializer_list<_Tp>) [with _Tp = float; _Alloc = std::allocator<float>][m[K’
[2.743s]   730 |       [01;36m[Koperator[m[K=(initializer_list<value_type> __l)
[2.743s]       |       [01;36m[K^~~~~~~~[m[K
[2.743s] [01m[K/usr/include/c++/11/bits/stl_vector.h:730:46:[m[K [01;36m[Knote: [m[K  no known conversion for argument 1 from ‘[01m[Kconst std::vector<double, std::allocator<double> >[m[K’ to ‘[01m[Kstd::initializer_list<float>[m[K’
[2.743s]   730 |       operator=([01;36m[Kinitializer_list<value_type> __l[m[K)
[2.743s]       |                 [01;36m[K~~~~~~~~~~~~~~~~~~~~~~~~~~~~~^~~[m[K
[5.467s] gmake[2]: *** [CMakeFiles/node1.dir/build.make:76: CMakeFiles/node1.dir/src/node1.cpp.o] Error 1
[5.467s] gmake[1]: *** [CMakeFiles/Makefile2:139: CMakeFiles/node1.dir/all] Error 2
[5.467s] gmake: *** [Makefile:146: all] Error 2
[5.469s] Invoked command in '/home/ben/SNAKE/SOURCE/ros2/build/nodes_pkg' returned '2': CMAKE_PREFIX_PATH=${CMAKE_PREFIX_PATH}:/opt/ros/humble /usr/bin/cmake --build /home/ben/SNAKE/SOURCE/ros2/build/nodes_pkg -- -j3 -l3
