[0.037s] Invoking command in '/home/ben/SNAKE/SOURCE/ros2/build/nodes_pkg': CMAKE_PREFIX_PATH=${CMAKE_PREFIX_PATH}:/opt/ros/humble /usr/bin/cmake --build /home/ben/SNAKE/SOURCE/ros2/build/nodes_pkg -- -j3 -l3
[0.128s] [35m[1mConsolidate compiler generated dependencies of target node2[0m
[0.141s] [ 50%] Built target node1
[0.163s] [ 75%] [32mBuilding CXX object CMakeFiles/node2.dir/src/node2.cpp.o[0m
[5.887s] [100%] [32m[1mLinking CXX executable node2[0m
[6.117s] [100%] Built target node2
[6.131s] Invoked command in '/home/ben/SNAKE/SOURCE/ros2/build/nodes_pkg' returned '0': CMAKE_PREFIX_PATH=${CMAKE_PREFIX_PATH}:/opt/ros/humble /usr/bin/cmake --build /home/ben/SNAKE/SOURCE/ros2/build/nodes_pkg -- -j3 -l3
[6.183s] Invoking command in '/home/ben/SNAKE/SOURCE/ros2/build/nodes_pkg': CMAKE_PREFIX_PATH=${CMAKE_PREFIX_PATH}:/opt/ros/humble /usr/bin/cmake --install /home/ben/SNAKE/SOURCE/ros2/build/nodes_pkg
[6.193s] -- Install configuration: ""
[6.193s] -- Up-to-date: /home/ben/SNAKE/SOURCE/ros2/install/nodes_pkg/lib/nodes_pkg/node1
[6.193s] -- Installing: /home/ben/SNAKE/SOURCE/ros2/install/nodes_pkg/lib/nodes_pkg/node2
[6.195s] -- Set runtime path of "/home/ben/SNAKE/SOURCE/ros2/install/nodes_pkg/lib/nodes_pkg/node2" to ""
[6.195s] -- Up-to-date: /home/ben/SNAKE/SOURCE/ros2/install/nodes_pkg/share/ament_index/resource_index/package_run_dependencies/nodes_pkg
[6.195s] -- Up-to-date: /home/ben/SNAKE/SOURCE/ros2/install/nodes_pkg/share/ament_index/resource_index/parent_prefix_path/nodes_pkg
[6.196s] -- Up-to-date: /home/ben/SNAKE/SOURCE/ros2/install/nodes_pkg/share/nodes_pkg/environment/ament_prefix_path.sh
[6.196s] -- Up-to-date: /home/ben/SNAKE/SOURCE/ros2/install/nodes_pkg/share/nodes_pkg/environment/ament_prefix_path.dsv
[6.196s] -- Up-to-date: /home/ben/SNAKE/SOURCE/ros2/install/nodes_pkg/share/nodes_pkg/environment/path.sh
[6.196s] -- Up-to-date: /home/ben/SNAKE/SOURCE/ros2/install/nodes_pkg/share/nodes_pkg/environment/path.dsv
[6.196s] -- Up-to-date: /home/ben/SNAKE/SOURCE/ros2/install/nodes_pkg/share/nodes_pkg/local_setup.bash
[6.196s] -- Up-to-date: /home/ben/SNAKE/SOURCE/ros2/install/nodes_pkg/share/nodes_pkg/local_setup.sh
[6.196s] -- Up-to-date: /home/ben/SNAKE/SOURCE/ros2/install/nodes_pkg/share/nodes_pkg/local_setup.zsh
[6.197s] -- Up-to-date: /home/ben/SNAKE/SOURCE/ros2/install/nodes_pkg/share/nodes_pkg/local_setup.dsv
[6.197s] -- Installing: /home/ben/SNAKE/SOURCE/ros2/install/nodes_pkg/share/nodes_pkg/package.dsv
[6.197s] -- Up-to-date: /home/ben/SNAKE/SOURCE/ros2/install/nodes_pkg/share/ament_index/resource_index/packages/nodes_pkg
[6.197s] -- Up-to-date: /home/ben/SNAKE/SOURCE/ros2/install/nodes_pkg/share/nodes_pkg/cmake/nodes_pkgConfig.cmake
[6.197s] -- Up-to-date: /home/ben/SNAKE/SOURCE/ros2/install/nodes_pkg/share/nodes_pkg/cmake/nodes_pkgConfig-version.cmake
[6.197s] -- Up-to-date: /home/ben/SNAKE/SOURCE/ros2/install/nodes_pkg/share/nodes_pkg/package.xml
[6.202s] Invoked command in '/home/ben/SNAKE/SOURCE/ros2/build/nodes_pkg' returned '0': CMAKE_PREFIX_PATH=${CMAKE_PREFIX_PATH}:/opt/ros/humble /usr/bin/cmake --install /home/ben/SNAKE/SOURCE/ros2/build/nodes_pkg
