[0.015s] Invoking command in '/home/ben/SNAKE/SOURCE/ros2/build/nodes_pkg': CMAKE_PREFIX_PATH=${CMAKE_PREFIX_PATH}:/opt/ros/humble /usr/bin/cmake --build /home/ben/SNAKE/SOURCE/ros2/build/nodes_pkg -- -j3 -l3
[0.069s] [35m[1mConsolidate compiler generated dependencies of target node1[0m
[0.087s] [ 50%] [32mBuilding CXX object CMakeFiles/node1.dir/src/node1.cpp.o[0m
[3.067s] In file included from [01m[K/opt/ros/humble/include/rclcpp/rclcpp/subscription_base.hpp:32[m[K,
[3.067s]                  from [01m[K/opt/ros/humble/include/rclcpp/rclcpp/callback_group.hpp:26[m[K,
[3.067s]                  from [01m[K/opt/ros/humble/include/rclcpp/rclcpp/any_executable.hpp:20[m[K,
[3.067s]                  from [01m[K/opt/ros/humble/include/rclcpp/rclcpp/memory_strategy.hpp:25[m[K,
[3.067s]                  from [01m[K/opt/ros/humble/include/rclcpp/rclcpp/memory_strategies.hpp:18[m[K,
[3.067s]                  from [01m[K/opt/ros/humble/include/rclcpp/rclcpp/executor_options.hpp:20[m[K,
[3.067s]                  from [01m[K/opt/ros/humble/include/rclcpp/rclcpp/executor.hpp:37[m[K,
[3.068s]                  from [01m[K/opt/ros/humble/include/rclcpp/rclcpp/executors/multi_threaded_executor.hpp:25[m[K,
[3.068s]                  from [01m[K/opt/ros/humble/include/rclcpp/rclcpp/executors.hpp:21[m[K,
[3.068s]                  from [01m[K/opt/ros/humble/include/rclcpp/rclcpp/rclcpp.hpp:155[m[K,
[3.068s]                  from [01m[K/home/ben/SNAKE/SOURCE/ros2/src/nodes_pkg/src/node1.cpp:1[m[K:
[3.068s] /opt/ros/humble/include/rclcpp/rclcpp/any_subscription_callback.hpp: In instantiation of ‘[01m[Krclcpp::AnySubscriptionCallback<MessageT, AllocatorT> rclcpp::AnySubscriptionCallback<MessageT, AllocatorT>::set(CallbackT) [with CallbackT = std::_Bind<void (Node1::*(Node1*, std::_Placeholder<2>))(std_msgs::msg::Float32MultiArray_<std::allocator<void> >)>; MessageT = std_msgs::msg::Float32MultiArray_<std::allocator<void> >; AllocatorT = std::allocator<void>][m[K’:
[3.068s] [01m[K/opt/ros/humble/include/rclcpp/rclcpp/subscription_factory.hpp:94:32:[m[K   required from ‘[01m[Krclcpp::SubscriptionFactory rclcpp::create_subscription_factory(CallbackT&&, const rclcpp::SubscriptionOptionsWithAllocator<AllocatorT>&, typename MessageMemoryStrategyT::SharedPtr, std::shared_ptr<rclcpp::topic_statistics::SubscriptionTopicStatistics<ROSMessageType> >) [with MessageT = std_msgs::msg::Float32MultiArray_<std::allocator<void> >; CallbackT = std::_Bind<void (Node1::*(Node1*, std::_Placeholder<2>))(std_msgs::msg::Float32MultiArray_<std::allocator<void> >)>; AllocatorT = std::allocator<void>; SubscriptionT = rclcpp::Subscription<std_msgs::msg::Float32MultiArray_<std::allocator<void> > >; MessageMemoryStrategyT = rclcpp::message_memory_strategy::MessageMemoryStrategy<std_msgs::msg::Float32MultiArray_<std::allocator<void> >, std::allocator<void> >; ROSMessageType = std_msgs::msg::Float32MultiArray_<std::allocator<void> >; typename MessageMemoryStrategyT::SharedPtr = std::shared_ptr<rclcpp::message_memory_strategy::MessageMemoryStrategy<std_msgs::msg::Float32MultiArray_<std::allocator<void> >, std::allocator<void> > >][m[K’
[3.068s] [01m[K/opt/ros/humble/include/rclcpp/rclcpp/create_subscription.hpp:122:63:[m[K   required from ‘[01m[Kstd::shared_ptr<ROSMessageT> rclcpp::detail::create_subscription(NodeParametersT&, NodeTopicsT&, const string&, const rclcpp::QoS&, CallbackT&&, const rclcpp::SubscriptionOptionsWithAllocator<AllocatorT>&, typename MessageMemoryStrategyT::SharedPtr) [with MessageT = std_msgs::msg::Float32MultiArray_<std::allocator<void> >; CallbackT = std::_Bind<void (Node1::*(Node1*, std::_Placeholder<2>))(std_msgs::msg::Float32MultiArray_<std::allocator<void> >)>; AllocatorT = std::allocator<void>; SubscriptionT = rclcpp::Subscription<std_msgs::msg::Float32MultiArray_<std::allocator<void> > >; MessageMemoryStrategyT = rclcpp::message_memory_strategy::MessageMemoryStrategy<std_msgs::msg::Float32MultiArray_<std::allocator<void> >, std::allocator<void> >; NodeParametersT = rclcpp::Node; NodeTopicsT = rclcpp::Node; ROSMessageType = std_msgs::msg::Float32MultiArray_<std::allocator<void> >; std::string = std::__cxx11::basic_string<char>; typename MessageMemoryStrategyT::SharedPtr = std::shared_ptr<rclcpp::message_memory_strategy::MessageMemoryStrategy<std_msgs::msg::Float32MultiArray_<std::allocator<void> >, std::allocator<void> > >][m[K’
[3.069s] [01m[K/opt/ros/humble/include/rclcpp/rclcpp/create_subscription.hpp:191:76:[m[K   required from ‘[01m[Kstd::shared_ptr<ROSMessageT> rclcpp::create_subscription(NodeT&, const string&, const rclcpp::QoS&, CallbackT&&, const rclcpp::SubscriptionOptionsWithAllocator<AllocatorT>&, typename MessageMemoryStrategyT::SharedPtr) [with MessageT = std_msgs::msg::Float32MultiArray_<std::allocator<void> >; CallbackT = std::_Bind<void (Node1::*(Node1*, std::_Placeholder<2>))(std_msgs::msg::Float32MultiArray_<std::allocator<void> >)>; AllocatorT = std::allocator<void>; SubscriptionT = rclcpp::Subscription<std_msgs::msg::Float32MultiArray_<std::allocator<void> > >; MessageMemoryStrategyT = rclcpp::message_memory_strategy::MessageMemoryStrategy<std_msgs::msg::Float32MultiArray_<std::allocator<void> >, std::allocator<void> >; NodeT = rclcpp::Node; std::string = std::__cxx11::basic_string<char>; typename MessageMemoryStrategyT::SharedPtr = std::shared_ptr<rclcpp::message_memory_strategy::MessageMemoryStrategy<std_msgs::msg::Float32MultiArray_<std::allocator<void> >, std::allocator<void> > >][m[K’
[3.069s] [01m[K/opt/ros/humble/include/rclcpp/rclcpp/node_impl.hpp:99:47:[m[K   required from ‘[01m[Kstd::shared_ptr<ROSMessageT> rclcpp::Node::create_subscription(const string&, const rclcpp::QoS&, CallbackT&&, const rclcpp::SubscriptionOptionsWithAllocator<AllocatorT>&, typename MessageMemoryStrategyT::SharedPtr) [with MessageT = std_msgs::msg::Float32MultiArray_<std::allocator<void> >; CallbackT = std::_Bind<void (Node1::*(Node1*, std::_Placeholder<2>))(std_msgs::msg::Float32MultiArray_<std::allocator<void> >)>; AllocatorT = std::allocator<void>; SubscriptionT = rclcpp::Subscription<std_msgs::msg::Float32MultiArray_<std::allocator<void> > >; MessageMemoryStrategyT = rclcpp::message_memory_strategy::MessageMemoryStrategy<std_msgs::msg::Float32MultiArray_<std::allocator<void> >, std::allocator<void> >; std::string = std::__cxx11::basic_string<char>; typename MessageMemoryStrategyT::SharedPtr = std::shared_ptr<rclcpp::message_memory_strategy::MessageMemoryStrategy<std_msgs::msg::Float32MultiArray_<std::allocator<void> >, std::allocator<void> > >][m[K’
[3.069s] [01m[K/home/ben/SNAKE/SOURCE/ros2/src/nodes_pkg/src/node1.cpp:20:90:[m[K   required from here
[3.069s] [01m[K/opt/ros/humble/include/rclcpp/rclcpp/any_subscription_callback.hpp:394:27:[m[K [01;31m[Kerror: [m[Kno matching function for call to ‘[01m[Kstd::function<void(std_msgs::msg::Float32MultiArray_<std::allocator<void> >)>::function(std::_Bind<void (Node1::*(Node1*, std::_Placeholder<2>))(std_msgs::msg::Float32MultiArray_<std::allocator<void> >)>&)[m[K’
[3.069s]   394 |       callback_variant_ = [01;31m[Kstatic_cast<typename scbth::callback_type>(callback)[m[K;
[3.069s]       |                           [01;31m[K^~~~~~~~~~~~~~~~~~~~~~~~~~~~~~~~~~~~~~~~~~~~~~~~~~~~[m[K
[3.069s] In file included from [01m[K/usr/include/c++/11/future:47[m[K,
[3.069s]                  from [01m[K/opt/ros/humble/include/rclcpp/rclcpp/executors.hpp:18[m[K,
[3.069s]                  from [01m[K/opt/ros/humble/include/rclcpp/rclcpp/rclcpp.hpp:155[m[K,
[3.069s]                  from [01m[K/home/ben/SNAKE/SOURCE/ros2/src/nodes_pkg/src/node1.cpp:1[m[K:
[3.069s] [01m[K/usr/include/c++/11/bits/std_function.h:435:9:[m[K [01;36m[Knote: [m[Kcandidate: ‘[01m[Ktemplate<class _Functor, class _Constraints> std::function<_Res(_ArgTypes ...)>::function(_Functor&&) [with _Functor = _Functor; _Constraints = _Constraints; _Res = void; _ArgTypes = {std_msgs::msg::Float32MultiArray_<std::allocator<void> >}][m[K’
[3.070s]   435 |         [01;36m[Kfunction[m[K(_Functor&& __f)
[3.070s]       |         [01;36m[K^~~~~~~~[m[K
[3.070s] [01m[K/usr/include/c++/11/bits/std_function.h:435:9:[m[K [01;36m[Knote: [m[K  template argument deduction/substitution failed:
[3.070s] In file included from [01m[K/usr/include/c++/11/bits/move.h:57[m[K,
[3.070s]                  from [01m[K/usr/include/c++/11/bits/stl_pair.h:59[m[K,
[3.070s]                  from [01m[K/usr/include/c++/11/bits/stl_algobase.h:64[m[K,
[3.070s]                  from [01m[K/usr/include/c++/11/memory:63[m[K,
[3.070s]                  from [01m[K/opt/ros/humble/include/rclcpp/rclcpp/rclcpp.hpp:153[m[K,
[3.070s]                  from [01m[K/home/ben/SNAKE/SOURCE/ros2/src/nodes_pkg/src/node1.cpp:1[m[K:
[3.070s] /usr/include/c++/11/type_traits: In substitution of ‘[01m[Ktemplate<bool _Cond, class _Tp> using __enable_if_t = typename std::enable_if::type [with bool _Cond = false; _Tp = void][m[K’:
[3.070s] [01m[K/usr/include/c++/11/bits/std_function.h:353:8:[m[K   required by substitution of ‘[01m[Ktemplate<class _Res, class ... _ArgTypes> template<class _Cond, class _Tp> using _Requires = std::__enable_if_t<_Cond::value, _Tp> [with _Cond = std::function<void(std_msgs::msg::Float32MultiArray_<std::allocator<void> >)>::_Callable<std::_Bind<void (Node1::*(Node1*, std::_Placeholder<2>))(std_msgs::msg::Float32MultiArray_<std::allocator<void> >)>&, std::_Bind<void (Node1::*(Node1*, std::_Placeholder<2>))(std_msgs::msg::Float32MultiArray_<std::allocator<void> >)>, std::__invoke_result<std::_Bind<void (Node1::*(Node1*, std::_Placeholder<2>))(std_msgs::msg::Float32MultiArray_<std::allocator<void> >)>&, std_msgs::msg::Float32MultiArray_<std::allocator<void> > > >; _Tp = void; _Res = void; _ArgTypes = {std_msgs::msg::Float32MultiArray_<std::allocator<void> >}][m[K’
[3.070s] [01m[K/usr/include/c++/11/bits/std_function.h:434:9:[m[K   required from ‘[01m[Krclcpp::AnySubscriptionCallback<MessageT, AllocatorT> rclcpp::AnySubscriptionCallback<MessageT, AllocatorT>::set(CallbackT) [with CallbackT = std::_Bind<void (Node1::*(Node1*, std::_Placeholder<2>))(std_msgs::msg::Float32MultiArray_<std::allocator<void> >)>; MessageT = std_msgs::msg::Float32MultiArray_<std::allocator<void> >; AllocatorT = std::allocator<void>][m[K’
[3.071s] [01m[K/opt/ros/humble/include/rclcpp/rclcpp/subscription_factory.hpp:94:32:[m[K   required from ‘[01m[Krclcpp::SubscriptionFactory rclcpp::create_subscription_factory(CallbackT&&, const rclcpp::SubscriptionOptionsWithAllocator<AllocatorT>&, typename MessageMemoryStrategyT::SharedPtr, std::shared_ptr<rclcpp::topic_statistics::SubscriptionTopicStatistics<ROSMessageType> >) [with MessageT = std_msgs::msg::Float32MultiArray_<std::allocator<void> >; CallbackT = std::_Bind<void (Node1::*(Node1*, std::_Placeholder<2>))(std_msgs::msg::Float32MultiArray_<std::allocator<void> >)>; AllocatorT = std::allocator<void>; SubscriptionT = rclcpp::Subscription<std_msgs::msg::Float32MultiArray_<std::allocator<void> > >; MessageMemoryStrategyT = rclcpp::message_memory_strategy::MessageMemoryStrategy<std_msgs::msg::Float32MultiArray_<std::allocator<void> >, std::allocator<void> >; ROSMessageType = std_msgs::msg::Float32MultiArray_<std::allocator<void> >; typename MessageMemoryStrategyT::SharedPtr = std::shared_ptr<rclcpp::message_memory_strategy::MessageMemoryStrategy<std_msgs::msg::Float32MultiArray_<std::allocator<void> >, std::allocator<void> > >][m[K’
[3.071s] [01m[K/opt/ros/humble/include/rclcpp/rclcpp/create_subscription.hpp:122:63:[m[K   required from ‘[01m[Kstd::shared_ptr<ROSMessageT> rclcpp::detail::create_subscription(NodeParametersT&, NodeTopicsT&, const string&, const rclcpp::QoS&, CallbackT&&, const rclcpp::SubscriptionOptionsWithAllocator<AllocatorT>&, typename MessageMemoryStrategyT::SharedPtr) [with MessageT = std_msgs::msg::Float32MultiArray_<std::allocator<void> >; CallbackT = std::_Bind<void (Node1::*(Node1*, std::_Placeholder<2>))(std_msgs::msg::Float32MultiArray_<std::allocator<void> >)>; AllocatorT = std::allocator<void>; SubscriptionT = rclcpp::Subscription<std_msgs::msg::Float32MultiArray_<std::allocator<void> > >; MessageMemoryStrategyT = rclcpp::message_memory_strategy::MessageMemoryStrategy<std_msgs::msg::Float32MultiArray_<std::allocator<void> >, std::allocator<void> >; NodeParametersT = rclcpp::Node; NodeTopicsT = rclcpp::Node; ROSMessageType = std_msgs::msg::Float32MultiArray_<std::allocator<void> >; std::string = std::__cxx11::basic_string<char>; typename MessageMemoryStrategyT::SharedPtr = std::shared_ptr<rclcpp::message_memory_strategy::MessageMemoryStrategy<std_msgs::msg::Float32MultiArray_<std::allocator<void> >, std::allocator<void> > >][m[K’
[3.071s] [01m[K/opt/ros/humble/include/rclcpp/rclcpp/create_subscription.hpp:191:76:[m[K   required from ‘[01m[Kstd::shared_ptr<ROSMessageT> rclcpp::create_subscription(NodeT&, const string&, const rclcpp::QoS&, CallbackT&&, const rclcpp::SubscriptionOptionsWithAllocator<AllocatorT>&, typename MessageMemoryStrategyT::SharedPtr) [with MessageT = std_msgs::msg::Float32MultiArray_<std::allocator<void> >; CallbackT = std::_Bind<void (Node1::*(Node1*, std::_Placeholder<2>))(std_msgs::msg::Float32MultiArray_<std::allocator<void> >)>; AllocatorT = std::allocator<void>; SubscriptionT = rclcpp::Subscription<std_msgs::msg::Float32MultiArray_<std::allocator<void> > >; MessageMemoryStrategyT = rclcpp::message_memory_strategy::MessageMemoryStrategy<std_msgs::msg::Float32MultiArray_<std::allocator<void> >, std::allocator<void> >; NodeT = rclcpp::Node; std::string = std::__cxx11::basic_string<char>; typename MessageMemoryStrategyT::SharedPtr = std::shared_ptr<rclcpp::message_memory_strategy::MessageMemoryStrategy<std_msgs::msg::Float32MultiArray_<std::allocator<void> >, std::allocator<void> > >][m[K’
[3.071s] [01m[K/opt/ros/humble/include/rclcpp/rclcpp/node_impl.hpp:99:47:[m[K   required from ‘[01m[Kstd::shared_ptr<ROSMessageT> rclcpp::Node::create_subscription(const string&, const rclcpp::QoS&, CallbackT&&, const rclcpp::SubscriptionOptionsWithAllocator<AllocatorT>&, typename MessageMemoryStrategyT::SharedPtr) [with MessageT = std_msgs::msg::Float32MultiArray_<std::allocator<void> >; CallbackT = std::_Bind<void (Node1::*(Node1*, std::_Placeholder<2>))(std_msgs::msg::Float32MultiArray_<std::allocator<void> >)>; AllocatorT = std::allocator<void>; SubscriptionT = rclcpp::Subscription<std_msgs::msg::Float32MultiArray_<std::allocator<void> > >; MessageMemoryStrategyT = rclcpp::message_memory_strategy::MessageMemoryStrategy<std_msgs::msg::Float32MultiArray_<std::allocator<void> >, std::allocator<void> >; std::string = std::__cxx11::basic_string<char>; typename MessageMemoryStrategyT::SharedPtr = std::shared_ptr<rclcpp::message_memory_strategy::MessageMemoryStrategy<std_msgs::msg::Float32MultiArray_<std::allocator<void> >, std::allocator<void> > >][m[K’
[3.071s] [01m[K/home/ben/SNAKE/SOURCE/ros2/src/nodes_pkg/src/node1.cpp:20:90:[m[K   required from here
[3.071s] [01m[K/usr/include/c++/11/type_traits:2211:11:[m[K [01;31m[Kerror: [m[Kno type named ‘[01m[Ktype[m[K’ in ‘[01m[Kstruct std::enable_if<false, void>[m[K’
[3.071s]  2211 |     using [01;31m[K__enable_if_t[m[K = typename enable_if<_Cond, _Tp>::type;
[3.071s]       |           [01;31m[K^~~~~~~~~~~~~[m[K
[3.071s] In file included from [01m[K/usr/include/c++/11/future:47[m[K,
[3.071s]                  from [01m[K/opt/ros/humble/include/rclcpp/rclcpp/executors.hpp:18[m[K,
[3.071s]                  from [01m[K/opt/ros/humble/include/rclcpp/rclcpp/rclcpp.hpp:155[m[K,
[3.071s]                  from [01m[K/home/ben/SNAKE/SOURCE/ros2/src/nodes_pkg/src/node1.cpp:1[m[K:
[3.071s] /opt/ros/humble/include/rclcpp/rclcpp/any_subscription_callback.hpp: In instantiation of ‘[01m[Krclcpp::AnySubscriptionCallback<MessageT, AllocatorT> rclcpp::AnySubscriptionCallback<MessageT, AllocatorT>::set(CallbackT) [with CallbackT = std::_Bind<void (Node1::*(Node1*, std::_Placeholder<2>))(std_msgs::msg::Float32MultiArray_<std::allocator<void> >)>; MessageT = std_msgs::msg::Float32MultiArray_<std::allocator<void> >; AllocatorT = std::allocator<void>][m[K’:
[3.071s] [01m[K/opt/ros/humble/include/rclcpp/rclcpp/subscription_factory.hpp:94:32:[m[K   required from ‘[01m[Krclcpp::SubscriptionFactory rclcpp::create_subscription_factory(CallbackT&&, const rclcpp::SubscriptionOptionsWithAllocator<AllocatorT>&, typename MessageMemoryStrategyT::SharedPtr, std::shared_ptr<rclcpp::topic_statistics::SubscriptionTopicStatistics<ROSMessageType> >) [with MessageT = std_msgs::msg::Float32MultiArray_<std::allocator<void> >; CallbackT = std::_Bind<void (Node1::*(Node1*, std::_Placeholder<2>))(std_msgs::msg::Float32MultiArray_<std::allocator<void> >)>; AllocatorT = std::allocator<void>; SubscriptionT = rclcpp::Subscription<std_msgs::msg::Float32MultiArray_<std::allocator<void> > >; MessageMemoryStrategyT = rclcpp::message_memory_strategy::MessageMemoryStrategy<std_msgs::msg::Float32MultiArray_<std::allocator<void> >, std::allocator<void> >; ROSMessageType = std_msgs::msg::Float32MultiArray_<std::allocator<void> >; typename MessageMemoryStrategyT::SharedPtr = std::shared_ptr<rclcpp::message_memory_strategy::MessageMemoryStrategy<std_msgs::msg::Float32MultiArray_<std::allocator<void> >, std::allocator<void> > >][m[K’
[3.071s] [01m[K/opt/ros/humble/include/rclcpp/rclcpp/create_subscription.hpp:122:63:[m[K   required from ‘[01m[Kstd::shared_ptr<ROSMessageT> rclcpp::detail::create_subscription(NodeParametersT&, NodeTopicsT&, const string&, const rclcpp::QoS&, CallbackT&&, const rclcpp::SubscriptionOptionsWithAllocator<AllocatorT>&, typename MessageMemoryStrategyT::SharedPtr) [with MessageT = std_msgs::msg::Float32MultiArray_<std::allocator<void> >; CallbackT = std::_Bind<void (Node1::*(Node1*, std::_Placeholder<2>))(std_msgs::msg::Float32MultiArray_<std::allocator<void> >)>; AllocatorT = std::allocator<void>; SubscriptionT = rclcpp::Subscription<std_msgs::msg::Float32MultiArray_<std::allocator<void> > >; MessageMemoryStrategyT = rclcpp::message_memory_strategy::MessageMemoryStrategy<std_msgs::msg::Float32MultiArray_<std::allocator<void> >, std::allocator<void> >; NodeParametersT = rclcpp::Node; NodeTopicsT = rclcpp::Node; ROSMessageType = std_msgs::msg::Float32MultiArray_<std::allocator<void> >; std::string = std::__cxx11::basic_string<char>; typename MessageMemoryStrategyT::SharedPtr = std::shared_ptr<rclcpp::message_memory_strategy::MessageMemoryStrategy<std_msgs::msg::Float32MultiArray_<std::allocator<void> >, std::allocator<void> > >][m[K’
[3.072s] [01m[K/opt/ros/humble/include/rclcpp/rclcpp/create_subscription.hpp:191:76:[m[K   required from ‘[01m[Kstd::shared_ptr<ROSMessageT> rclcpp::create_subscription(NodeT&, const string&, const rclcpp::QoS&, CallbackT&&, const rclcpp::SubscriptionOptionsWithAllocator<AllocatorT>&, typename MessageMemoryStrategyT::SharedPtr) [with MessageT = std_msgs::msg::Float32MultiArray_<std::allocator<void> >; CallbackT = std::_Bind<void (Node1::*(Node1*, std::_Placeholder<2>))(std_msgs::msg::Float32MultiArray_<std::allocator<void> >)>; AllocatorT = std::allocator<void>; SubscriptionT = rclcpp::Subscription<std_msgs::msg::Float32MultiArray_<std::allocator<void> > >; MessageMemoryStrategyT = rclcpp::message_memory_strategy::MessageMemoryStrategy<std_msgs::msg::Float32MultiArray_<std::allocator<void> >, std::allocator<void> >; NodeT = rclcpp::Node; std::string = std::__cxx11::basic_string<char>; typename MessageMemoryStrategyT::SharedPtr = std::shared_ptr<rclcpp::message_memory_strategy::MessageMemoryStrategy<std_msgs::msg::Float32MultiArray_<std::allocator<void> >, std::allocator<void> > >][m[K’
[3.072s] [01m[K/opt/ros/humble/include/rclcpp/rclcpp/node_impl.hpp:99:47:[m[K   required from ‘[01m[Kstd::shared_ptr<ROSMessageT> rclcpp::Node::create_subscription(const string&, const rclcpp::QoS&, CallbackT&&, const rclcpp::SubscriptionOptionsWithAllocator<AllocatorT>&, typename MessageMemoryStrategyT::SharedPtr) [with MessageT = std_msgs::msg::Float32MultiArray_<std::allocator<void> >; CallbackT = std::_Bind<void (Node1::*(Node1*, std::_Placeholder<2>))(std_msgs::msg::Float32MultiArray_<std::allocator<void> >)>; AllocatorT = std::allocator<void>; SubscriptionT = rclcpp::Subscription<std_msgs::msg::Float32MultiArray_<std::allocator<void> > >; MessageMemoryStrategyT = rclcpp::message_memory_strategy::MessageMemoryStrategy<std_msgs::msg::Float32MultiArray_<std::allocator<void> >, std::allocator<void> >; std::string = std::__cxx11::basic_string<char>; typename MessageMemoryStrategyT::SharedPtr = std::shared_ptr<rclcpp::message_memory_strategy::MessageMemoryStrategy<std_msgs::msg::Float32MultiArray_<std::allocator<void> >, std::allocator<void> > >][m[K’
[3.072s] [01m[K/home/ben/SNAKE/SOURCE/ros2/src/nodes_pkg/src/node1.cpp:20:90:[m[K   required from here
[3.072s] [01m[K/usr/include/c++/11/bits/std_function.h:404:7:[m[K [01;36m[Knote: [m[Kcandidate: ‘[01m[Kstd::function<_Res(_ArgTypes ...)>::function(std::function<_Res(_ArgTypes ...)>&&) [with _Res = void; _ArgTypes = {std_msgs::msg::Float32MultiArray_<std::allocator<void> >}][m[K’
[3.072s]   404 |       [01;36m[Kfunction[m[K(function&& __x) noexcept
[3.072s]       |       [01;36m[K^~~~~~~~[m[K
[3.072s] [01m[K/usr/include/c++/11/bits/std_function.h:404:27:[m[K [01;36m[Knote: [m[K  no known conversion for argument 1 from ‘[01m[Kstd::_Bind<void (Node1::*(Node1*, std::_Placeholder<2>))(std_msgs::msg::Float32MultiArray_<std::allocator<void> >)>[m[K’ to ‘[01m[Kstd::function<void(std_msgs::msg::Float32MultiArray_<std::allocator<void> >)>&&[m[K’
[3.072s]   404 |       function([01;36m[Kfunction&& __x[m[K) noexcept
[3.072s]       |                [01;36m[K~~~~~~~~~~~^~~[m[K
[3.073s] [01m[K/usr/include/c++/11/bits/std_function.h:386:7:[m[K [01;36m[Knote: [m[Kcandidate: ‘[01m[Kstd::function<_Res(_ArgTypes ...)>::function(const std::function<_Res(_ArgTypes ...)>&) [with _Res = void; _ArgTypes = {std_msgs::msg::Float32MultiArray_<std::allocator<void> >}][m[K’
[3.073s]   386 |       [01;36m[Kfunction[m[K(const function& __x)
[3.073s]       |       [01;36m[K^~~~~~~~[m[K
[3.073s] [01m[K/usr/include/c++/11/bits/std_function.h:386:32:[m[K [01;36m[Knote: [m[K  no known conversion for argument 1 from ‘[01m[Kstd::_Bind<void (Node1::*(Node1*, std::_Placeholder<2>))(std_msgs::msg::Float32MultiArray_<std::allocator<void> >)>[m[K’ to ‘[01m[Kconst std::function<void(std_msgs::msg::Float32MultiArray_<std::allocator<void> >)>&[m[K’
[3.074s]   386 |       function([01;36m[Kconst function& __x[m[K)
[3.074s]       |                [01;36m[K~~~~~~~~~~~~~~~~^~~[m[K
[3.074s] [01m[K/usr/include/c++/11/bits/std_function.h:375:7:[m[K [01;36m[Knote: [m[Kcandidate: ‘[01m[Kstd::function<_Res(_ArgTypes ...)>::function(std::nullptr_t) [with _Res = void; _ArgTypes = {std_msgs::msg::Float32MultiArray_<std::allocator<void> >}; std::nullptr_t = std::nullptr_t][m[K’
[3.074s]   375 |       [01;36m[Kfunction[m[K(nullptr_t) noexcept
[3.075s]       |       [01;36m[K^~~~~~~~[m[K
[3.075s] [01m[K/usr/include/c++/11/bits/std_function.h:375:16:[m[K [01;36m[Knote: [m[K  no known conversion for argument 1 from ‘[01m[Kstd::_Bind<void (Node1::*(Node1*, std::_Placeholder<2>))(std_msgs::msg::Float32MultiArray_<std::allocator<void> >)>[m[K’ to ‘[01m[Kstd::nullptr_t[m[K’
[3.075s]   375 |       function([01;36m[Knullptr_t[m[K) noexcept
[3.075s]       |                [01;36m[K^~~~~~~~~[m[K
[3.075s] [01m[K/usr/include/c++/11/bits/std_function.h:368:7:[m[K [01;36m[Knote: [m[Kcandidate: ‘[01m[Kstd::function<_Res(_ArgTypes ...)>::function() [with _Res = void; _ArgTypes = {std_msgs::msg::Float32MultiArray_<std::allocator<void> >}][m[K’
[3.076s]   368 |       [01;36m[Kfunction[m[K() noexcept
[3.076s]       |       [01;36m[K^~~~~~~~[m[K
[3.076s] [01m[K/usr/include/c++/11/bits/std_function.h:368:7:[m[K [01;36m[Knote: [m[K  candidate expects 0 arguments, 1 provided
[3.076s] In file included from [01m[K/opt/ros/humble/include/rclcpp/rclcpp/subscription_base.hpp:32[m[K,
[3.076s]                  from [01m[K/opt/ros/humble/include/rclcpp/rclcpp/callback_group.hpp:26[m[K,
[3.077s]                  from [01m[K/opt/ros/humble/include/rclcpp/rclcpp/any_executable.hpp:20[m[K,
[3.077s]                  from [01m[K/opt/ros/humble/include/rclcpp/rclcpp/memory_strategy.hpp:25[m[K,
[3.077s]                  from [01m[K/opt/ros/humble/include/rclcpp/rclcpp/memory_strategies.hpp:18[m[K,
[3.077s]                  from [01m[K/opt/ros/humble/include/rclcpp/rclcpp/executor_options.hpp:20[m[K,
[3.077s]                  from [01m[K/opt/ros/humble/include/rclcpp/rclcpp/executor.hpp:37[m[K,
[3.078s]                  from [01m[K/opt/ros/humble/include/rclcpp/rclcpp/executors/multi_threaded_executor.hpp:25[m[K,
[3.078s]                  from [01m[K/opt/ros/humble/include/rclcpp/rclcpp/executors.hpp:21[m[K,
[3.078s]                  from [01m[K/opt/ros/humble/include/rclcpp/rclcpp/rclcpp.hpp:155[m[K,
[3.078s]                  from [01m[K/home/ben/SNAKE/SOURCE/ros2/src/nodes_pkg/src/node1.cpp:1[m[K:
[3.078s] /opt/ros/humble/include/rclcpp/rclcpp/any_subscription_callback.hpp: In instantiation of ‘[01m[Krclcpp::AnySubscriptionCallback<MessageT, AllocatorT> rclcpp::AnySubscriptionCallback<MessageT, AllocatorT>::set(CallbackT) [with CallbackT = std::_Bind<void (Node1::*(Node1*, std::_Placeholder<3>))(std_msgs::msg::Float32MultiArray_<std::allocator<void> >)>; MessageT = std_msgs::msg::Float32MultiArray_<std::allocator<void> >; AllocatorT = std::allocator<void>][m[K’:
[3.079s] [01m[K/opt/ros/humble/include/rclcpp/rclcpp/subscription_factory.hpp:94:32:[m[K   required from ‘[01m[Krclcpp::SubscriptionFactory rclcpp::create_subscription_factory(CallbackT&&, const rclcpp::SubscriptionOptionsWithAllocator<AllocatorT>&, typename MessageMemoryStrategyT::SharedPtr, std::shared_ptr<rclcpp::topic_statistics::SubscriptionTopicStatistics<ROSMessageType> >) [with MessageT = std_msgs::msg::Float32MultiArray_<std::allocator<void> >; CallbackT = std::_Bind<void (Node1::*(Node1*, std::_Placeholder<3>))(std_msgs::msg::Float32MultiArray_<std::allocator<void> >)>; AllocatorT = std::allocator<void>; SubscriptionT = rclcpp::Subscription<std_msgs::msg::Float32MultiArray_<std::allocator<void> > >; MessageMemoryStrategyT = rclcpp::message_memory_strategy::MessageMemoryStrategy<std_msgs::msg::Float32MultiArray_<std::allocator<void> >, std::allocator<void> >; ROSMessageType = std_msgs::msg::Float32MultiArray_<std::allocator<void> >; typename MessageMemoryStrategyT::SharedPtr = std::shared_ptr<rclcpp::message_memory_strategy::MessageMemoryStrategy<std_msgs::msg::Float32MultiArray_<std::allocator<void> >, std::allocator<void> > >][m[K’
[3.079s] [01m[K/opt/ros/humble/include/rclcpp/rclcpp/create_subscription.hpp:122:63:[m[K   required from ‘[01m[Kstd::shared_ptr<ROSMessageT> rclcpp::detail::create_subscription(NodeParametersT&, NodeTopicsT&, const string&, const rclcpp::QoS&, CallbackT&&, const rclcpp::SubscriptionOptionsWithAllocator<AllocatorT>&, typename MessageMemoryStrategyT::SharedPtr) [with MessageT = std_msgs::msg::Float32MultiArray_<std::allocator<void> >; CallbackT = std::_Bind<void (Node1::*(Node1*, std::_Placeholder<3>))(std_msgs::msg::Float32MultiArray_<std::allocator<void> >)>; AllocatorT = std::allocator<void>; SubscriptionT = rclcpp::Subscription<std_msgs::msg::Float32MultiArray_<std::allocator<void> > >; MessageMemoryStrategyT = rclcpp::message_memory_strategy::MessageMemoryStrategy<std_msgs::msg::Float32MultiArray_<std::allocator<void> >, std::allocator<void> >; NodeParametersT = rclcpp::Node; NodeTopicsT = rclcpp::Node; ROSMessageType = std_msgs::msg::Float32MultiArray_<std::allocator<void> >; std::string = std::__cxx11::basic_string<char>; typename MessageMemoryStrategyT::SharedPtr = std::shared_ptr<rclcpp::message_memory_strategy::MessageMemoryStrategy<std_msgs::msg::Float32MultiArray_<std::allocator<void> >, std::allocator<void> > >][m[K’
[3.079s] [01m[K/opt/ros/humble/include/rclcpp/rclcpp/create_subscription.hpp:191:76:[m[K   required from ‘[01m[Kstd::shared_ptr<ROSMessageT> rclcpp::create_subscription(NodeT&, const string&, const rclcpp::QoS&, CallbackT&&, const rclcpp::SubscriptionOptionsWithAllocator<AllocatorT>&, typename MessageMemoryStrategyT::SharedPtr) [with MessageT = std_msgs::msg::Float32MultiArray_<std::allocator<void> >; CallbackT = std::_Bind<void (Node1::*(Node1*, std::_Placeholder<3>))(std_msgs::msg::Float32MultiArray_<std::allocator<void> >)>; AllocatorT = std::allocator<void>; SubscriptionT = rclcpp::Subscription<std_msgs::msg::Float32MultiArray_<std::allocator<void> > >; MessageMemoryStrategyT = rclcpp::message_memory_strategy::MessageMemoryStrategy<std_msgs::msg::Float32MultiArray_<std::allocator<void> >, std::allocator<void> >; NodeT = rclcpp::Node; std::string = std::__cxx11::basic_string<char>; typename MessageMemoryStrategyT::SharedPtr = std::shared_ptr<rclcpp::message_memory_strategy::MessageMemoryStrategy<std_msgs::msg::Float32MultiArray_<std::allocator<void> >, std::allocator<void> > >][m[K’
[3.079s] [01m[K/opt/ros/humble/include/rclcpp/rclcpp/node_impl.hpp:99:47:[m[K   required from ‘[01m[Kstd::shared_ptr<ROSMessageT> rclcpp::Node::create_subscription(const string&, const rclcpp::QoS&, CallbackT&&, const rclcpp::SubscriptionOptionsWithAllocator<AllocatorT>&, typename MessageMemoryStrategyT::SharedPtr) [with MessageT = std_msgs::msg::Float32MultiArray_<std::allocator<void> >; CallbackT = std::_Bind<void (Node1::*(Node1*, std::_Placeholder<3>))(std_msgs::msg::Float32MultiArray_<std::allocator<void> >)>; AllocatorT = std::allocator<void>; SubscriptionT = rclcpp::Subscription<std_msgs::msg::Float32MultiArray_<std::allocator<void> > >; MessageMemoryStrategyT = rclcpp::message_memory_strategy::MessageMemoryStrategy<std_msgs::msg::Float32MultiArray_<std::allocator<void> >, std::allocator<void> >; std::string = std::__cxx11::basic_string<char>; typename MessageMemoryStrategyT::SharedPtr = std::shared_ptr<rclcpp::message_memory_strategy::MessageMemoryStrategy<std_msgs::msg::Float32MultiArray_<std::allocator<void> >, std::allocator<void> > >][m[K’
[3.080s] [01m[K/home/ben/SNAKE/SOURCE/ros2/src/nodes_pkg/src/node1.cpp:22:88:[m[K   required from here
[3.080s] [01m[K/opt/ros/humble/include/rclcpp/rclcpp/any_subscription_callback.hpp:394:27:[m[K [01;31m[Kerror: [m[Kno matching function for call to ‘[01m[Kstd::function<void(std_msgs::msg::Float32MultiArray_<std::allocator<void> >)>::function(std::_Bind<void (Node1::*(Node1*, std::_Placeholder<3>))(std_msgs::msg::Float32MultiArray_<std::allocator<void> >)>&)[m[K’
[3.080s]   394 |       callback_variant_ = [01;31m[Kstatic_cast<typename scbth::callback_type>(callback)[m[K;
[3.080s]       |                           [01;31m[K^~~~~~~~~~~~~~~~~~~~~~~~~~~~~~~~~~~~~~~~~~~~~~~~~~~~[m[K
[3.080s] In file included from [01m[K/usr/include/c++/11/future:47[m[K,
[3.081s]                  from [01m[K/opt/ros/humble/include/rclcpp/rclcpp/executors.hpp:18[m[K,
[3.081s]                  from [01m[K/opt/ros/humble/include/rclcpp/rclcpp/rclcpp.hpp:155[m[K,
[3.081s]                  from [01m[K/home/ben/SNAKE/SOURCE/ros2/src/nodes_pkg/src/node1.cpp:1[m[K:
[3.081s] [01m[K/usr/include/c++/11/bits/std_function.h:435:9:[m[K [01;36m[Knote: [m[Kcandidate: ‘[01m[Ktemplate<class _Functor, class _Constraints> std::function<_Res(_ArgTypes ...)>::function(_Functor&&) [with _Functor = _Functor; _Constraints = _Constraints; _Res = void; _ArgTypes = {std_msgs::msg::Float32MultiArray_<std::allocator<void> >}][m[K’
[3.081s]   435 |         [01;36m[Kfunction[m[K(_Functor&& __f)
[3.082s]       |         [01;36m[K^~~~~~~~[m[K
[3.082s] [01m[K/usr/include/c++/11/bits/std_function.h:435:9:[m[K [01;36m[Knote: [m[K  template argument deduction/substitution failed:
[3.082s] [01m[K/usr/include/c++/11/bits/std_function.h:404:7:[m[K [01;36m[Knote: [m[Kcandidate: ‘[01m[Kstd::function<_Res(_ArgTypes ...)>::function(std::function<_Res(_ArgTypes ...)>&&) [with _Res = void; _ArgTypes = {std_msgs::msg::Float32MultiArray_<std::allocator<void> >}][m[K’
[3.082s]   404 |       [01;36m[Kfunction[m[K(function&& __x) noexcept
[3.082s]       |       [01;36m[K^~~~~~~~[m[K
[3.082s] [01m[K/usr/include/c++/11/bits/std_function.h:404:27:[m[K [01;36m[Knote: [m[K  no known conversion for argument 1 from ‘[01m[Kstd::_Bind<void (Node1::*(Node1*, std::_Placeholder<3>))(std_msgs::msg::Float32MultiArray_<std::allocator<void> >)>[m[K’ to ‘[01m[Kstd::function<void(std_msgs::msg::Float32MultiArray_<std::allocator<void> >)>&&[m[K’
[3.082s]   404 |       function([01;36m[Kfunction&& __x[m[K) noexcept
[3.083s]       |                [01;36m[K~~~~~~~~~~~^~~[m[K
[3.083s] [01m[K/usr/include/c++/11/bits/std_function.h:386:7:[m[K [01;36m[Knote: [m[Kcandidate: ‘[01m[Kstd::function<_Res(_ArgTypes ...)>::function(const std::function<_Res(_ArgTypes ...)>&) [with _Res = void; _ArgTypes = {std_msgs::msg::Float32MultiArray_<std::allocator<void> >}][m[K’
[3.083s]   386 |       [01;36m[Kfunction[m[K(const function& __x)
[3.083s]       |       [01;36m[K^~~~~~~~[m[K
[3.083s] [01m[K/usr/include/c++/11/bits/std_function.h:386:32:[m[K [01;36m[Knote: [m[K  no known conversion for argument 1 from ‘[01m[Kstd::_Bind<void (Node1::*(Node1*, std::_Placeholder<3>))(std_msgs::msg::Float32MultiArray_<std::allocator<void> >)>[m[K’ to ‘[01m[Kconst std::function<void(std_msgs::msg::Float32MultiArray_<std::allocator<void> >)>&[m[K’
[3.083s]   386 |       function([01;36m[Kconst function& __x[m[K)
[3.083s]       |                [01;36m[K~~~~~~~~~~~~~~~~^~~[m[K
[3.083s] [01m[K/usr/include/c++/11/bits/std_function.h:375:7:[m[K [01;36m[Knote: [m[Kcandidate: ‘[01m[Kstd::function<_Res(_ArgTypes ...)>::function(std::nullptr_t) [with _Res = void; _ArgTypes = {std_msgs::msg::Float32MultiArray_<std::allocator<void> >}; std::nullptr_t = std::nullptr_t][m[K’
[3.084s]   375 |       [01;36m[Kfunction[m[K(nullptr_t) noexcept
[3.084s]       |       [01;36m[K^~~~~~~~[m[K
[3.084s] [01m[K/usr/include/c++/11/bits/std_function.h:375:16:[m[K [01;36m[Knote: [m[K  no known conversion for argument 1 from ‘[01m[Kstd::_Bind<void (Node1::*(Node1*, std::_Placeholder<3>))(std_msgs::msg::Float32MultiArray_<std::allocator<void> >)>[m[K’ to ‘[01m[Kstd::nullptr_t[m[K’
[3.084s]   375 |       function([01;36m[Knullptr_t[m[K) noexcept
[3.084s]       |                [01;36m[K^~~~~~~~~[m[K
[3.084s] [01m[K/usr/include/c++/11/bits/std_function.h:368:7:[m[K [01;36m[Knote: [m[Kcandidate: ‘[01m[Kstd::function<_Res(_ArgTypes ...)>::function() [with _Res = void; _ArgTypes = {std_msgs::msg::Float32MultiArray_<std::allocator<void> >}][m[K’
[3.084s]   368 |       [01;36m[Kfunction[m[K() noexcept
[3.084s]       |       [01;36m[K^~~~~~~~[m[K
[3.085s] [01m[K/usr/include/c++/11/bits/std_function.h:368:7:[m[K [01;36m[Knote: [m[K  candidate expects 0 arguments, 1 provided
[5.439s] gmake[2]: *** [CMakeFiles/node1.dir/build.make:76: CMakeFiles/node1.dir/src/node1.cpp.o] Error 1
[5.440s] gmake[1]: *** [CMakeFiles/Makefile2:137: CMakeFiles/node1.dir/all] Error 2
[5.440s] gmake: *** [Makefile:146: all] Error 2
[5.453s] Invoked command in '/home/ben/SNAKE/SOURCE/ros2/build/nodes_pkg' returned '2': CMAKE_PREFIX_PATH=${CMAKE_PREFIX_PATH}:/opt/ros/humble /usr/bin/cmake --build /home/ben/SNAKE/SOURCE/ros2/build/nodes_pkg -- -j3 -l3
