[0.022s] Invoking command in '/home/ben/SNAKE/SOURCE/ros2/build/nodes_pkg': CMAKE_PREFIX_PATH=${CMAKE_PREFIX_PATH}:/opt/ros/humble /usr/bin/cmake --build /home/ben/SNAKE/SOURCE/ros2/build/nodes_pkg -- -j3 -l3
[0.078s] [35m[1mConsolidate compiler generated dependencies of target node2[0m
[0.113s] [ 25%] [32mBuilding CXX object CMakeFiles/node2.dir/src/node2.cpp.o[0m
[0.118s] [ 75%] Built target node1
[4.593s] [100%] [32m[1mLinking CXX executable node2[0m
[4.779s] [100%] Built target node2
[4.793s] Invoked command in '/home/ben/SNAKE/SOURCE/ros2/build/nodes_pkg' returned '0': CMAKE_PREFIX_PATH=${CMAKE_PREFIX_PATH}:/opt/ros/humble /usr/bin/cmake --build /home/ben/SNAKE/SOURCE/ros2/build/nodes_pkg -- -j3 -l3
[4.839s] Invoking command in '/home/ben/SNAKE/SOURCE/ros2/build/nodes_pkg': CMAKE_PREFIX_PATH=${CMAKE_PREFIX_PATH}:/opt/ros/humble /usr/bin/cmake --install /home/ben/SNAKE/SOURCE/ros2/build/nodes_pkg
[4.847s] -- Install configuration: ""
[4.847s] -- Up-to-date: /home/ben/SNAKE/SOURCE/ros2/install/nodes_pkg/lib/nodes_pkg/node1
[4.848s] -- Installing: /home/ben/SNAKE/SOURCE/ros2/install/nodes_pkg/lib/nodes_pkg/node2
[4.850s] -- Set runtime path of "/home/ben/SNAKE/SOURCE/ros2/install/nodes_pkg/lib/nodes_pkg/node2" to ""
[4.850s] -- Up-to-date: /home/ben/SNAKE/SOURCE/ros2/install/nodes_pkg/share/ament_index/resource_index/package_run_dependencies/nodes_pkg
[4.850s] -- Up-to-date: /home/ben/SNAKE/SOURCE/ros2/install/nodes_pkg/share/ament_index/resource_index/parent_prefix_path/nodes_pkg
[4.850s] -- Up-to-date: /home/ben/SNAKE/SOURCE/ros2/install/nodes_pkg/share/nodes_pkg/environment/ament_prefix_path.sh
[4.850s] -- Up-to-date: /home/ben/SNAKE/SOURCE/ros2/install/nodes_pkg/share/nodes_pkg/environment/ament_prefix_path.dsv
[4.850s] -- Up-to-date: /home/ben/SNAKE/SOURCE/ros2/install/nodes_pkg/share/nodes_pkg/environment/path.sh
[4.850s] -- Up-to-date: /home/ben/SNAKE/SOURCE/ros2/install/nodes_pkg/share/nodes_pkg/environment/path.dsv
[4.851s] -- Up-to-date: /home/ben/SNAKE/SOURCE/ros2/install/nodes_pkg/share/nodes_pkg/local_setup.bash
[4.851s] -- Up-to-date: /home/ben/SNAKE/SOURCE/ros2/install/nodes_pkg/share/nodes_pkg/local_setup.sh
[4.851s] -- Up-to-date: /home/ben/SNAKE/SOURCE/ros2/install/nodes_pkg/share/nodes_pkg/local_setup.zsh
[4.851s] -- Up-to-date: /home/ben/SNAKE/SOURCE/ros2/install/nodes_pkg/share/nodes_pkg/local_setup.dsv
[4.851s] -- Installing: /home/ben/SNAKE/SOURCE/ros2/install/nodes_pkg/share/nodes_pkg/package.dsv
[4.851s] -- Up-to-date: /home/ben/SNAKE/SOURCE/ros2/install/nodes_pkg/share/ament_index/resource_index/packages/nodes_pkg
[4.852s] -- Up-to-date: /home/ben/SNAKE/SOURCE/ros2/install/nodes_pkg/share/nodes_pkg/cmake/nodes_pkgConfig.cmake
[4.852s] -- Up-to-date: /home/ben/SNAKE/SOURCE/ros2/install/nodes_pkg/share/nodes_pkg/cmake/nodes_pkgConfig-version.cmake
[4.853s] -- Up-to-date: /home/ben/SNAKE/SOURCE/ros2/install/nodes_pkg/share/nodes_pkg/package.xml
[4.853s] Invoked command in '/home/ben/SNAKE/SOURCE/ros2/build/nodes_pkg' returned '0': CMAKE_PREFIX_PATH=${CMAKE_PREFIX_PATH}:/opt/ros/humble /usr/bin/cmake --install /home/ben/SNAKE/SOURCE/ros2/build/nodes_pkg
