[0.374s] DEBUG:colcon:Command line arguments: ['/usr/bin/colcon', 'build']
[0.374s] DEBUG:colcon:Parsed command line arguments: Namespace(log_base=None, log_level=None, verb_name='build', build_base='build', install_base='install', merge_install=False, symlink_install=False, test_result_base=None, continue_on_error=False, executor='parallel', parallel_workers=3, event_handlers=None, ignore_user_meta=False, metas=['./colcon.meta'], base_paths=['.'], packages_ignore=None, packages_ignore_regex=None, paths=None, packages_up_to=None, packages_up_to_regex=None, packages_above=None, packages_above_and_dependencies=None, packages_above_depth=None, packages_select_by_dep=None, packages_skip_by_dep=None, packages_skip_up_to=None, packages_select_build_failed=False, packages_skip_build_finished=False, packages_select_test_failures=False, packages_skip_test_passed=False, packages_select=None, packages_skip=None, packages_select_regex=None, packages_skip_regex=None, packages_start=None, packages_end=None, allow_overriding=[], cmake_args=None, cmake_target=None, cmake_target_skip_unavailable=False, cmake_clean_cache=False, cmake_clean_first=False, cmake_force_configure=False, ament_cmake_args=None, catkin_cmake_args=None, catkin_skip_building_tests=False, verb_parser=<colcon_defaults.argument_parser.defaults.DefaultArgumentsDecorator object at 0x7f5835a58670>, verb_extension=<colcon_core.verb.build.BuildVerb object at 0x7f58363a51b0>, main=<bound method BuildVerb.main of <colcon_core.verb.build.BuildVerb object at 0x7f58363a51b0>>)
[0.414s] Level 1:colcon.colcon_core.package_discovery:discover_packages(colcon_meta) check parameters
[0.414s] Level 1:colcon.colcon_core.package_discovery:discover_packages(recursive) check parameters
[0.414s] Level 1:colcon.colcon_core.package_discovery:discover_packages(ignore) check parameters
[0.414s] Level 1:colcon.colcon_core.package_discovery:discover_packages(path) check parameters
[0.414s] Level 1:colcon.colcon_core.package_discovery:discover_packages(colcon_meta) discover
[0.414s] Level 1:colcon.colcon_core.package_discovery:discover_packages(recursive) discover
[0.414s] INFO:colcon.colcon_core.package_discovery:Crawling recursively for packages in '/home/ben/SNAKE/SOURCE/ros2'
[0.415s] Level 1:colcon.colcon_core.package_identification:_identify(.) by extensions ['ignore', 'ignore_ament_install']
[0.415s] Level 1:colcon.colcon_core.package_identification:_identify(.) by extension 'ignore'
[0.415s] Level 1:colcon.colcon_core.package_identification:_identify(.) by extension 'ignore_ament_install'
[0.415s] Level 1:colcon.colcon_core.package_identification:_identify(.) by extensions ['colcon_pkg']
[0.415s] Level 1:colcon.colcon_core.package_identification:_identify(.) by extension 'colcon_pkg'
[0.415s] Level 1:colcon.colcon_core.package_identification:_identify(.) by extensions ['colcon_meta']
[0.415s] Level 1:colcon.colcon_core.package_identification:_identify(.) by extension 'colcon_meta'
[0.415s] Level 1:colcon.colcon_core.package_identification:_identify(.) by extensions ['ros']
[0.415s] Level 1:colcon.colcon_core.package_identification:_identify(.) by extension 'ros'
[0.428s] Level 1:colcon.colcon_core.package_identification:_identify(.) by extensions ['cmake', 'python']
[0.428s] Level 1:colcon.colcon_core.package_identification:_identify(.) by extension 'cmake'
[0.428s] Level 1:colcon.colcon_core.package_identification:_identify(.) by extension 'python'
[0.428s] Level 1:colcon.colcon_core.package_identification:_identify(.) by extensions ['python_setup_py']
[0.428s] Level 1:colcon.colcon_core.package_identification:_identify(.) by extension 'python_setup_py'
[0.428s] Level 1:colcon.colcon_core.package_identification:_identify(build) by extensions ['ignore', 'ignore_ament_install']
[0.429s] Level 1:colcon.colcon_core.package_identification:_identify(build) by extension 'ignore'
[0.429s] Level 1:colcon.colcon_core.package_identification:_identify(build) ignored
[0.429s] Level 1:colcon.colcon_core.package_identification:_identify(install) by extensions ['ignore', 'ignore_ament_install']
[0.429s] Level 1:colcon.colcon_core.package_identification:_identify(install) by extension 'ignore'
[0.429s] Level 1:colcon.colcon_core.package_identification:_identify(install) ignored
[0.429s] Level 1:colcon.colcon_core.package_identification:_identify(log) by extensions ['ignore', 'ignore_ament_install']
[0.429s] Level 1:colcon.colcon_core.package_identification:_identify(log) by extension 'ignore'
[0.429s] Level 1:colcon.colcon_core.package_identification:_identify(log) ignored
[0.429s] Level 1:colcon.colcon_core.package_identification:_identify(src) by extensions ['ignore', 'ignore_ament_install']
[0.429s] Level 1:colcon.colcon_core.package_identification:_identify(src) by extension 'ignore'
[0.429s] Level 1:colcon.colcon_core.package_identification:_identify(src) by extension 'ignore_ament_install'
[0.430s] Level 1:colcon.colcon_core.package_identification:_identify(src) by extensions ['colcon_pkg']
[0.430s] Level 1:colcon.colcon_core.package_identification:_identify(src) by extension 'colcon_pkg'
[0.430s] Level 1:colcon.colcon_core.package_identification:_identify(src) by extensions ['colcon_meta']
[0.430s] Level 1:colcon.colcon_core.package_identification:_identify(src) by extension 'colcon_meta'
[0.430s] Level 1:colcon.colcon_core.package_identification:_identify(src) by extensions ['ros']
[0.430s] Level 1:colcon.colcon_core.package_identification:_identify(src) by extension 'ros'
[0.430s] Level 1:colcon.colcon_core.package_identification:_identify(src) by extensions ['cmake', 'python']
[0.430s] Level 1:colcon.colcon_core.package_identification:_identify(src) by extension 'cmake'
[0.430s] Level 1:colcon.colcon_core.package_identification:_identify(src) by extension 'python'
[0.430s] Level 1:colcon.colcon_core.package_identification:_identify(src) by extensions ['python_setup_py']
[0.430s] Level 1:colcon.colcon_core.package_identification:_identify(src) by extension 'python_setup_py'
[0.431s] Level 1:colcon.colcon_core.package_identification:_identify(src/launch_files) by extensions ['ignore', 'ignore_ament_install']
[0.431s] Level 1:colcon.colcon_core.package_identification:_identify(src/launch_files) by extension 'ignore'
[0.431s] Level 1:colcon.colcon_core.package_identification:_identify(src/launch_files) by extension 'ignore_ament_install'
[0.431s] Level 1:colcon.colcon_core.package_identification:_identify(src/launch_files) by extensions ['colcon_pkg']
[0.431s] Level 1:colcon.colcon_core.package_identification:_identify(src/launch_files) by extension 'colcon_pkg'
[0.431s] Level 1:colcon.colcon_core.package_identification:_identify(src/launch_files) by extensions ['colcon_meta']
[0.431s] Level 1:colcon.colcon_core.package_identification:_identify(src/launch_files) by extension 'colcon_meta'
[0.431s] Level 1:colcon.colcon_core.package_identification:_identify(src/launch_files) by extensions ['ros']
[0.431s] Level 1:colcon.colcon_core.package_identification:_identify(src/launch_files) by extension 'ros'
[0.441s] DEBUG:colcon.colcon_core.package_identification:Package 'src/launch_files' with type 'ros.ament_cmake' and name 'launch_files'
[0.441s] Level 1:colcon.colcon_core.package_identification:_identify(src/nodes_pkg) by extensions ['ignore', 'ignore_ament_install']
[0.441s] Level 1:colcon.colcon_core.package_identification:_identify(src/nodes_pkg) by extension 'ignore'
[0.441s] Level 1:colcon.colcon_core.package_identification:_identify(src/nodes_pkg) by extension 'ignore_ament_install'
[0.441s] Level 1:colcon.colcon_core.package_identification:_identify(src/nodes_pkg) by extensions ['colcon_pkg']
[0.441s] Level 1:colcon.colcon_core.package_identification:_identify(src/nodes_pkg) by extension 'colcon_pkg'
[0.441s] Level 1:colcon.colcon_core.package_identification:_identify(src/nodes_pkg) by extensions ['colcon_meta']
[0.441s] Level 1:colcon.colcon_core.package_identification:_identify(src/nodes_pkg) by extension 'colcon_meta'
[0.441s] Level 1:colcon.colcon_core.package_identification:_identify(src/nodes_pkg) by extensions ['ros']
[0.442s] Level 1:colcon.colcon_core.package_identification:_identify(src/nodes_pkg) by extension 'ros'
[0.442s] DEBUG:colcon.colcon_core.package_identification:Package 'src/nodes_pkg' with type 'ros.ament_cmake' and name 'nodes_pkg'
[0.442s] Level 1:colcon.colcon_core.package_discovery:discover_packages(recursive) using defaults
[0.443s] Level 1:colcon.colcon_core.package_discovery:discover_packages(ignore) discover
[0.443s] Level 1:colcon.colcon_core.package_discovery:discover_packages(ignore) using defaults
[0.443s] Level 1:colcon.colcon_core.package_discovery:discover_packages(path) discover
[0.443s] Level 1:colcon.colcon_core.package_discovery:discover_packages(path) using defaults
[0.470s] Level 1:colcon.colcon_core.package_discovery:discover_packages(prefix_path) check parameters
[0.470s] Level 1:colcon.colcon_core.package_discovery:discover_packages(prefix_path) discover
[0.475s] DEBUG:colcon.colcon_installed_package_information.package_discovery:Found 2 installed packages in /home/ben/SNAKE/SOURCE/ros2/install
[0.478s] DEBUG:colcon.colcon_installed_package_information.package_discovery:Found 3 installed packages in /home/ben/ros2_ws/install
[0.481s] DEBUG:colcon.colcon_installed_package_information.package_discovery:Found 271 installed packages in /opt/ros/humble
[0.482s] Level 1:colcon.colcon_core.package_discovery:discover_packages(prefix_path) using defaults
[0.573s] Level 5:colcon.colcon_core.verb:set package 'launch_files' build argument 'cmake_args' from command line to 'None'
[0.573s] Level 5:colcon.colcon_core.verb:set package 'launch_files' build argument 'cmake_target' from command line to 'None'
[0.573s] Level 5:colcon.colcon_core.verb:set package 'launch_files' build argument 'cmake_target_skip_unavailable' from command line to 'False'
[0.573s] Level 5:colcon.colcon_core.verb:set package 'launch_files' build argument 'cmake_clean_cache' from command line to 'False'
[0.573s] Level 5:colcon.colcon_core.verb:set package 'launch_files' build argument 'cmake_clean_first' from command line to 'False'
[0.573s] Level 5:colcon.colcon_core.verb:set package 'launch_files' build argument 'cmake_force_configure' from command line to 'False'
[0.573s] Level 5:colcon.colcon_core.verb:set package 'launch_files' build argument 'ament_cmake_args' from command line to 'None'
[0.573s] Level 5:colcon.colcon_core.verb:set package 'launch_files' build argument 'catkin_cmake_args' from command line to 'None'
[0.574s] Level 5:colcon.colcon_core.verb:set package 'launch_files' build argument 'catkin_skip_building_tests' from command line to 'False'
[0.574s] DEBUG:colcon.colcon_core.verb:Building package 'launch_files' with the following arguments: {'ament_cmake_args': None, 'build_base': '/home/ben/SNAKE/SOURCE/ros2/build/launch_files', 'catkin_cmake_args': None, 'catkin_skip_building_tests': False, 'cmake_args': None, 'cmake_clean_cache': False, 'cmake_clean_first': False, 'cmake_force_configure': False, 'cmake_target': None, 'cmake_target_skip_unavailable': False, 'install_base': '/home/ben/SNAKE/SOURCE/ros2/install/launch_files', 'merge_install': False, 'path': '/home/ben/SNAKE/SOURCE/ros2/src/launch_files', 'symlink_install': False, 'test_result_base': None}
[0.575s] Level 5:colcon.colcon_core.verb:set package 'nodes_pkg' build argument 'cmake_args' from command line to 'None'
[0.575s] Level 5:colcon.colcon_core.verb:set package 'nodes_pkg' build argument 'cmake_target' from command line to 'None'
[0.575s] Level 5:colcon.colcon_core.verb:set package 'nodes_pkg' build argument 'cmake_target_skip_unavailable' from command line to 'False'
[0.575s] Level 5:colcon.colcon_core.verb:set package 'nodes_pkg' build argument 'cmake_clean_cache' from command line to 'False'
[0.575s] Level 5:colcon.colcon_core.verb:set package 'nodes_pkg' build argument 'cmake_clean_first' from command line to 'False'
[0.575s] Level 5:colcon.colcon_core.verb:set package 'nodes_pkg' build argument 'cmake_force_configure' from command line to 'False'
[0.575s] Level 5:colcon.colcon_core.verb:set package 'nodes_pkg' build argument 'ament_cmake_args' from command line to 'None'
[0.575s] Level 5:colcon.colcon_core.verb:set package 'nodes_pkg' build argument 'catkin_cmake_args' from command line to 'None'
[0.575s] Level 5:colcon.colcon_core.verb:set package 'nodes_pkg' build argument 'catkin_skip_building_tests' from command line to 'False'
[0.575s] DEBUG:colcon.colcon_core.verb:Building package 'nodes_pkg' with the following arguments: {'ament_cmake_args': None, 'build_base': '/home/ben/SNAKE/SOURCE/ros2/build/nodes_pkg', 'catkin_cmake_args': None, 'catkin_skip_building_tests': False, 'cmake_args': None, 'cmake_clean_cache': False, 'cmake_clean_first': False, 'cmake_force_configure': False, 'cmake_target': None, 'cmake_target_skip_unavailable': False, 'install_base': '/home/ben/SNAKE/SOURCE/ros2/install/nodes_pkg', 'merge_install': False, 'path': '/home/ben/SNAKE/SOURCE/ros2/src/nodes_pkg', 'symlink_install': False, 'test_result_base': None}
[0.576s] INFO:colcon.colcon_core.executor:Executing jobs using 'parallel' executor
[0.580s] DEBUG:colcon.colcon_parallel_executor.executor.parallel:run_until_complete
[0.580s] INFO:colcon.colcon_ros.task.ament_cmake.build:Building ROS package in '/home/ben/SNAKE/SOURCE/ros2/src/launch_files' with build type 'ament_cmake'
[0.580s] INFO:colcon.colcon_cmake.task.cmake.build:Building CMake package in '/home/ben/SNAKE/SOURCE/ros2/src/launch_files'
[0.588s] INFO:colcon.colcon_core.plugin_system:Skipping extension 'colcon_core.shell.bat': Not used on non-Windows systems
[0.588s] INFO:colcon.colcon_core.shell:Skip shell extension 'powershell' for command environment: Not usable outside of PowerShell
[0.588s] DEBUG:colcon.colcon_core.shell:Skip shell extension 'dsv' for command environment
[0.594s] INFO:colcon.colcon_ros.task.ament_cmake.build:Building ROS package in '/home/ben/SNAKE/SOURCE/ros2/src/nodes_pkg' with build type 'ament_cmake'
[0.594s] INFO:colcon.colcon_cmake.task.cmake.build:Building CMake package in '/home/ben/SNAKE/SOURCE/ros2/src/nodes_pkg'
[0.595s] INFO:colcon.colcon_core.shell:Skip shell extension 'powershell' for command environment: Not usable outside of PowerShell
[0.596s] DEBUG:colcon.colcon_core.shell:Skip shell extension 'dsv' for command environment
[0.611s] DEBUG:colcon.colcon_core.event_handler.log_command:Invoking command in '/home/ben/SNAKE/SOURCE/ros2/build/launch_files': CMAKE_PREFIX_PATH=${CMAKE_PREFIX_PATH}:/opt/ros/humble /usr/bin/cmake --build /home/ben/SNAKE/SOURCE/ros2/build/launch_files -- -j3 -l3
[0.618s] DEBUG:colcon.colcon_core.event_handler.log_command:Invoking command in '/home/ben/SNAKE/SOURCE/ros2/build/nodes_pkg': CMAKE_PREFIX_PATH=${CMAKE_PREFIX_PATH}:/opt/ros/humble /usr/bin/cmake --build /home/ben/SNAKE/SOURCE/ros2/build/nodes_pkg -- -j3 -l3
[0.678s] DEBUG:colcon.colcon_core.event_handler.log_command:Invoked command in '/home/ben/SNAKE/SOURCE/ros2/build/launch_files' returned '0': CMAKE_PREFIX_PATH=${CMAKE_PREFIX_PATH}:/opt/ros/humble /usr/bin/cmake --build /home/ben/SNAKE/SOURCE/ros2/build/launch_files -- -j3 -l3
[0.734s] DEBUG:colcon.colcon_core.event_handler.log_command:Invoking command in '/home/ben/SNAKE/SOURCE/ros2/build/launch_files': CMAKE_PREFIX_PATH=${CMAKE_PREFIX_PATH}:/opt/ros/humble /usr/bin/cmake --install /home/ben/SNAKE/SOURCE/ros2/build/launch_files
[0.756s] Level 1:colcon.colcon_core.environment:create_environment_scripts_only(launch_files)
[0.758s] DEBUG:colcon.colcon_core.event_handler.log_command:Invoked command in '/home/ben/SNAKE/SOURCE/ros2/build/launch_files' returned '0': CMAKE_PREFIX_PATH=${CMAKE_PREFIX_PATH}:/opt/ros/humble /usr/bin/cmake --install /home/ben/SNAKE/SOURCE/ros2/build/launch_files
[0.764s] Level 1:colcon.colcon_core.environment:checking '/home/ben/SNAKE/SOURCE/ros2/install/launch_files' for CMake module files
[0.765s] Level 1:colcon.colcon_core.environment:checking '/home/ben/SNAKE/SOURCE/ros2/install/launch_files' for CMake config files
[0.765s] Level 1:colcon.colcon_core.shell:create_environment_hook('launch_files', 'cmake_prefix_path')
[0.766s] INFO:colcon.colcon_core.shell:Creating environment hook '/home/ben/SNAKE/SOURCE/ros2/install/launch_files/share/launch_files/hook/cmake_prefix_path.ps1'
[0.767s] INFO:colcon.colcon_core.shell:Creating environment descriptor '/home/ben/SNAKE/SOURCE/ros2/install/launch_files/share/launch_files/hook/cmake_prefix_path.dsv'
[0.768s] INFO:colcon.colcon_core.shell:Creating environment hook '/home/ben/SNAKE/SOURCE/ros2/install/launch_files/share/launch_files/hook/cmake_prefix_path.sh'
[0.769s] Level 1:colcon.colcon_core.environment:checking '/home/ben/SNAKE/SOURCE/ros2/install/launch_files/bin'
[0.769s] Level 1:colcon.colcon_core.environment:checking '/home/ben/SNAKE/SOURCE/ros2/install/launch_files/lib/pkgconfig/launch_files.pc'
[0.769s] Level 1:colcon.colcon_core.environment:checking '/home/ben/SNAKE/SOURCE/ros2/install/launch_files/lib/python3.10/site-packages'
[0.769s] Level 1:colcon.colcon_core.environment:checking '/home/ben/SNAKE/SOURCE/ros2/install/launch_files/bin'
[0.770s] INFO:colcon.colcon_core.shell:Creating package script '/home/ben/SNAKE/SOURCE/ros2/install/launch_files/share/launch_files/package.ps1'
[0.771s] INFO:colcon.colcon_core.shell:Creating package descriptor '/home/ben/SNAKE/SOURCE/ros2/install/launch_files/share/launch_files/package.dsv'
[0.772s] INFO:colcon.colcon_core.shell:Creating package script '/home/ben/SNAKE/SOURCE/ros2/install/launch_files/share/launch_files/package.sh'
[0.773s] INFO:colcon.colcon_core.shell:Creating package script '/home/ben/SNAKE/SOURCE/ros2/install/launch_files/share/launch_files/package.bash'
[0.773s] INFO:colcon.colcon_core.shell:Creating package script '/home/ben/SNAKE/SOURCE/ros2/install/launch_files/share/launch_files/package.zsh'
[0.774s] Level 1:colcon.colcon_core.environment:create_file_with_runtime_dependencies(/home/ben/SNAKE/SOURCE/ros2/install/launch_files/share/colcon-core/packages/launch_files)
[0.809s] Level 1:colcon.colcon_core.environment:create_environment_scripts_only(launch_files)
[0.811s] Level 1:colcon.colcon_core.environment:checking '/home/ben/SNAKE/SOURCE/ros2/install/launch_files' for CMake module files
[0.811s] Level 1:colcon.colcon_core.environment:checking '/home/ben/SNAKE/SOURCE/ros2/install/launch_files' for CMake config files
[0.812s] Level 1:colcon.colcon_core.shell:create_environment_hook('launch_files', 'cmake_prefix_path')
[0.813s] INFO:colcon.colcon_core.shell:Creating environment hook '/home/ben/SNAKE/SOURCE/ros2/install/launch_files/share/launch_files/hook/cmake_prefix_path.ps1'
[0.813s] INFO:colcon.colcon_core.shell:Creating environment descriptor '/home/ben/SNAKE/SOURCE/ros2/install/launch_files/share/launch_files/hook/cmake_prefix_path.dsv'
[0.814s] INFO:colcon.colcon_core.shell:Creating environment hook '/home/ben/SNAKE/SOURCE/ros2/install/launch_files/share/launch_files/hook/cmake_prefix_path.sh'
[0.814s] Level 1:colcon.colcon_core.environment:checking '/home/ben/SNAKE/SOURCE/ros2/install/launch_files/bin'
[0.814s] Level 1:colcon.colcon_core.environment:checking '/home/ben/SNAKE/SOURCE/ros2/install/launch_files/lib/pkgconfig/launch_files.pc'
[0.815s] Level 1:colcon.colcon_core.environment:checking '/home/ben/SNAKE/SOURCE/ros2/install/launch_files/lib/python3.10/site-packages'
[0.815s] Level 1:colcon.colcon_core.environment:checking '/home/ben/SNAKE/SOURCE/ros2/install/launch_files/bin'
[0.816s] INFO:colcon.colcon_core.shell:Creating package script '/home/ben/SNAKE/SOURCE/ros2/install/launch_files/share/launch_files/package.ps1'
[0.817s] INFO:colcon.colcon_core.shell:Creating package descriptor '/home/ben/SNAKE/SOURCE/ros2/install/launch_files/share/launch_files/package.dsv'
[0.817s] INFO:colcon.colcon_core.shell:Creating package script '/home/ben/SNAKE/SOURCE/ros2/install/launch_files/share/launch_files/package.sh'
[0.818s] INFO:colcon.colcon_core.shell:Creating package script '/home/ben/SNAKE/SOURCE/ros2/install/launch_files/share/launch_files/package.bash'
[0.818s] INFO:colcon.colcon_core.shell:Creating package script '/home/ben/SNAKE/SOURCE/ros2/install/launch_files/share/launch_files/package.zsh'
[0.819s] Level 1:colcon.colcon_core.environment:create_file_with_runtime_dependencies(/home/ben/SNAKE/SOURCE/ros2/install/launch_files/share/colcon-core/packages/launch_files)
[11.858s] DEBUG:colcon.colcon_core.event_handler.log_command:Invoked command in '/home/ben/SNAKE/SOURCE/ros2/build/nodes_pkg' returned '0': CMAKE_PREFIX_PATH=${CMAKE_PREFIX_PATH}:/opt/ros/humble /usr/bin/cmake --build /home/ben/SNAKE/SOURCE/ros2/build/nodes_pkg -- -j3 -l3
[11.916s] DEBUG:colcon.colcon_core.event_handler.log_command:Invoking command in '/home/ben/SNAKE/SOURCE/ros2/build/nodes_pkg': CMAKE_PREFIX_PATH=${CMAKE_PREFIX_PATH}:/opt/ros/humble /usr/bin/cmake --install /home/ben/SNAKE/SOURCE/ros2/build/nodes_pkg
[11.952s] Level 1:colcon.colcon_core.environment:create_environment_scripts_only(nodes_pkg)
[11.958s] DEBUG:colcon.colcon_core.event_handler.log_command:Invoked command in '/home/ben/SNAKE/SOURCE/ros2/build/nodes_pkg' returned '0': CMAKE_PREFIX_PATH=${CMAKE_PREFIX_PATH}:/opt/ros/humble /usr/bin/cmake --install /home/ben/SNAKE/SOURCE/ros2/build/nodes_pkg
[11.959s] Level 1:colcon.colcon_core.environment:checking '/home/ben/SNAKE/SOURCE/ros2/install/nodes_pkg' for CMake module files
[11.960s] Level 1:colcon.colcon_core.environment:checking '/home/ben/SNAKE/SOURCE/ros2/install/nodes_pkg' for CMake config files
[11.960s] Level 1:colcon.colcon_core.shell:create_environment_hook('nodes_pkg', 'cmake_prefix_path')
[11.965s] INFO:colcon.colcon_core.shell:Creating environment hook '/home/ben/SNAKE/SOURCE/ros2/install/nodes_pkg/share/nodes_pkg/hook/cmake_prefix_path.ps1'
[11.972s] INFO:colcon.colcon_core.shell:Creating environment descriptor '/home/ben/SNAKE/SOURCE/ros2/install/nodes_pkg/share/nodes_pkg/hook/cmake_prefix_path.dsv'
[11.974s] INFO:colcon.colcon_core.shell:Creating environment hook '/home/ben/SNAKE/SOURCE/ros2/install/nodes_pkg/share/nodes_pkg/hook/cmake_prefix_path.sh'
[11.982s] Level 1:colcon.colcon_core.environment:checking '/home/ben/SNAKE/SOURCE/ros2/install/nodes_pkg/lib'
[11.982s] Level 1:colcon.colcon_core.environment:checking '/home/ben/SNAKE/SOURCE/ros2/install/nodes_pkg/bin'
[11.983s] Level 1:colcon.colcon_core.environment:checking '/home/ben/SNAKE/SOURCE/ros2/install/nodes_pkg/lib/pkgconfig/nodes_pkg.pc'
[11.985s] Level 1:colcon.colcon_core.environment:checking '/home/ben/SNAKE/SOURCE/ros2/install/nodes_pkg/lib/python3.10/site-packages'
[11.985s] Level 1:colcon.colcon_core.environment:checking '/home/ben/SNAKE/SOURCE/ros2/install/nodes_pkg/bin'
[11.987s] INFO:colcon.colcon_core.shell:Creating package script '/home/ben/SNAKE/SOURCE/ros2/install/nodes_pkg/share/nodes_pkg/package.ps1'
[11.991s] INFO:colcon.colcon_core.shell:Creating package descriptor '/home/ben/SNAKE/SOURCE/ros2/install/nodes_pkg/share/nodes_pkg/package.dsv'
[11.992s] INFO:colcon.colcon_core.shell:Creating package script '/home/ben/SNAKE/SOURCE/ros2/install/nodes_pkg/share/nodes_pkg/package.sh'
[11.993s] INFO:colcon.colcon_core.shell:Creating package script '/home/ben/SNAKE/SOURCE/ros2/install/nodes_pkg/share/nodes_pkg/package.bash'
[11.996s] INFO:colcon.colcon_core.shell:Creating package script '/home/ben/SNAKE/SOURCE/ros2/install/nodes_pkg/share/nodes_pkg/package.zsh'
[12.001s] Level 1:colcon.colcon_core.environment:create_file_with_runtime_dependencies(/home/ben/SNAKE/SOURCE/ros2/install/nodes_pkg/share/colcon-core/packages/nodes_pkg)
[12.084s] Level 1:colcon.colcon_core.environment:create_environment_scripts_only(nodes_pkg)
[12.087s] Level 1:colcon.colcon_core.environment:checking '/home/ben/SNAKE/SOURCE/ros2/install/nodes_pkg' for CMake module files
[12.087s] Level 1:colcon.colcon_core.environment:checking '/home/ben/SNAKE/SOURCE/ros2/install/nodes_pkg' for CMake config files
[12.088s] Level 1:colcon.colcon_core.shell:create_environment_hook('nodes_pkg', 'cmake_prefix_path')
[12.089s] INFO:colcon.colcon_core.shell:Creating environment hook '/home/ben/SNAKE/SOURCE/ros2/install/nodes_pkg/share/nodes_pkg/hook/cmake_prefix_path.ps1'
[12.090s] INFO:colcon.colcon_core.shell:Creating environment descriptor '/home/ben/SNAKE/SOURCE/ros2/install/nodes_pkg/share/nodes_pkg/hook/cmake_prefix_path.dsv'
[12.091s] INFO:colcon.colcon_core.shell:Creating environment hook '/home/ben/SNAKE/SOURCE/ros2/install/nodes_pkg/share/nodes_pkg/hook/cmake_prefix_path.sh'
[12.092s] Level 1:colcon.colcon_core.environment:checking '/home/ben/SNAKE/SOURCE/ros2/install/nodes_pkg/lib'
[12.092s] Level 1:colcon.colcon_core.environment:checking '/home/ben/SNAKE/SOURCE/ros2/install/nodes_pkg/bin'
[12.092s] Level 1:colcon.colcon_core.environment:checking '/home/ben/SNAKE/SOURCE/ros2/install/nodes_pkg/lib/pkgconfig/nodes_pkg.pc'
[12.092s] Level 1:colcon.colcon_core.environment:checking '/home/ben/SNAKE/SOURCE/ros2/install/nodes_pkg/lib/python3.10/site-packages'
[12.092s] Level 1:colcon.colcon_core.environment:checking '/home/ben/SNAKE/SOURCE/ros2/install/nodes_pkg/bin'
[12.094s] INFO:colcon.colcon_core.shell:Creating package script '/home/ben/SNAKE/SOURCE/ros2/install/nodes_pkg/share/nodes_pkg/package.ps1'
[12.095s] INFO:colcon.colcon_core.shell:Creating package descriptor '/home/ben/SNAKE/SOURCE/ros2/install/nodes_pkg/share/nodes_pkg/package.dsv'
[12.095s] INFO:colcon.colcon_core.shell:Creating package script '/home/ben/SNAKE/SOURCE/ros2/install/nodes_pkg/share/nodes_pkg/package.sh'
[12.096s] INFO:colcon.colcon_core.shell:Creating package script '/home/ben/SNAKE/SOURCE/ros2/install/nodes_pkg/share/nodes_pkg/package.bash'
[12.097s] INFO:colcon.colcon_core.shell:Creating package script '/home/ben/SNAKE/SOURCE/ros2/install/nodes_pkg/share/nodes_pkg/package.zsh'
[12.097s] Level 1:colcon.colcon_core.environment:create_file_with_runtime_dependencies(/home/ben/SNAKE/SOURCE/ros2/install/nodes_pkg/share/colcon-core/packages/nodes_pkg)
[12.098s] DEBUG:colcon.colcon_parallel_executor.executor.parallel:closing loop
[12.100s] DEBUG:colcon.colcon_parallel_executor.executor.parallel:loop closed
[12.101s] DEBUG:colcon.colcon_parallel_executor.executor.parallel:run_until_complete finished with '0'
[12.101s] DEBUG:colcon.colcon_core.event_reactor:joining thread
[12.146s] INFO:colcon.colcon_core.plugin_system:Skipping extension 'colcon_notification.desktop_notification.terminal_notifier': Not used on non-Darwin systems
[12.147s] INFO:colcon.colcon_core.plugin_system:Skipping extension 'colcon_notification.desktop_notification.win32': Not used on non-Windows systems
[12.147s] INFO:colcon.colcon_notification.desktop_notification:Sending desktop notification using 'notify2'
[12.210s] DEBUG:colcon.colcon_core.event_reactor:joined thread
[12.212s] INFO:colcon.colcon_core.shell:Creating prefix script '/home/ben/SNAKE/SOURCE/ros2/install/local_setup.ps1'
[12.214s] INFO:colcon.colcon_core.shell:Creating prefix util module '/home/ben/SNAKE/SOURCE/ros2/install/_local_setup_util_ps1.py'
[12.216s] INFO:colcon.colcon_core.shell:Creating prefix chain script '/home/ben/SNAKE/SOURCE/ros2/install/setup.ps1'
[12.227s] INFO:colcon.colcon_core.shell:Creating prefix script '/home/ben/SNAKE/SOURCE/ros2/install/local_setup.sh'
[12.232s] INFO:colcon.colcon_core.shell:Creating prefix util module '/home/ben/SNAKE/SOURCE/ros2/install/_local_setup_util_sh.py'
[12.240s] INFO:colcon.colcon_core.shell:Creating prefix chain script '/home/ben/SNAKE/SOURCE/ros2/install/setup.sh'
[12.255s] INFO:colcon.colcon_core.shell:Creating prefix script '/home/ben/SNAKE/SOURCE/ros2/install/local_setup.bash'
[12.257s] INFO:colcon.colcon_core.shell:Creating prefix chain script '/home/ben/SNAKE/SOURCE/ros2/install/setup.bash'
[12.264s] INFO:colcon.colcon_core.shell:Creating prefix script '/home/ben/SNAKE/SOURCE/ros2/install/local_setup.zsh'
[12.265s] INFO:colcon.colcon_core.shell:Creating prefix chain script '/home/ben/SNAKE/SOURCE/ros2/install/setup.zsh'
