[0.031s] Invoking command in '/home/ben/SNAKE/SOURCE/ros2/build/nodes_pkg': CMAKE_PREFIX_PATH=${CMAKE_PREFIX_PATH}:/opt/ros/humble /usr/bin/cmake --build /home/ben/SNAKE/SOURCE/ros2/build/nodes_pkg -- -j3 -l3
[0.148s] [35m[1mConsolidate compiler generated dependencies of target node1[0m
[0.175s] [ 50%] [32mBuilding CXX object CMakeFiles/node1.dir/src/node1.cpp.o[0m
[11.722s] [100%] [32m[1mLinking CXX executable node1[0m
[12.404s] [100%] Built target node1
[12.438s] Invoked command in '/home/ben/SNAKE/SOURCE/ros2/build/nodes_pkg' returned '0': CMAKE_PREFIX_PATH=${CMAKE_PREFIX_PATH}:/opt/ros/humble /usr/bin/cmake --build /home/ben/SNAKE/SOURCE/ros2/build/nodes_pkg -- -j3 -l3
[12.494s] Invoking command in '/home/ben/SNAKE/SOURCE/ros2/build/nodes_pkg': CMAKE_PREFIX_PATH=${CMAKE_PREFIX_PATH}:/opt/ros/humble /usr/bin/cmake --install /home/ben/SNAKE/SOURCE/ros2/build/nodes_pkg
[12.506s] -- Install configuration: ""
[12.508s] -- Installing: /home/ben/SNAKE/SOURCE/ros2/install/nodes_pkg/lib/nodes_pkg/node1
[12.513s] -- Set runtime path of "/home/ben/SNAKE/SOURCE/ros2/install/nodes_pkg/lib/nodes_pkg/node1" to ""
[12.514s] -- Up-to-date: /home/ben/SNAKE/SOURCE/ros2/install/nodes_pkg/share/ament_index/resource_index/package_run_dependencies/nodes_pkg
[12.514s] -- Up-to-date: /home/ben/SNAKE/SOURCE/ros2/install/nodes_pkg/share/ament_index/resource_index/parent_prefix_path/nodes_pkg
[12.516s] -- Up-to-date: /home/ben/SNAKE/SOURCE/ros2/install/nodes_pkg/share/nodes_pkg/environment/ament_prefix_path.sh
[12.516s] -- Up-to-date: /home/ben/SNAKE/SOURCE/ros2/install/nodes_pkg/share/nodes_pkg/environment/ament_prefix_path.dsv
[12.516s] -- Up-to-date: /home/ben/SNAKE/SOURCE/ros2/install/nodes_pkg/share/nodes_pkg/environment/path.sh
[12.516s] -- Up-to-date: /home/ben/SNAKE/SOURCE/ros2/install/nodes_pkg/share/nodes_pkg/environment/path.dsv
[12.517s] -- Up-to-date: /home/ben/SNAKE/SOURCE/ros2/install/nodes_pkg/share/nodes_pkg/local_setup.bash
[12.517s] -- Up-to-date: /home/ben/SNAKE/SOURCE/ros2/install/nodes_pkg/share/nodes_pkg/local_setup.sh
[12.517s] -- Up-to-date: /home/ben/SNAKE/SOURCE/ros2/install/nodes_pkg/share/nodes_pkg/local_setup.zsh
[12.517s] -- Up-to-date: /home/ben/SNAKE/SOURCE/ros2/install/nodes_pkg/share/nodes_pkg/local_setup.dsv
[12.517s] -- Installing: /home/ben/SNAKE/SOURCE/ros2/install/nodes_pkg/share/nodes_pkg/package.dsv
[12.518s] -- Up-to-date: /home/ben/SNAKE/SOURCE/ros2/install/nodes_pkg/share/ament_index/resource_index/packages/nodes_pkg
[12.518s] -- Up-to-date: /home/ben/SNAKE/SOURCE/ros2/install/nodes_pkg/share/nodes_pkg/cmake/nodes_pkgConfig.cmake
[12.518s] -- Up-to-date: /home/ben/SNAKE/SOURCE/ros2/install/nodes_pkg/share/nodes_pkg/cmake/nodes_pkgConfig-version.cmake
[12.518s] -- Up-to-date: /home/ben/SNAKE/SOURCE/ros2/install/nodes_pkg/share/nodes_pkg/package.xml
[12.525s] Invoked command in '/home/ben/SNAKE/SOURCE/ros2/build/nodes_pkg' returned '0': CMAKE_PREFIX_PATH=${CMAKE_PREFIX_PATH}:/opt/ros/humble /usr/bin/cmake --install /home/ben/SNAKE/SOURCE/ros2/build/nodes_pkg
