[0.709s] DEBUG:colcon:Command line arguments: ['/usr/bin/colcon', 'build']
[0.709s] DEBUG:colcon:Parsed command line arguments: Namespace(log_base=None, log_level=None, verb_name='build', build_base='build', install_base='install', merge_install=False, symlink_install=False, test_result_base=None, continue_on_error=False, executor='parallel', parallel_workers=3, event_handlers=None, ignore_user_meta=False, metas=['./colcon.meta'], base_paths=['.'], packages_ignore=None, packages_ignore_regex=None, paths=None, packages_up_to=None, packages_up_to_regex=None, packages_above=None, packages_above_and_dependencies=None, packages_above_depth=None, packages_select_by_dep=None, packages_skip_by_dep=None, packages_skip_up_to=None, packages_select_build_failed=False, packages_skip_build_finished=False, packages_select_test_failures=False, packages_skip_test_passed=False, packages_select=None, packages_skip=None, packages_select_regex=None, packages_skip_regex=None, packages_start=None, packages_end=None, allow_overriding=[], cmake_args=None, cmake_target=None, cmake_target_skip_unavailable=False, cmake_clean_cache=False, cmake_clean_first=False, cmake_force_configure=False, ament_cmake_args=None, catkin_cmake_args=None, catkin_skip_building_tests=False, verb_parser=<colcon_defaults.argument_parser.defaults.DefaultArgumentsDecorator object at 0x7f54ec7784f0>, verb_extension=<colcon_core.verb.build.BuildVerb object at 0x7f54ed0bfc10>, main=<bound method BuildVerb.main of <colcon_core.verb.build.BuildVerb object at 0x7f54ed0bfc10>>)
[0.779s] Level 1:colcon.colcon_core.package_discovery:discover_packages(colcon_meta) check parameters
[0.780s] Level 1:colcon.colcon_core.package_discovery:discover_packages(recursive) check parameters
[0.780s] Level 1:colcon.colcon_core.package_discovery:discover_packages(ignore) check parameters
[0.780s] Level 1:colcon.colcon_core.package_discovery:discover_packages(path) check parameters
[0.780s] Level 1:colcon.colcon_core.package_discovery:discover_packages(colcon_meta) discover
[0.780s] Level 1:colcon.colcon_core.package_discovery:discover_packages(recursive) discover
[0.780s] INFO:colcon.colcon_core.package_discovery:Crawling recursively for packages in '/home/ben/SNAKE/SOURCE/ros2'
[0.780s] Level 1:colcon.colcon_core.package_identification:_identify(.) by extensions ['ignore', 'ignore_ament_install']
[0.780s] Level 1:colcon.colcon_core.package_identification:_identify(.) by extension 'ignore'
[0.780s] Level 1:colcon.colcon_core.package_identification:_identify(.) by extension 'ignore_ament_install'
[0.780s] Level 1:colcon.colcon_core.package_identification:_identify(.) by extensions ['colcon_pkg']
[0.780s] Level 1:colcon.colcon_core.package_identification:_identify(.) by extension 'colcon_pkg'
[0.780s] Level 1:colcon.colcon_core.package_identification:_identify(.) by extensions ['colcon_meta']
[0.780s] Level 1:colcon.colcon_core.package_identification:_identify(.) by extension 'colcon_meta'
[0.780s] Level 1:colcon.colcon_core.package_identification:_identify(.) by extensions ['ros']
[0.780s] Level 1:colcon.colcon_core.package_identification:_identify(.) by extension 'ros'
[0.799s] Level 1:colcon.colcon_core.package_identification:_identify(.) by extensions ['cmake', 'python']
[0.799s] Level 1:colcon.colcon_core.package_identification:_identify(.) by extension 'cmake'
[0.799s] Level 1:colcon.colcon_core.package_identification:_identify(.) by extension 'python'
[0.799s] Level 1:colcon.colcon_core.package_identification:_identify(.) by extensions ['python_setup_py']
[0.799s] Level 1:colcon.colcon_core.package_identification:_identify(.) by extension 'python_setup_py'
[0.799s] Level 1:colcon.colcon_core.package_identification:_identify(build) by extensions ['ignore', 'ignore_ament_install']
[0.799s] Level 1:colcon.colcon_core.package_identification:_identify(build) by extension 'ignore'
[0.800s] Level 1:colcon.colcon_core.package_identification:_identify(build) ignored
[0.800s] Level 1:colcon.colcon_core.package_identification:_identify(install) by extensions ['ignore', 'ignore_ament_install']
[0.800s] Level 1:colcon.colcon_core.package_identification:_identify(install) by extension 'ignore'
[0.800s] Level 1:colcon.colcon_core.package_identification:_identify(install) ignored
[0.800s] Level 1:colcon.colcon_core.package_identification:_identify(log) by extensions ['ignore', 'ignore_ament_install']
[0.800s] Level 1:colcon.colcon_core.package_identification:_identify(log) by extension 'ignore'
[0.801s] Level 1:colcon.colcon_core.package_identification:_identify(log) ignored
[0.801s] Level 1:colcon.colcon_core.package_identification:_identify(src) by extensions ['ignore', 'ignore_ament_install']
[0.801s] Level 1:colcon.colcon_core.package_identification:_identify(src) by extension 'ignore'
[0.801s] Level 1:colcon.colcon_core.package_identification:_identify(src) by extension 'ignore_ament_install'
[0.801s] Level 1:colcon.colcon_core.package_identification:_identify(src) by extensions ['colcon_pkg']
[0.801s] Level 1:colcon.colcon_core.package_identification:_identify(src) by extension 'colcon_pkg'
[0.801s] Level 1:colcon.colcon_core.package_identification:_identify(src) by extensions ['colcon_meta']
[0.801s] Level 1:colcon.colcon_core.package_identification:_identify(src) by extension 'colcon_meta'
[0.801s] Level 1:colcon.colcon_core.package_identification:_identify(src) by extensions ['ros']
[0.801s] Level 1:colcon.colcon_core.package_identification:_identify(src) by extension 'ros'
[0.802s] Level 1:colcon.colcon_core.package_identification:_identify(src) by extensions ['cmake', 'python']
[0.802s] Level 1:colcon.colcon_core.package_identification:_identify(src) by extension 'cmake'
[0.802s] Level 1:colcon.colcon_core.package_identification:_identify(src) by extension 'python'
[0.802s] Level 1:colcon.colcon_core.package_identification:_identify(src) by extensions ['python_setup_py']
[0.802s] Level 1:colcon.colcon_core.package_identification:_identify(src) by extension 'python_setup_py'
[0.802s] Level 1:colcon.colcon_core.package_discovery:discover_packages(recursive) using defaults
[0.802s] Level 1:colcon.colcon_core.package_discovery:discover_packages(ignore) discover
[0.802s] Level 1:colcon.colcon_core.package_discovery:discover_packages(ignore) using defaults
[0.802s] Level 1:colcon.colcon_core.package_discovery:discover_packages(path) discover
[0.802s] Level 1:colcon.colcon_core.package_discovery:discover_packages(path) using defaults
[0.865s] Level 1:colcon.colcon_core.package_discovery:discover_packages(prefix_path) check parameters
[0.865s] Level 1:colcon.colcon_core.package_discovery:discover_packages(prefix_path) discover
[0.872s] DEBUG:colcon.colcon_installed_package_information.package_discovery:Found 3 installed packages in /home/ben/ros2_ws/install
[0.874s] DEBUG:colcon.colcon_installed_package_information.package_discovery:Found 271 installed packages in /opt/ros/humble
[0.876s] Level 1:colcon.colcon_core.package_discovery:discover_packages(prefix_path) using defaults
[0.979s] INFO:colcon.colcon_core.executor:Executing jobs using 'parallel' executor
[0.982s] DEBUG:colcon.colcon_parallel_executor.executor.parallel:run_until_complete
[0.983s] DEBUG:colcon.colcon_parallel_executor.executor.parallel:closing loop
[0.983s] DEBUG:colcon.colcon_parallel_executor.executor.parallel:loop closed
[0.983s] DEBUG:colcon.colcon_parallel_executor.executor.parallel:run_until_complete finished with '0'
[0.983s] DEBUG:colcon.colcon_core.event_reactor:joining thread
[0.996s] INFO:colcon.colcon_core.plugin_system:Skipping extension 'colcon_notification.desktop_notification.terminal_notifier': Not used on non-Darwin systems
[0.996s] INFO:colcon.colcon_core.plugin_system:Skipping extension 'colcon_notification.desktop_notification.win32': Not used on non-Windows systems
[0.996s] INFO:colcon.colcon_notification.desktop_notification:Sending desktop notification using 'notify2'
[1.071s] DEBUG:colcon.colcon_core.event_reactor:joined thread
[1.082s] INFO:colcon.colcon_core.plugin_system:Skipping extension 'colcon_core.shell.bat': Not used on non-Windows systems
[1.082s] INFO:colcon.colcon_core.shell:Creating prefix script '/home/ben/SNAKE/SOURCE/ros2/install/local_setup.ps1'
[1.084s] INFO:colcon.colcon_core.shell:Creating prefix util module '/home/ben/SNAKE/SOURCE/ros2/install/_local_setup_util_ps1.py'
[1.085s] INFO:colcon.colcon_core.shell:Creating prefix chain script '/home/ben/SNAKE/SOURCE/ros2/install/setup.ps1'
[1.087s] INFO:colcon.colcon_core.shell:Creating prefix script '/home/ben/SNAKE/SOURCE/ros2/install/local_setup.sh'
[1.088s] INFO:colcon.colcon_core.shell:Creating prefix util module '/home/ben/SNAKE/SOURCE/ros2/install/_local_setup_util_sh.py'
[1.088s] INFO:colcon.colcon_core.shell:Creating prefix chain script '/home/ben/SNAKE/SOURCE/ros2/install/setup.sh'
[1.090s] INFO:colcon.colcon_core.shell:Creating prefix script '/home/ben/SNAKE/SOURCE/ros2/install/local_setup.bash'
[1.092s] INFO:colcon.colcon_core.shell:Creating prefix chain script '/home/ben/SNAKE/SOURCE/ros2/install/setup.bash'
[1.094s] INFO:colcon.colcon_core.shell:Creating prefix script '/home/ben/SNAKE/SOURCE/ros2/install/local_setup.zsh'
[1.096s] INFO:colcon.colcon_core.shell:Creating prefix chain script '/home/ben/SNAKE/SOURCE/ros2/install/setup.zsh'
