[0.016s] Invoking command in '/home/ben/SNAKE/SOURCE/ros2/build/launch_files': CMAKE_PREFIX_PATH=${CMAKE_PREFIX_PATH}:/opt/ros/humble /usr/bin/cmake /home/ben/SNAKE/SOURCE/ros2/src/launch_files -DCMAKE_INSTALL_PREFIX=/home/ben/SNAKE/SOURCE/ros2/install/launch_files
[0.206s] -- The C compiler identification is GNU 11.2.0
[0.348s] -- The CXX compiler identification is GNU 11.2.0
[0.364s] -- Detecting C compiler ABI info
[0.458s] -- Detecting C compiler ABI info - done
[0.464s] -- Check for working C compiler: /usr/bin/cc - skipped
[0.465s] -- Detecting C compile features
[0.466s] -- Detecting C compile features - done
[0.471s] -- Detecting CXX compiler ABI info
[0.627s] -- Detecting CXX compiler ABI info - done
[0.642s] -- Check for working CXX compiler: /usr/bin/c++ - skipped
[0.642s] -- Detecting CXX compile features
[0.642s] -- Detecting CXX compile features - done
[0.667s] -- Found ament_cmake: 1.3.2 (/opt/ros/humble/share/ament_cmake/cmake)
[0.972s] -- Found Python3: /usr/bin/python3.10 (found version "3.10.4") found components: Interpreter 
[1.591s] -- Configuring done
[1.594s] -- Generating done
[1.601s] -- Build files have been written to: /home/ben/SNAKE/SOURCE/ros2/build/launch_files
[1.615s] Invoked command in '/home/ben/SNAKE/SOURCE/ros2/build/launch_files' returned '0': CMAKE_PREFIX_PATH=${CMAKE_PREFIX_PATH}:/opt/ros/humble /usr/bin/cmake /home/ben/SNAKE/SOURCE/ros2/src/launch_files -DCMAKE_INSTALL_PREFIX=/home/ben/SNAKE/SOURCE/ros2/install/launch_files
[1.616s] Invoking command in '/home/ben/SNAKE/SOURCE/ros2/build/launch_files': CMAKE_PREFIX_PATH=${CMAKE_PREFIX_PATH}:/opt/ros/humble /usr/bin/cmake --build /home/ben/SNAKE/SOURCE/ros2/build/launch_files -- -j3 -l3
[1.671s] Invoked command in '/home/ben/SNAKE/SOURCE/ros2/build/launch_files' returned '0': CMAKE_PREFIX_PATH=${CMAKE_PREFIX_PATH}:/opt/ros/humble /usr/bin/cmake --build /home/ben/SNAKE/SOURCE/ros2/build/launch_files -- -j3 -l3
[1.728s] Invoking command in '/home/ben/SNAKE/SOURCE/ros2/build/launch_files': CMAKE_PREFIX_PATH=${CMAKE_PREFIX_PATH}:/opt/ros/humble /usr/bin/cmake --install /home/ben/SNAKE/SOURCE/ros2/build/launch_files
[1.739s] -- Install configuration: ""
[1.740s] -- Installing: /home/ben/SNAKE/SOURCE/ros2/install/launch_files/share/launch_files//launch
[1.740s] -- Installing: /home/ben/SNAKE/SOURCE/ros2/install/launch_files/share/launch_files//launch/first_app.launch.py
[1.740s] -- Installing: /home/ben/SNAKE/SOURCE/ros2/install/launch_files/share/ament_index/resource_index/package_run_dependencies/launch_files
[1.740s] -- Installing: /home/ben/SNAKE/SOURCE/ros2/install/launch_files/share/ament_index/resource_index/parent_prefix_path/launch_files
[1.741s] -- Installing: /home/ben/SNAKE/SOURCE/ros2/install/launch_files/share/launch_files/environment/ament_prefix_path.sh
[1.741s] -- Installing: /home/ben/SNAKE/SOURCE/ros2/install/launch_files/share/launch_files/environment/ament_prefix_path.dsv
[1.741s] -- Installing: /home/ben/SNAKE/SOURCE/ros2/install/launch_files/share/launch_files/environment/path.sh
[1.742s] -- Installing: /home/ben/SNAKE/SOURCE/ros2/install/launch_files/share/launch_files/environment/path.dsv
[1.744s] -- Installing: /home/ben/SNAKE/SOURCE/ros2/install/launch_files/share/launch_files/local_setup.bash
[1.745s] -- Installing: /home/ben/SNAKE/SOURCE/ros2/install/launch_files/share/launch_files/local_setup.sh
[1.745s] -- Installing: /home/ben/SNAKE/SOURCE/ros2/install/launch_files/share/launch_files/local_setup.zsh
[1.745s] -- Installing: /home/ben/SNAKE/SOURCE/ros2/install/launch_files/share/launch_files/local_setup.dsv
[1.745s] -- Installing: /home/ben/SNAKE/SOURCE/ros2/install/launch_files/share/launch_files/package.dsv
[1.745s] -- Installing: /home/ben/SNAKE/SOURCE/ros2/install/launch_files/share/ament_index/resource_index/packages/launch_files
[1.745s] -- Installing: /home/ben/SNAKE/SOURCE/ros2/install/launch_files/share/launch_files/cmake/launch_filesConfig.cmake
[1.746s] -- Installing: /home/ben/SNAKE/SOURCE/ros2/install/launch_files/share/launch_files/cmake/launch_filesConfig-version.cmake
[1.746s] -- Installing: /home/ben/SNAKE/SOURCE/ros2/install/launch_files/share/launch_files/package.xml
[1.750s] Invoked command in '/home/ben/SNAKE/SOURCE/ros2/build/launch_files' returned '0': CMAKE_PREFIX_PATH=${CMAKE_PREFIX_PATH}:/opt/ros/humble /usr/bin/cmake --install /home/ben/SNAKE/SOURCE/ros2/build/launch_files
