[0.047s] Invoking command in '/home/ben/SNAKE/SOURCE/ros2/build/launch_files': CMAKE_PREFIX_PATH=${CMAKE_PREFIX_PATH}:/opt/ros/humble /usr/bin/cmake --build /home/ben/SNAKE/SOURCE/ros2/build/launch_files -- -j3 -l3
[0.197s] Invoked command in '/home/ben/SNAKE/SOURCE/ros2/build/launch_files' returned '0': CMAKE_PREFIX_PATH=${CMAKE_PREFIX_PATH}:/opt/ros/humble /usr/bin/cmake --build /home/ben/SNAKE/SOURCE/ros2/build/launch_files -- -j3 -l3
[0.287s] Invoking command in '/home/ben/SNAKE/SOURCE/ros2/build/launch_files': CMAKE_PREFIX_PATH=${CMAKE_PREFIX_PATH}:/opt/ros/humble /usr/bin/cmake --install /home/ben/SNAKE/SOURCE/ros2/build/launch_files
[0.299s] -- Install configuration: ""
[0.302s] -- Up-to-date: /home/ben/SNAKE/SOURCE/ros2/install/launch_files/share/launch_files//launch
[0.303s] -- Up-to-date: /home/ben/SNAKE/SOURCE/ros2/install/launch_files/share/launch_files//launch/first_app.launch.py
[0.303s] -- Up-to-date: /home/ben/SNAKE/SOURCE/ros2/install/launch_files/share/ament_index/resource_index/package_run_dependencies/launch_files
[0.304s] -- Up-to-date: /home/ben/SNAKE/SOURCE/ros2/install/launch_files/share/ament_index/resource_index/parent_prefix_path/launch_files
[0.304s] -- Up-to-date: /home/ben/SNAKE/SOURCE/ros2/install/launch_files/share/launch_files/environment/ament_prefix_path.sh
[0.306s] -- Up-to-date: /home/ben/SNAKE/SOURCE/ros2/install/launch_files/share/launch_files/environment/ament_prefix_path.dsv
[0.306s] -- Up-to-date: /home/ben/SNAKE/SOURCE/ros2/install/launch_files/share/launch_files/environment/path.sh
[0.307s] -- Up-to-date: /home/ben/SNAKE/SOURCE/ros2/install/launch_files/share/launch_files/environment/path.dsv
[0.308s] -- Up-to-date: /home/ben/SNAKE/SOURCE/ros2/install/launch_files/share/launch_files/local_setup.bash
[0.308s] -- Up-to-date: /home/ben/SNAKE/SOURCE/ros2/install/launch_files/share/launch_files/local_setup.sh
[0.309s] -- Up-to-date: /home/ben/SNAKE/SOURCE/ros2/install/launch_files/share/launch_files/local_setup.zsh
[0.309s] -- Up-to-date: /home/ben/SNAKE/SOURCE/ros2/install/launch_files/share/launch_files/local_setup.dsv
[0.309s] -- Installing: /home/ben/SNAKE/SOURCE/ros2/install/launch_files/share/launch_files/package.dsv
[0.310s] -- Up-to-date: /home/ben/SNAKE/SOURCE/ros2/install/launch_files/share/ament_index/resource_index/packages/launch_files
[0.311s] -- Up-to-date: /home/ben/SNAKE/SOURCE/ros2/install/launch_files/share/launch_files/cmake/launch_filesConfig.cmake
[0.311s] -- Up-to-date: /home/ben/SNAKE/SOURCE/ros2/install/launch_files/share/launch_files/cmake/launch_filesConfig-version.cmake
[0.311s] -- Up-to-date: /home/ben/SNAKE/SOURCE/ros2/install/launch_files/share/launch_files/package.xml
[0.314s] Invoked command in '/home/ben/SNAKE/SOURCE/ros2/build/launch_files' returned '0': CMAKE_PREFIX_PATH=${CMAKE_PREFIX_PATH}:/opt/ros/humble /usr/bin/cmake --install /home/ben/SNAKE/SOURCE/ros2/build/launch_files
