[0.342s] DEBUG:colcon:Command line arguments: ['/usr/bin/colcon', 'build', '--packages-select', 'nodes_pkg']
[0.342s] DEBUG:colcon:Parsed command line arguments: Namespace(log_base=None, log_level=None, verb_name='build', build_base='build', install_base='install', merge_install=False, symlink_install=False, test_result_base=None, continue_on_error=False, executor='parallel', parallel_workers=3, event_handlers=None, ignore_user_meta=False, metas=['./colcon.meta'], base_paths=['.'], packages_ignore=None, packages_ignore_regex=None, paths=None, packages_up_to=None, packages_up_to_regex=None, packages_above=None, packages_above_and_dependencies=None, packages_above_depth=None, packages_select_by_dep=None, packages_skip_by_dep=None, packages_skip_up_to=None, packages_select_build_failed=False, packages_skip_build_finished=False, packages_select_test_failures=False, packages_skip_test_passed=False, packages_select=['nodes_pkg'], packages_skip=None, packages_select_regex=None, packages_skip_regex=None, packages_start=None, packages_end=None, allow_overriding=[], cmake_args=None, cmake_target=None, cmake_target_skip_unavailable=False, cmake_clean_cache=False, cmake_clean_first=False, cmake_force_configure=False, ament_cmake_args=None, catkin_cmake_args=None, catkin_skip_building_tests=False, verb_parser=<colcon_defaults.argument_parser.defaults.DefaultArgumentsDecorator object at 0x7f671b2e9b70>, verb_extension=<colcon_core.verb.build.BuildVerb object at 0x7f671bc41ab0>, main=<bound method BuildVerb.main of <colcon_core.verb.build.BuildVerb object at 0x7f671bc41ab0>>)
[0.362s] Level 1:colcon.colcon_core.package_discovery:discover_packages(colcon_meta) check parameters
[0.362s] Level 1:colcon.colcon_core.package_discovery:discover_packages(recursive) check parameters
[0.362s] Level 1:colcon.colcon_core.package_discovery:discover_packages(ignore) check parameters
[0.362s] Level 1:colcon.colcon_core.package_discovery:discover_packages(path) check parameters
[0.362s] Level 1:colcon.colcon_core.package_discovery:discover_packages(colcon_meta) discover
[0.362s] Level 1:colcon.colcon_core.package_discovery:discover_packages(recursive) discover
[0.362s] INFO:colcon.colcon_core.package_discovery:Crawling recursively for packages in '/home/ben/SNAKE/SOURCE/ros2'
[0.362s] Level 1:colcon.colcon_core.package_identification:_identify(.) by extensions ['ignore', 'ignore_ament_install']
[0.363s] Level 1:colcon.colcon_core.package_identification:_identify(.) by extension 'ignore'
[0.363s] Level 1:colcon.colcon_core.package_identification:_identify(.) by extension 'ignore_ament_install'
[0.363s] Level 1:colcon.colcon_core.package_identification:_identify(.) by extensions ['colcon_pkg']
[0.363s] Level 1:colcon.colcon_core.package_identification:_identify(.) by extension 'colcon_pkg'
[0.363s] Level 1:colcon.colcon_core.package_identification:_identify(.) by extensions ['colcon_meta']
[0.363s] Level 1:colcon.colcon_core.package_identification:_identify(.) by extension 'colcon_meta'
[0.363s] Level 1:colcon.colcon_core.package_identification:_identify(.) by extensions ['ros']
[0.363s] Level 1:colcon.colcon_core.package_identification:_identify(.) by extension 'ros'
[0.380s] Level 1:colcon.colcon_core.package_identification:_identify(.) by extensions ['cmake', 'python']
[0.380s] Level 1:colcon.colcon_core.package_identification:_identify(.) by extension 'cmake'
[0.380s] Level 1:colcon.colcon_core.package_identification:_identify(.) by extension 'python'
[0.381s] Level 1:colcon.colcon_core.package_identification:_identify(.) by extensions ['python_setup_py']
[0.381s] Level 1:colcon.colcon_core.package_identification:_identify(.) by extension 'python_setup_py'
[0.381s] Level 1:colcon.colcon_core.package_identification:_identify(build) by extensions ['ignore', 'ignore_ament_install']
[0.381s] Level 1:colcon.colcon_core.package_identification:_identify(build) by extension 'ignore'
[0.381s] Level 1:colcon.colcon_core.package_identification:_identify(build) ignored
[0.381s] Level 1:colcon.colcon_core.package_identification:_identify(config) by extensions ['ignore', 'ignore_ament_install']
[0.381s] Level 1:colcon.colcon_core.package_identification:_identify(config) by extension 'ignore'
[0.381s] Level 1:colcon.colcon_core.package_identification:_identify(config) by extension 'ignore_ament_install'
[0.381s] Level 1:colcon.colcon_core.package_identification:_identify(config) by extensions ['colcon_pkg']
[0.381s] Level 1:colcon.colcon_core.package_identification:_identify(config) by extension 'colcon_pkg'
[0.382s] Level 1:colcon.colcon_core.package_identification:_identify(config) by extensions ['colcon_meta']
[0.382s] Level 1:colcon.colcon_core.package_identification:_identify(config) by extension 'colcon_meta'
[0.382s] Level 1:colcon.colcon_core.package_identification:_identify(config) by extensions ['ros']
[0.382s] Level 1:colcon.colcon_core.package_identification:_identify(config) by extension 'ros'
[0.382s] Level 1:colcon.colcon_core.package_identification:_identify(config) by extensions ['cmake', 'python']
[0.382s] Level 1:colcon.colcon_core.package_identification:_identify(config) by extension 'cmake'
[0.382s] Level 1:colcon.colcon_core.package_identification:_identify(config) by extension 'python'
[0.382s] Level 1:colcon.colcon_core.package_identification:_identify(config) by extensions ['python_setup_py']
[0.382s] Level 1:colcon.colcon_core.package_identification:_identify(config) by extension 'python_setup_py'
[0.382s] Level 1:colcon.colcon_core.package_identification:_identify(install) by extensions ['ignore', 'ignore_ament_install']
[0.382s] Level 1:colcon.colcon_core.package_identification:_identify(install) by extension 'ignore'
[0.382s] Level 1:colcon.colcon_core.package_identification:_identify(install) ignored
[0.382s] Level 1:colcon.colcon_core.package_identification:_identify(log) by extensions ['ignore', 'ignore_ament_install']
[0.383s] Level 1:colcon.colcon_core.package_identification:_identify(log) by extension 'ignore'
[0.383s] Level 1:colcon.colcon_core.package_identification:_identify(log) ignored
[0.383s] Level 1:colcon.colcon_core.package_identification:_identify(src) by extensions ['ignore', 'ignore_ament_install']
[0.383s] Level 1:colcon.colcon_core.package_identification:_identify(src) by extension 'ignore'
[0.383s] Level 1:colcon.colcon_core.package_identification:_identify(src) by extension 'ignore_ament_install'
[0.383s] Level 1:colcon.colcon_core.package_identification:_identify(src) by extensions ['colcon_pkg']
[0.383s] Level 1:colcon.colcon_core.package_identification:_identify(src) by extension 'colcon_pkg'
[0.383s] Level 1:colcon.colcon_core.package_identification:_identify(src) by extensions ['colcon_meta']
[0.383s] Level 1:colcon.colcon_core.package_identification:_identify(src) by extension 'colcon_meta'
[0.383s] Level 1:colcon.colcon_core.package_identification:_identify(src) by extensions ['ros']
[0.383s] Level 1:colcon.colcon_core.package_identification:_identify(src) by extension 'ros'
[0.383s] Level 1:colcon.colcon_core.package_identification:_identify(src) by extensions ['cmake', 'python']
[0.383s] Level 1:colcon.colcon_core.package_identification:_identify(src) by extension 'cmake'
[0.384s] Level 1:colcon.colcon_core.package_identification:_identify(src) by extension 'python'
[0.384s] Level 1:colcon.colcon_core.package_identification:_identify(src) by extensions ['python_setup_py']
[0.384s] Level 1:colcon.colcon_core.package_identification:_identify(src) by extension 'python_setup_py'
[0.384s] Level 1:colcon.colcon_core.package_identification:_identify(src/launch_files) by extensions ['ignore', 'ignore_ament_install']
[0.384s] Level 1:colcon.colcon_core.package_identification:_identify(src/launch_files) by extension 'ignore'
[0.384s] Level 1:colcon.colcon_core.package_identification:_identify(src/launch_files) by extension 'ignore_ament_install'
[0.384s] Level 1:colcon.colcon_core.package_identification:_identify(src/launch_files) by extensions ['colcon_pkg']
[0.384s] Level 1:colcon.colcon_core.package_identification:_identify(src/launch_files) by extension 'colcon_pkg'
[0.384s] Level 1:colcon.colcon_core.package_identification:_identify(src/launch_files) by extensions ['colcon_meta']
[0.384s] Level 1:colcon.colcon_core.package_identification:_identify(src/launch_files) by extension 'colcon_meta'
[0.384s] Level 1:colcon.colcon_core.package_identification:_identify(src/launch_files) by extensions ['ros']
[0.384s] Level 1:colcon.colcon_core.package_identification:_identify(src/launch_files) by extension 'ros'
[0.387s] DEBUG:colcon.colcon_core.package_identification:Package 'src/launch_files' with type 'ros.ament_cmake' and name 'launch_files'
[0.387s] Level 1:colcon.colcon_core.package_identification:_identify(src/nodes_pkg) by extensions ['ignore', 'ignore_ament_install']
[0.387s] Level 1:colcon.colcon_core.package_identification:_identify(src/nodes_pkg) by extension 'ignore'
[0.387s] Level 1:colcon.colcon_core.package_identification:_identify(src/nodes_pkg) by extension 'ignore_ament_install'
[0.387s] Level 1:colcon.colcon_core.package_identification:_identify(src/nodes_pkg) by extensions ['colcon_pkg']
[0.387s] Level 1:colcon.colcon_core.package_identification:_identify(src/nodes_pkg) by extension 'colcon_pkg'
[0.387s] Level 1:colcon.colcon_core.package_identification:_identify(src/nodes_pkg) by extensions ['colcon_meta']
[0.388s] Level 1:colcon.colcon_core.package_identification:_identify(src/nodes_pkg) by extension 'colcon_meta'
[0.388s] Level 1:colcon.colcon_core.package_identification:_identify(src/nodes_pkg) by extensions ['ros']
[0.388s] Level 1:colcon.colcon_core.package_identification:_identify(src/nodes_pkg) by extension 'ros'
[0.388s] DEBUG:colcon.colcon_core.package_identification:Package 'src/nodes_pkg' with type 'ros.ament_cmake' and name 'nodes_pkg'
[0.388s] Level 1:colcon.colcon_core.package_discovery:discover_packages(recursive) using defaults
[0.388s] Level 1:colcon.colcon_core.package_discovery:discover_packages(ignore) discover
[0.389s] Level 1:colcon.colcon_core.package_discovery:discover_packages(ignore) using defaults
[0.389s] Level 1:colcon.colcon_core.package_discovery:discover_packages(path) discover
[0.389s] Level 1:colcon.colcon_core.package_discovery:discover_packages(path) using defaults
[0.415s] INFO:colcon.colcon_core.package_selection:Skipping not selected package 'launch_files' in 'src/launch_files'
[0.416s] Level 1:colcon.colcon_core.package_discovery:discover_packages(prefix_path) check parameters
[0.416s] Level 1:colcon.colcon_core.package_discovery:discover_packages(prefix_path) discover
[0.421s] DEBUG:colcon.colcon_installed_package_information.package_discovery:Found 2 installed packages in /home/ben/SNAKE/SOURCE/ros2/install
[0.422s] DEBUG:colcon.colcon_installed_package_information.package_discovery:Found 4 installed packages in /home/ben/ros2_ws/install
[0.423s] DEBUG:colcon.colcon_installed_package_information.package_discovery:Found 271 installed packages in /opt/ros/humble
[0.424s] Level 1:colcon.colcon_core.package_discovery:discover_packages(prefix_path) using defaults
[0.475s] Level 5:colcon.colcon_core.verb:set package 'nodes_pkg' build argument 'cmake_args' from command line to 'None'
[0.475s] Level 5:colcon.colcon_core.verb:set package 'nodes_pkg' build argument 'cmake_target' from command line to 'None'
[0.475s] Level 5:colcon.colcon_core.verb:set package 'nodes_pkg' build argument 'cmake_target_skip_unavailable' from command line to 'False'
[0.475s] Level 5:colcon.colcon_core.verb:set package 'nodes_pkg' build argument 'cmake_clean_cache' from command line to 'False'
[0.475s] Level 5:colcon.colcon_core.verb:set package 'nodes_pkg' build argument 'cmake_clean_first' from command line to 'False'
[0.475s] Level 5:colcon.colcon_core.verb:set package 'nodes_pkg' build argument 'cmake_force_configure' from command line to 'False'
[0.475s] Level 5:colcon.colcon_core.verb:set package 'nodes_pkg' build argument 'ament_cmake_args' from command line to 'None'
[0.475s] Level 5:colcon.colcon_core.verb:set package 'nodes_pkg' build argument 'catkin_cmake_args' from command line to 'None'
[0.475s] Level 5:colcon.colcon_core.verb:set package 'nodes_pkg' build argument 'catkin_skip_building_tests' from command line to 'False'
[0.475s] DEBUG:colcon.colcon_core.verb:Building package 'nodes_pkg' with the following arguments: {'ament_cmake_args': None, 'build_base': '/home/ben/SNAKE/SOURCE/ros2/build/nodes_pkg', 'catkin_cmake_args': None, 'catkin_skip_building_tests': False, 'cmake_args': None, 'cmake_clean_cache': False, 'cmake_clean_first': False, 'cmake_force_configure': False, 'cmake_target': None, 'cmake_target_skip_unavailable': False, 'install_base': '/home/ben/SNAKE/SOURCE/ros2/install/nodes_pkg', 'merge_install': False, 'path': '/home/ben/SNAKE/SOURCE/ros2/src/nodes_pkg', 'symlink_install': False, 'test_result_base': None}
[0.476s] INFO:colcon.colcon_core.executor:Executing jobs using 'parallel' executor
[0.479s] DEBUG:colcon.colcon_parallel_executor.executor.parallel:run_until_complete
[0.479s] INFO:colcon.colcon_ros.task.ament_cmake.build:Building ROS package in '/home/ben/SNAKE/SOURCE/ros2/src/nodes_pkg' with build type 'ament_cmake'
[0.479s] INFO:colcon.colcon_cmake.task.cmake.build:Building CMake package in '/home/ben/SNAKE/SOURCE/ros2/src/nodes_pkg'
[0.483s] INFO:colcon.colcon_core.plugin_system:Skipping extension 'colcon_core.shell.bat': Not used on non-Windows systems
[0.483s] INFO:colcon.colcon_core.shell:Skip shell extension 'powershell' for command environment: Not usable outside of PowerShell
[0.483s] DEBUG:colcon.colcon_core.shell:Skip shell extension 'dsv' for command environment
[0.496s] DEBUG:colcon.colcon_core.event_handler.log_command:Invoking command in '/home/ben/SNAKE/SOURCE/ros2/build/nodes_pkg': CMAKE_PREFIX_PATH=${CMAKE_PREFIX_PATH}:/opt/ros/humble /usr/bin/cmake --build /home/ben/SNAKE/SOURCE/ros2/build/nodes_pkg -- -j3 -l3
[9.739s] DEBUG:colcon.colcon_core.event_handler.log_command:Invoked command in '/home/ben/SNAKE/SOURCE/ros2/build/nodes_pkg' returned '0': CMAKE_PREFIX_PATH=${CMAKE_PREFIX_PATH}:/opt/ros/humble /usr/bin/cmake --build /home/ben/SNAKE/SOURCE/ros2/build/nodes_pkg -- -j3 -l3
[9.796s] DEBUG:colcon.colcon_core.event_handler.log_command:Invoking command in '/home/ben/SNAKE/SOURCE/ros2/build/nodes_pkg': CMAKE_PREFIX_PATH=${CMAKE_PREFIX_PATH}:/opt/ros/humble /usr/bin/cmake --install /home/ben/SNAKE/SOURCE/ros2/build/nodes_pkg
[9.814s] Level 1:colcon.colcon_core.environment:create_environment_scripts_only(nodes_pkg)
[9.817s] DEBUG:colcon.colcon_core.event_handler.log_command:Invoked command in '/home/ben/SNAKE/SOURCE/ros2/build/nodes_pkg' returned '0': CMAKE_PREFIX_PATH=${CMAKE_PREFIX_PATH}:/opt/ros/humble /usr/bin/cmake --install /home/ben/SNAKE/SOURCE/ros2/build/nodes_pkg
[9.818s] Level 1:colcon.colcon_core.environment:checking '/home/ben/SNAKE/SOURCE/ros2/install/nodes_pkg' for CMake module files
[9.818s] Level 1:colcon.colcon_core.environment:checking '/home/ben/SNAKE/SOURCE/ros2/install/nodes_pkg' for CMake config files
[9.819s] Level 1:colcon.colcon_core.shell:create_environment_hook('nodes_pkg', 'cmake_prefix_path')
[9.820s] INFO:colcon.colcon_core.shell:Creating environment hook '/home/ben/SNAKE/SOURCE/ros2/install/nodes_pkg/share/nodes_pkg/hook/cmake_prefix_path.ps1'
[9.821s] INFO:colcon.colcon_core.shell:Creating environment descriptor '/home/ben/SNAKE/SOURCE/ros2/install/nodes_pkg/share/nodes_pkg/hook/cmake_prefix_path.dsv'
[9.821s] INFO:colcon.colcon_core.shell:Creating environment hook '/home/ben/SNAKE/SOURCE/ros2/install/nodes_pkg/share/nodes_pkg/hook/cmake_prefix_path.sh'
[9.822s] Level 1:colcon.colcon_core.environment:checking '/home/ben/SNAKE/SOURCE/ros2/install/nodes_pkg/lib'
[9.822s] Level 1:colcon.colcon_core.environment:checking '/home/ben/SNAKE/SOURCE/ros2/install/nodes_pkg/bin'
[9.823s] Level 1:colcon.colcon_core.environment:checking '/home/ben/SNAKE/SOURCE/ros2/install/nodes_pkg/lib/pkgconfig/nodes_pkg.pc'
[9.823s] Level 1:colcon.colcon_core.environment:checking '/home/ben/SNAKE/SOURCE/ros2/install/nodes_pkg/lib/python3.10/site-packages'
[9.823s] Level 1:colcon.colcon_core.environment:checking '/home/ben/SNAKE/SOURCE/ros2/install/nodes_pkg/bin'
[9.824s] INFO:colcon.colcon_core.shell:Creating package script '/home/ben/SNAKE/SOURCE/ros2/install/nodes_pkg/share/nodes_pkg/package.ps1'
[9.827s] INFO:colcon.colcon_core.shell:Creating package descriptor '/home/ben/SNAKE/SOURCE/ros2/install/nodes_pkg/share/nodes_pkg/package.dsv'
[9.828s] INFO:colcon.colcon_core.shell:Creating package script '/home/ben/SNAKE/SOURCE/ros2/install/nodes_pkg/share/nodes_pkg/package.sh'
[9.829s] INFO:colcon.colcon_core.shell:Creating package script '/home/ben/SNAKE/SOURCE/ros2/install/nodes_pkg/share/nodes_pkg/package.bash'
[9.830s] INFO:colcon.colcon_core.shell:Creating package script '/home/ben/SNAKE/SOURCE/ros2/install/nodes_pkg/share/nodes_pkg/package.zsh'
[9.830s] Level 1:colcon.colcon_core.environment:create_file_with_runtime_dependencies(/home/ben/SNAKE/SOURCE/ros2/install/nodes_pkg/share/colcon-core/packages/nodes_pkg)
[9.875s] Level 1:colcon.colcon_core.environment:create_environment_scripts_only(nodes_pkg)
[9.877s] Level 1:colcon.colcon_core.environment:checking '/home/ben/SNAKE/SOURCE/ros2/install/nodes_pkg' for CMake module files
[9.877s] Level 1:colcon.colcon_core.environment:checking '/home/ben/SNAKE/SOURCE/ros2/install/nodes_pkg' for CMake config files
[9.878s] Level 1:colcon.colcon_core.shell:create_environment_hook('nodes_pkg', 'cmake_prefix_path')
[9.878s] INFO:colcon.colcon_core.shell:Creating environment hook '/home/ben/SNAKE/SOURCE/ros2/install/nodes_pkg/share/nodes_pkg/hook/cmake_prefix_path.ps1'
[9.879s] INFO:colcon.colcon_core.shell:Creating environment descriptor '/home/ben/SNAKE/SOURCE/ros2/install/nodes_pkg/share/nodes_pkg/hook/cmake_prefix_path.dsv'
[9.879s] INFO:colcon.colcon_core.shell:Creating environment hook '/home/ben/SNAKE/SOURCE/ros2/install/nodes_pkg/share/nodes_pkg/hook/cmake_prefix_path.sh'
[9.880s] Level 1:colcon.colcon_core.environment:checking '/home/ben/SNAKE/SOURCE/ros2/install/nodes_pkg/lib'
[9.880s] Level 1:colcon.colcon_core.environment:checking '/home/ben/SNAKE/SOURCE/ros2/install/nodes_pkg/bin'
[9.880s] Level 1:colcon.colcon_core.environment:checking '/home/ben/SNAKE/SOURCE/ros2/install/nodes_pkg/lib/pkgconfig/nodes_pkg.pc'
[9.880s] Level 1:colcon.colcon_core.environment:checking '/home/ben/SNAKE/SOURCE/ros2/install/nodes_pkg/lib/python3.10/site-packages'
[9.880s] Level 1:colcon.colcon_core.environment:checking '/home/ben/SNAKE/SOURCE/ros2/install/nodes_pkg/bin'
[9.882s] INFO:colcon.colcon_core.shell:Creating package script '/home/ben/SNAKE/SOURCE/ros2/install/nodes_pkg/share/nodes_pkg/package.ps1'
[9.882s] INFO:colcon.colcon_core.shell:Creating package descriptor '/home/ben/SNAKE/SOURCE/ros2/install/nodes_pkg/share/nodes_pkg/package.dsv'
[9.883s] INFO:colcon.colcon_core.shell:Creating package script '/home/ben/SNAKE/SOURCE/ros2/install/nodes_pkg/share/nodes_pkg/package.sh'
[9.883s] INFO:colcon.colcon_core.shell:Creating package script '/home/ben/SNAKE/SOURCE/ros2/install/nodes_pkg/share/nodes_pkg/package.bash'
[9.883s] INFO:colcon.colcon_core.shell:Creating package script '/home/ben/SNAKE/SOURCE/ros2/install/nodes_pkg/share/nodes_pkg/package.zsh'
[9.884s] Level 1:colcon.colcon_core.environment:create_file_with_runtime_dependencies(/home/ben/SNAKE/SOURCE/ros2/install/nodes_pkg/share/colcon-core/packages/nodes_pkg)
[9.884s] DEBUG:colcon.colcon_parallel_executor.executor.parallel:closing loop
[9.885s] DEBUG:colcon.colcon_parallel_executor.executor.parallel:loop closed
[9.885s] DEBUG:colcon.colcon_parallel_executor.executor.parallel:run_until_complete finished with '0'
[9.885s] DEBUG:colcon.colcon_core.event_reactor:joining thread
[9.890s] INFO:colcon.colcon_core.plugin_system:Skipping extension 'colcon_notification.desktop_notification.terminal_notifier': Not used on non-Darwin systems
[9.890s] INFO:colcon.colcon_core.plugin_system:Skipping extension 'colcon_notification.desktop_notification.win32': Not used on non-Windows systems
[9.890s] INFO:colcon.colcon_notification.desktop_notification:Sending desktop notification using 'notify2'
[9.908s] DEBUG:colcon.colcon_core.event_reactor:joined thread
[9.910s] INFO:colcon.colcon_core.shell:Creating prefix script '/home/ben/SNAKE/SOURCE/ros2/install/local_setup.ps1'
[9.911s] INFO:colcon.colcon_core.shell:Creating prefix util module '/home/ben/SNAKE/SOURCE/ros2/install/_local_setup_util_ps1.py'
[9.912s] INFO:colcon.colcon_core.shell:Creating prefix chain script '/home/ben/SNAKE/SOURCE/ros2/install/setup.ps1'
[9.919s] INFO:colcon.colcon_core.shell:Creating prefix script '/home/ben/SNAKE/SOURCE/ros2/install/local_setup.sh'
[9.920s] INFO:colcon.colcon_core.shell:Creating prefix util module '/home/ben/SNAKE/SOURCE/ros2/install/_local_setup_util_sh.py'
[9.925s] INFO:colcon.colcon_core.shell:Creating prefix chain script '/home/ben/SNAKE/SOURCE/ros2/install/setup.sh'
[9.927s] INFO:colcon.colcon_core.shell:Creating prefix script '/home/ben/SNAKE/SOURCE/ros2/install/local_setup.bash'
[9.928s] INFO:colcon.colcon_core.shell:Creating prefix chain script '/home/ben/SNAKE/SOURCE/ros2/install/setup.bash'
[9.929s] INFO:colcon.colcon_core.shell:Creating prefix script '/home/ben/SNAKE/SOURCE/ros2/install/local_setup.zsh'
[9.930s] INFO:colcon.colcon_core.shell:Creating prefix chain script '/home/ben/SNAKE/SOURCE/ros2/install/setup.zsh'
