[0.030s] Invoking command in '/home/ben/SNAKE/SOURCE/ros2/build/nodes_pkg': CMAKE_PREFIX_PATH=${CMAKE_PREFIX_PATH}:/opt/ros/humble /usr/bin/cmake --build /home/ben/SNAKE/SOURCE/ros2/build/nodes_pkg -- -j3 -l3
[0.067s] -- Found ament_cmake: 1.3.2 (/opt/ros/humble/share/ament_cmake/cmake)
[0.224s] -- Found rclcpp: 16.0.1 (/opt/ros/humble/share/rclcpp/cmake)
[0.265s] -- Found rosidl_generator_c: 3.1.3 (/opt/ros/humble/share/rosidl_generator_c/cmake)
[0.269s] -- Found rosidl_adapter: 3.1.3 (/opt/ros/humble/share/rosidl_adapter/cmake)
[0.278s] -- Found rosidl_generator_cpp: 3.1.3 (/opt/ros/humble/share/rosidl_generator_cpp/cmake)
[0.290s] -- Using all available rosidl_typesupport_c: rosidl_typesupport_fastrtps_c;rosidl_typesupport_introspection_c
[0.307s] -- Using all available rosidl_typesupport_cpp: rosidl_typesupport_fastrtps_cpp;rosidl_typesupport_introspection_cpp
[0.370s] -- Found rmw_implementation_cmake: 6.1.0 (/opt/ros/humble/share/rmw_implementation_cmake/cmake)
[0.372s] -- Found rmw_fastrtps_cpp: 6.2.1 (/opt/ros/humble/share/rmw_fastrtps_cpp/cmake)
[0.478s] -- Using RMW implementation 'rmw_fastrtps_cpp' as default
[0.709s] -- Configuring done
[0.725s] -- Generating done
[0.727s] -- Build files have been written to: /home/ben/SNAKE/SOURCE/ros2/build/nodes_pkg
[0.756s] [35m[1mConsolidate compiler generated dependencies of target node1[0m
[0.767s] [ 25%] [32mBuilding CXX object CMakeFiles/node2.dir/src/node2.cpp.o[0m
[0.775s] [ 75%] Built target node1
[2.989s] In file included from [01m[K/opt/ros/humble/include/rclcpp/rclcpp/logging.hpp:24[m[K,
[2.989s]                  from [01m[K/opt/ros/humble/include/rclcpp/rclcpp/client.hpp:40[m[K,
[2.989s]                  from [01m[K/opt/ros/humble/include/rclcpp/rclcpp/callback_group.hpp:23[m[K,
[2.989s]                  from [01m[K/opt/ros/humble/include/rclcpp/rclcpp/any_executable.hpp:20[m[K,
[2.990s]                  from [01m[K/opt/ros/humble/include/rclcpp/rclcpp/memory_strategy.hpp:25[m[K,
[2.990s]                  from [01m[K/opt/ros/humble/include/rclcpp/rclcpp/memory_strategies.hpp:18[m[K,
[2.990s]                  from [01m[K/opt/ros/humble/include/rclcpp/rclcpp/executor_options.hpp:20[m[K,
[2.990s]                  from [01m[K/opt/ros/humble/include/rclcpp/rclcpp/executor.hpp:37[m[K,
[2.990s]                  from [01m[K/opt/ros/humble/include/rclcpp/rclcpp/executors/multi_threaded_executor.hpp:25[m[K,
[2.990s]                  from [01m[K/opt/ros/humble/include/rclcpp/rclcpp/executors.hpp:21[m[K,
[2.990s]                  from [01m[K/opt/ros/humble/include/rclcpp/rclcpp/rclcpp.hpp:155[m[K,
[2.990s]                  from [01m[K/home/ben/SNAKE/SOURCE/ros2/src/nodes_pkg/src/node2.cpp:6[m[K:
[2.991s] [01m[K/home/ben/SNAKE/SOURCE/ros2/src/nodes_pkg/src/node2.cpp:[m[K In member function ‘[01m[Kvoid MinimalPublisher::timer_callback()[m[K’:
[2.991s] [01m[K/home/ben/SNAKE/SOURCE/ros2/src/nodes_pkg/src/node2.cpp:34:39:[m[K [01;35m[Kwarning: [m[Kformat ‘[01m[K%d[m[K’ expects argument of type ‘[01m[Kint[m[K’, but argument 5 has type ‘[01m[Kdouble[m[K’ [[01;35m[K]8;;https://gcc.gnu.org/onlinedocs/gcc/Warning-Options.html#index-Wformat=-Wformat=]8;;[m[K]
[2.991s]    34 |       RCLCPP_INFO(this->get_logger(), [01;35m[K"Publishing: '%d'"[m[K, message.data[0]);
[2.991s]       |                                       [01;35m[K^~~~~~~~~~~~~~~~~~[m[K
[2.991s] [01m[K/home/ben/SNAKE/SOURCE/ros2/src/nodes_pkg/src/node2.cpp:34:54:[m[K [01;36m[Knote: [m[Kformat string is defined here
[2.991s]    34 |       RCLCPP_INFO(this->get_logger(), "Publishing: '[01;36m[K%d[m[K'", message.data[0]);
[2.991s]       |                                                     [01;36m[K~^[m[K
[2.991s]       |                                                      [01;36m[K|[m[K
[2.991s]       |                                                      [01;36m[Kint[m[K
[2.991s]       |                                                     [32m[K%f[m[K
[4.946s] [100%] [32m[1mLinking CXX executable node2[0m
[5.126s] [100%] Built target node2
[5.138s] Invoked command in '/home/ben/SNAKE/SOURCE/ros2/build/nodes_pkg' returned '0': CMAKE_PREFIX_PATH=${CMAKE_PREFIX_PATH}:/opt/ros/humble /usr/bin/cmake --build /home/ben/SNAKE/SOURCE/ros2/build/nodes_pkg -- -j3 -l3
[5.185s] Invoking command in '/home/ben/SNAKE/SOURCE/ros2/build/nodes_pkg': CMAKE_PREFIX_PATH=${CMAKE_PREFIX_PATH}:/opt/ros/humble /usr/bin/cmake --install /home/ben/SNAKE/SOURCE/ros2/build/nodes_pkg
[5.192s] -- Install configuration: ""
[5.192s] -- Up-to-date: /home/ben/SNAKE/SOURCE/ros2/install/nodes_pkg/lib/nodes_pkg/node1
[5.193s] -- Installing: /home/ben/SNAKE/SOURCE/ros2/install/nodes_pkg/lib/nodes_pkg/node2
[5.195s] -- Set runtime path of "/home/ben/SNAKE/SOURCE/ros2/install/nodes_pkg/lib/nodes_pkg/node2" to ""
[5.195s] -- Up-to-date: /home/ben/SNAKE/SOURCE/ros2/install/nodes_pkg/share/ament_index/resource_index/package_run_dependencies/nodes_pkg
[5.195s] -- Installing: /home/ben/SNAKE/SOURCE/ros2/install/nodes_pkg/share/ament_index/resource_index/parent_prefix_path/nodes_pkg
[5.195s] -- Up-to-date: /home/ben/SNAKE/SOURCE/ros2/install/nodes_pkg/share/nodes_pkg/environment/ament_prefix_path.sh
[5.195s] -- Installing: /home/ben/SNAKE/SOURCE/ros2/install/nodes_pkg/share/nodes_pkg/environment/ament_prefix_path.dsv
[5.195s] -- Up-to-date: /home/ben/SNAKE/SOURCE/ros2/install/nodes_pkg/share/nodes_pkg/environment/path.sh
[5.195s] -- Installing: /home/ben/SNAKE/SOURCE/ros2/install/nodes_pkg/share/nodes_pkg/environment/path.dsv
[5.196s] -- Up-to-date: /home/ben/SNAKE/SOURCE/ros2/install/nodes_pkg/share/nodes_pkg/local_setup.bash
[5.196s] -- Up-to-date: /home/ben/SNAKE/SOURCE/ros2/install/nodes_pkg/share/nodes_pkg/local_setup.sh
[5.196s] -- Up-to-date: /home/ben/SNAKE/SOURCE/ros2/install/nodes_pkg/share/nodes_pkg/local_setup.zsh
[5.196s] -- Installing: /home/ben/SNAKE/SOURCE/ros2/install/nodes_pkg/share/nodes_pkg/local_setup.dsv
[5.196s] -- Installing: /home/ben/SNAKE/SOURCE/ros2/install/nodes_pkg/share/nodes_pkg/package.dsv
[5.196s] -- Up-to-date: /home/ben/SNAKE/SOURCE/ros2/install/nodes_pkg/share/ament_index/resource_index/packages/nodes_pkg
[5.196s] -- Up-to-date: /home/ben/SNAKE/SOURCE/ros2/install/nodes_pkg/share/nodes_pkg/cmake/nodes_pkgConfig.cmake
[5.197s] -- Up-to-date: /home/ben/SNAKE/SOURCE/ros2/install/nodes_pkg/share/nodes_pkg/cmake/nodes_pkgConfig-version.cmake
[5.197s] -- Up-to-date: /home/ben/SNAKE/SOURCE/ros2/install/nodes_pkg/share/nodes_pkg/package.xml
[5.198s] Invoked command in '/home/ben/SNAKE/SOURCE/ros2/build/nodes_pkg' returned '0': CMAKE_PREFIX_PATH=${CMAKE_PREFIX_PATH}:/opt/ros/humble /usr/bin/cmake --install /home/ben/SNAKE/SOURCE/ros2/build/nodes_pkg
