[35m[1mConsolidate compiler generated dependencies of target node1[0m
[ 75%] [32mBuilding CXX object CMakeFiles/node1.dir/src/node1.cpp.o[0m
[ 75%] Built target node2
[01m[K/home/ben/SNAKE/SOURCE/ros2/src/nodes_pkg/src/node1.cpp:116:44:[m[K [01;31m[Kerror: [m[Kredeclaration of ‘[01m[Kint Node1::strings_per_joint_[m[K’
  116 |     int controller_freq_,strings_per_joint_[01;31m[K,[m[Kmax_pwm_,enc_z_,enc_y_;
      |                                            [01;31m[K^[m[K
[01m[K/home/ben/SNAKE/SOURCE/ros2/src/nodes_pkg/src/node1.cpp:115:10:[m[K [01;36m[Knote: [m[Kprevious declaration ‘[01m[Kint Node1::strings_per_joint_[m[K’
  115 |     int  [01;36m[Kstrings_per_joint_[m[K=2;
      |          [01;36m[K^~~~~~~~~~~~~~~~~~[m[K
[01m[K/home/ben/SNAKE/SOURCE/ros2/src/nodes_pkg/src/node1.cpp:117:25:[m[K [01;31m[Kerror: [m[Kinvalid use of non-static data member ‘[01m[KNode1::enc_per_joint_[m[K’
  117 |     float joint_cmd_val[[01;31m[Kenc_per_joint_[m[K*linked_joints_]={0}; // [joint*enc_linked] ******* positive val in the direction of pulling the string
      |                         [01;31m[K^~~~~~~~~~~~~~[m[K
[01m[K/home/ben/SNAKE/SOURCE/ros2/src/nodes_pkg/src/node1.cpp:113:10:[m[K [01;36m[Knote: [m[Kdeclared here
  113 |     int  [01;36m[Kenc_per_joint_[m[K=2;
      |          [01;36m[K^~~~~~~~~~~~~~[m[K
[01m[K/home/ben/SNAKE/SOURCE/ros2/src/nodes_pkg/src/node1.cpp:117:40:[m[K [01;31m[Kerror: [m[Kinvalid use of non-static data member ‘[01m[KNode1::linked_joints_[m[K’
  117 |     float joint_cmd_val[enc_per_joint_*[01;31m[Klinked_joints_[m[K]={0}; // [joint*enc_linked] ******* positive val in the direction of pulling the string
      |                                        [01;31m[K^~~~~~~~~~~~~~[m[K
[01m[K/home/ben/SNAKE/SOURCE/ros2/src/nodes_pkg/src/node1.cpp:114:10:[m[K [01;36m[Knote: [m[Kdeclared here
  114 |     int  [01;36m[Klinked_joints_[m[K=2;
      |          [01;36m[K^~~~~~~~~~~~~~[m[K
[01m[K/home/ben/SNAKE/SOURCE/ros2/src/nodes_pkg/src/node1.cpp:118:27:[m[K [01;31m[Kerror: [m[Kinvalid use of non-static data member ‘[01m[KNode1::enc_per_joint_[m[K’
  118 |     float current_enc_val[[01;31m[Kenc_per_joint_[m[K*linked_joints_]={0};
      |                           [01;31m[K^~~~~~~~~~~~~~[m[K
[01m[K/home/ben/SNAKE/SOURCE/ros2/src/nodes_pkg/src/node1.cpp:113:10:[m[K [01;36m[Knote: [m[Kdeclared here
  113 |     int  [01;36m[Kenc_per_joint_[m[K=2;
      |          [01;36m[K^~~~~~~~~~~~~~[m[K
[01m[K/home/ben/SNAKE/SOURCE/ros2/src/nodes_pkg/src/node1.cpp:118:42:[m[K [01;31m[Kerror: [m[Kinvalid use of non-static data member ‘[01m[KNode1::linked_joints_[m[K’
  118 |     float current_enc_val[enc_per_joint_*[01;31m[Klinked_joints_[m[K]={0};
      |                                          [01;31m[K^~~~~~~~~~~~~~[m[K
[01m[K/home/ben/SNAKE/SOURCE/ros2/src/nodes_pkg/src/node1.cpp:114:10:[m[K [01;36m[Knote: [m[Kdeclared here
  114 |     int  [01;36m[Klinked_joints_[m[K=2;
      |          [01;36m[K^~~~~~~~~~~~~~[m[K
[01m[K/home/ben/SNAKE/SOURCE/ros2/src/nodes_pkg/src/node1.cpp:119:24:[m[K [01;31m[Kerror: [m[Kinvalid use of non-static data member ‘[01m[KNode1::enc_per_joint_[m[K’
  119 |     float last_enc_val[[01;31m[Kenc_per_joint_[m[K*linked_joints_]={0};
      |                        [01;31m[K^~~~~~~~~~~~~~[m[K
[01m[K/home/ben/SNAKE/SOURCE/ros2/src/nodes_pkg/src/node1.cpp:113:10:[m[K [01;36m[Knote: [m[Kdeclared here
  113 |     int  [01;36m[Kenc_per_joint_[m[K=2;
      |          [01;36m[K^~~~~~~~~~~~~~[m[K
[01m[K/home/ben/SNAKE/SOURCE/ros2/src/nodes_pkg/src/node1.cpp:119:39:[m[K [01;31m[Kerror: [m[Kinvalid use of non-static data member ‘[01m[KNode1::linked_joints_[m[K’
  119 |     float last_enc_val[enc_per_joint_*[01;31m[Klinked_joints_[m[K]={0};
      |                                       [01;31m[K^~~~~~~~~~~~~~[m[K
[01m[K/home/ben/SNAKE/SOURCE/ros2/src/nodes_pkg/src/node1.cpp:114:10:[m[K [01;36m[Knote: [m[Kdeclared here
  114 |     int  [01;36m[Klinked_joints_[m[K=2;
      |          [01;36m[K^~~~~~~~~~~~~~[m[K
[01m[K/home/ben/SNAKE/SOURCE/ros2/src/nodes_pkg/src/node1.cpp:120:31:[m[K [01;31m[Kerror: [m[Kinvalid use of non-static data member ‘[01m[KNode1::strings_per_joint_[m[K’
  120 |     float current_tension_val[[01;31m[Kstrings_per_joint_[m[K*(linked_joints_+1)]={0}; // adding 1 for now need to be corrected
      |                               [01;31m[K^~~~~~~~~~~~~~~~~~[m[K
[01m[K/home/ben/SNAKE/SOURCE/ros2/src/nodes_pkg/src/node1.cpp:115:10:[m[K [01;36m[Knote: [m[Kdeclared here
  115 |     int  [01;36m[Kstrings_per_joint_[m[K=2;
      |          [01;36m[K^~~~~~~~~~~~~~~~~~[m[K
[01m[K/home/ben/SNAKE/SOURCE/ros2/src/nodes_pkg/src/node1.cpp:120:51:[m[K [01;31m[Kerror: [m[Kinvalid use of non-static data member ‘[01m[KNode1::linked_joints_[m[K’
  120 |     float current_tension_val[strings_per_joint_*([01;31m[Klinked_joints_[m[K+1)]={0}; // adding 1 for now need to be corrected
      |                                                   [01;31m[K^~~~~~~~~~~~~~[m[K
[01m[K/home/ben/SNAKE/SOURCE/ros2/src/nodes_pkg/src/node1.cpp:114:10:[m[K [01;36m[Knote: [m[Kdeclared here
  114 |     int  [01;36m[Klinked_joints_[m[K=2;
      |          [01;36m[K^~~~~~~~~~~~~~[m[K
[01m[K/home/ben/SNAKE/SOURCE/ros2/src/nodes_pkg/src/node1.cpp:121:28:[m[K [01;31m[Kerror: [m[Kinvalid use of non-static data member ‘[01m[KNode1::strings_per_joint_[m[K’
  121 |     float last_tension_val[[01;31m[Kstrings_per_joint_[m[K*(linked_joints_+1)]={0};// adding 1 for now need to be corrected
      |                            [01;31m[K^~~~~~~~~~~~~~~~~~[m[K
[01m[K/home/ben/SNAKE/SOURCE/ros2/src/nodes_pkg/src/node1.cpp:115:10:[m[K [01;36m[Knote: [m[Kdeclared here
  115 |     int  [01;36m[Kstrings_per_joint_[m[K=2;
      |          [01;36m[K^~~~~~~~~~~~~~~~~~[m[K
[01m[K/home/ben/SNAKE/SOURCE/ros2/src/nodes_pkg/src/node1.cpp:121:48:[m[K [01;31m[Kerror: [m[Kinvalid use of non-static data member ‘[01m[KNode1::linked_joints_[m[K’
  121 |     float last_tension_val[strings_per_joint_*([01;31m[Klinked_joints_[m[K+1)]={0};// adding 1 for now need to be corrected
      |                                                [01;31m[K^~~~~~~~~~~~~~[m[K
[01m[K/home/ben/SNAKE/SOURCE/ros2/src/nodes_pkg/src/node1.cpp:114:10:[m[K [01;36m[Knote: [m[Kdeclared here
  114 |     int  [01;36m[Klinked_joints_[m[K=2;
      |          [01;36m[K^~~~~~~~~~~~~~[m[K
[01m[K/home/ben/SNAKE/SOURCE/ros2/src/nodes_pkg/src/node1.cpp:122:25:[m[K [01;31m[Kerror: [m[Kinvalid use of non-static data member ‘[01m[KNode1::strings_per_joint_[m[K’
  122 |     float motor_cmd_val[[01;31m[Kstrings_per_joint_[m[K*(linked_joints_+1)]={0};// adding 1 for now need to be corrected
      |                         [01;31m[K^~~~~~~~~~~~~~~~~~[m[K
[01m[K/home/ben/SNAKE/SOURCE/ros2/src/nodes_pkg/src/node1.cpp:115:10:[m[K [01;36m[Knote: [m[Kdeclared here
  115 |     int  [01;36m[Kstrings_per_joint_[m[K=2;
      |          [01;36m[K^~~~~~~~~~~~~~~~~~[m[K
[01m[K/home/ben/SNAKE/SOURCE/ros2/src/nodes_pkg/src/node1.cpp:122:45:[m[K [01;31m[Kerror: [m[Kinvalid use of non-static data member ‘[01m[KNode1::linked_joints_[m[K’
  122 |     float motor_cmd_val[strings_per_joint_*([01;31m[Klinked_joints_[m[K+1)]={0};// adding 1 for now need to be corrected
      |                                             [01;31m[K^~~~~~~~~~~~~~[m[K
[01m[K/home/ben/SNAKE/SOURCE/ros2/src/nodes_pkg/src/node1.cpp:114:10:[m[K [01;36m[Knote: [m[Kdeclared here
  114 |     int  [01;36m[Klinked_joints_[m[K=2;
      |          [01;36m[K^~~~~~~~~~~~~~[m[K
[01m[K/home/ben/SNAKE/SOURCE/ros2/src/nodes_pkg/src/node1.cpp:[m[K In member function ‘[01m[Kvoid Node1::joint_val_callback(std_msgs::msg::Float32MultiArray)[m[K’:
[01m[K/home/ben/SNAKE/SOURCE/ros2/src/nodes_pkg/src/node1.cpp:47:9:[m[K [01;31m[Kerror: [m[K‘[01m[Kcurrent_enc_val[m[K’ was not declared in this scope
   47 |         [01;31m[Kcurrent_enc_val[m[K[i]=msg.data[i];
      |         [01;31m[K^~~~~~~~~~~~~~~[m[K
[01m[K/home/ben/SNAKE/SOURCE/ros2/src/nodes_pkg/src/node1.cpp:[m[K In member function ‘[01m[Kvoid Node1::joint_cmd_callback(std_msgs::msg::Float32MultiArray)[m[K’:
[01m[K/home/ben/SNAKE/SOURCE/ros2/src/nodes_pkg/src/node1.cpp:54:9:[m[K [01;31m[Kerror: [m[K‘[01m[Kjoint_cmd_val[m[K’ was not declared in this scope; did you mean ‘[01m[Kjoint_cmd_callback[m[K’?
   54 |         [01;31m[Kjoint_cmd_val[m[K[i]=msg.data[i];
      |         [01;31m[K^~~~~~~~~~~~~[m[K
      |         [32m[Kjoint_cmd_callback[m[K
[01m[K/home/ben/SNAKE/SOURCE/ros2/src/nodes_pkg/src/node1.cpp:[m[K In member function ‘[01m[Kvoid Node1::tension_val_callback(std_msgs::msg::Float32MultiArray)[m[K’:
[01m[K/home/ben/SNAKE/SOURCE/ros2/src/nodes_pkg/src/node1.cpp:78:9:[m[K [01;31m[Kerror: [m[K‘[01m[Kcurrent_tension_val[m[K’ was not declared in this scope
   78 |         [01;31m[Kcurrent_tension_val[m[K[i]=msg.data[i];
      |         [01;31m[K^~~~~~~~~~~~~~~~~~~[m[K
gmake[2]: *** [CMakeFiles/node1.dir/build.make:76: CMakeFiles/node1.dir/src/node1.cpp.o] Error 1
gmake[1]: *** [CMakeFiles/Makefile2:139: CMakeFiles/node1.dir/all] Error 2
gmake: *** [Makefile:146: all] Error 2
